0:00:00.241	TRACE	src/sensors/adc.c:52:	Succesfully initialized ADC (empty function)

0:00:00.299	TRACE	src/sensors/bme.c:81:	Successfully initialized BME!

0:00:00.364	TRACE	src/sensors/gps.c:138:	Successfully initialized GPS Serial Driver!

0:00:00.386	TRACE	src/sensors/imu.c:33:	Successfully intialized IMU.

0:00:00.414	TRACE	src/sensors/ltr.c:29:	Succesfully initialized LTR.

0:00:00.431	TRACE	src/sensors/therm.c:35:	Successfully initialized therm sensor with ID 0!

0:00:00.454	TRACE	src/sensors/therm.c:35:	Successfully initialized therm sensor with ID 1!

0:00:00.661	WARN 	src/pi2c.c:44:	I2C Message Reset on address 0x3C

0:00:00.778	TRACE	src/sensors/gps.c:115:	Succesfully updated GPS data dd:0 mm:0 yyyy:0 time:122213.000000000 lat:0.000000000degN lon:0.000000000degE alt:0.000000000 fix:0 sat:0 dil:0.000000000 ms:778 err:0

0:00:01.029	TRACE	src/sensors/gps.c:115:	Succesfully updated GPS data dd:28 mm:6 yyyy:2006 time:122213.000000000 lat:0.000000000degN lon:0.000000000degE alt:0.000000000 fix:0 sat:0 dil:0.000000000 ms:778 err:0

0:00:01.777	TRACE	src/sensors/gps.c:115:	Succesfully updated GPS data dd:28 mm:6 yyyy:2006 time:122214.000000000 lat:0.000000000degN lon:0.000000000degE alt:0.000000000 fix:0 sat:0 dil:0.000000000 ms:1777 err:0

0:00:01.830	INFO 	src/main.c:45:	Initialized with err 0.

0:00:01.895	TRACE	src/sensors/adc.c:95:	Successfully retrieved ADC data vbat:4809 therm:1877 err:0

0:00:02.029	TRACE	src/sensors/gps.c:115:	Succesfully updated GPS data dd:28 mm:6 yyyy:2006 time:122214.000000000 lat:0.000000000degN lon:0.000000000degE alt:0.000000000 fix:0 sat:0 dil:0.000000000 ms:1777 err:0

0:00:02.083	TRACE	src/sensors/bme.c:224:	Succesfully read BME data therm:2360 press:997081 hum:47 alt:237 err:0

0:00:02.124	TRACE	src/sensors/imu.c:96:	Succesfully read IMU data ax:-0.025146484 ay:0.063476562 az:0.998779296 gx:13.923664093 gy:-0.664122164 gz:0.175572514 therm:26.448228836 err:0

0:00:02.176	TRACE	src/sensors/ltr.c:54:	Succesfully read LTR data ch0:1108 ch1:577 err:0

0:00:02.204	TRACE	src/sensors/therm.c:99:	Succesfully read therm data therm0:2106 therm1:2142 err:0

0:00:02.230 DATA:

	vbat:4809 therm:1877 err:0

	therm:2360 press:997081 hum:47 alt:237 err:0

	dd:28 mm:6 yyyy:2006 time:122214.000000 lat:0.000000degN lon:0.000000degE alt:0.000000 fix:0 sat:0 dil:0.000000 ms:1777 err:0

	ax:-0.025146 ay:0.063477 az:0.998779 gx:13.923664 gy:-0.664122 gz:0.175573 therm:26.448229 err:0

	ch0:1108 ch1:577 err:0

	therm0:2106 therm1:2142 err:0

