0:00:00.222	TRACE	src/sensors/adc.c:52:	Succesfully initialized ADC (empty function)

0:00:00.280	TRACE	src/sensors/bme.c:81:	Successfully initialized BME!

0:00:00.346	TRACE	src/sensors/gps.c:138:	Successfully initialized GPS Serial Driver!

0:00:00.367	TRACE	src/sensors/imu.c:33:	Successfully intialized IMU.

0:00:00.396	TRACE	src/sensors/ltr.c:29:	Succesfully initialized LTR.

0:00:00.413	TRACE	src/sensors/therm.c:35:	Successfully initialized therm sensor with ID 0!

0:00:00.437	TRACE	src/sensors/therm.c:35:	Successfully initialized therm sensor with ID 1!

0:00:00.553	INFO 	src/main.c:41:	Initialized with err 0.

0:00:00.616	TRACE	src/sensors/adc.c:95:	Successfully retrieved ADC data vbat:4850 therm:1587 err:0

0:00:00.758	TRACE	src/sensors/bme.c:224:	Succesfully read BME data therm:2161 press:997214 hum:55 alt:125 err:0

0:00:00.798	TRACE	src/sensors/imu.c:96:	Succesfully read IMU data ax:-0.031005859 ay:0.100341796 az:1.001220703 gx:9.160305023 gy:-0.664122164 gz:-0.007633587 therm:24.531314849 err:0

0:00:00.850	TRACE	src/sensors/ltr.c:54:	Succesfully read LTR data ch0:1097 ch1:584 err:0

0:00:00.880	TRACE	src/sensors/therm.c:99:	Succesfully read therm data therm0:1938 therm1:1950 err:0

0:00:00.904	TRACE	src/sensors/gps.c:115:	Succesfully updated GPS data dd:0 mm:0 yyyy:0 time:120124.000000000 lat:0.000000000degN lon:0.000000000degE alt:0.000000000 fix:0 sat:0 dil:0.000000000 ms:891 err:0

0:00:00.958 DATA:

	vbat:4850 therm:1587 err:0

	therm:2161 press:997214 hum:55 alt:125 err:0

	dd:0 mm:0 yyyy:0 time:0.000000 lat:0.000000deg0 lon:0.000000deg0 alt:0.000000 fix:0 sat:0 dil:0.000000 ms:0 err:0

	ax:-0.031006 ay:0.100342 az:1.001221 gx:9.160305 gy:-0.664122 gz:-0.007634 therm:24.531315 err:0

	ch0:1097 ch1:584 err:0

	therm0:1938 therm1:1950 err:0

0:00:01.142	TRACE	src/sensors/gps.c:115:	Succesfully updated GPS data dd:28 mm:6 yyyy:2006 time:120124.000000000 lat:0.000000000degN lon:0.000000000degE alt:0.000000000 fix:0 sat:0 dil:0.000000000 ms:891 err:0

0:00:01.891	TRACE	src/sensors/gps.c:115:	Succesfully updated GPS data dd:28 mm:6 yyyy:2006 time:120125.000000000 lat:0.000000000degN lon:0.000000000degE alt:0.000000000 fix:0 sat:0 dil:0.000000000 ms:1891 err:0

0:00:02.055	TRACE	src/main.c:49:	Reset watchdog.

0:00:02.116	TRACE	src/sensors/adc.c:95:	Successfully retrieved ADC data vbat:4833 therm:1845 err:0

0:00:02.142	TRACE	src/sensors/gps.c:115:	Succesfully updated GPS data dd:28 mm:6 yyyy:2006 time:120125.000000000 lat:0.000000000degN lon:0.000000000degE alt:0.000000000 fix:0 sat:0 dil:0.000000000 ms:1891 err:0

0:00:02.258	TRACE	src/sensors/bme.c:224:	Succesfully read BME data therm:2163 press:997213 hum:55 alt:126 err:0

0:00:02.298	TRACE	src/sensors/imu.c:96:	Succesfully read IMU data ax:-0.031982421 ay:0.098876953 az:1.010253906 gx:9.404580116 gy:-0.396946579 gz:0.129770994 therm:24.531314849 err:0

0:00:02.349	TRACE	src/sensors/ltr.c:54:	Succesfully read LTR data ch0:1098 ch1:582 err:0

0:00:02.377	TRACE	src/sensors/therm.c:99:	Succesfully read therm data therm0:1944 therm1:1950 err:0

0:00:02.402 DATA:

	vbat:4833 therm:1845 err:0

	therm:2163 press:997213 hum:55 alt:126 err:0

	dd:28 mm:6 yyyy:2006 time:120125.000000 lat:0.000000degN lon:0.000000degE alt:0.000000 fix:0 sat:0 dil:0.000000 ms:1891 err:0

	ax:-0.031982 ay:0.098877 az:1.010254 gx:9.404580 gy:-0.396947 gz:0.129771 therm:24.531315 err:0

	ch0:1098 ch1:582 err:0

	therm0:1944 therm1:1950 err:0

0:00:02.892	TRACE	src/sensors/gps.c:115:	Succesfully updated GPS data dd:28 mm:6 yyyy:2006 time:120126.000000000 lat:0.000000000degN lon:0.000000000degE alt:0.000000000 fix:0 sat:0 dil:0.000000000 ms:2892 err:0

0:00:03.143	TRACE	src/sensors/gps.c:115:	Succesfully updated GPS data dd:28 mm:6 yyyy:2006 time:120126.000000000 lat:0.000000000degN lon:0.000000000degE alt:0.000000000 fix:0 sat:0 dil:0.000000000 ms:2892 err:0

0:00:03.502	TRACE	src/main.c:49:	Reset watchdog.

0:00:03.562	TRACE	src/sensors/adc.c:95:	Successfully retrieved ADC data vbat:4850 therm:1909 err:0

0:00:03.704	TRACE	src/sensors/bme.c:224:	Succesfully read BME data therm:2165 press:997228 hum:55 alt:113 err:0

0:00:03.746	TRACE	src/sensors/imu.c:96:	Succesfully read IMU data ax:-0.033691406 ay:0.098632812 az:1.006347656 gx:9.893129348 gy:-0.458015263 gz:-0.061068702 therm:24.723005294 err:0

0:00:03.796	TRACE	src/sensors/ltr.c:54:	Succesfully read LTR data ch0:1097 ch1:584 err:0

0:00:03.823	TRACE	src/sensors/therm.c:99:	Succesfully read therm data therm0:1944 therm1:1956 err:0

0:00:03.847 DATA:

	vbat:4850 therm:1909 err:0

	therm:2165 press:997228 hum:55 alt:113 err:0

	dd:28 mm:6 yyyy:2006 time:120126.000000 lat:0.000000degN lon:0.000000degE alt:0.000000 fix:0 sat:0 dil:0.000000 ms:2892 err:0

	ax:-0.033691 ay:0.098633 az:1.006348 gx:9.893129 gy:-0.458015 gz:-0.061069 therm:24.723005 err:0

	ch0:1097 ch1:584 err:0

	therm0:1944 therm1:1956 err:0

0:00:03.947	TRACE	src/sensors/gps.c:115:	Succesfully updated GPS data dd:28 mm:6 yyyy:2006 time:120127.000000000 lat:0.000000000degN lon:0.000000000degE alt:0.000000000 fix:0 sat:0 dil:0.000000000 ms:3892 err:0

0:00:04.143	TRACE	src/sensors/gps.c:115:	Succesfully updated GPS data dd:28 mm:6 yyyy:2006 time:120127.000000000 lat:0.000000000degN lon:0.000000000degE alt:0.000000000 fix:0 sat:0 dil:0.000000000 ms:3892 err:0

0:00:04.892	TRACE	src/sensors/gps.c:115:	Succesfully updated GPS data dd:28 mm:6 yyyy:2006 time:120128.000000000 lat:0.000000000degN lon:0.000000000degE alt:0.000000000 fix:0 sat:0 dil:0.000000000 ms:4892 err:0

0:00:04.947	TRACE	src/main.c:49:	Reset watchdog.

0:00:05.008	TRACE	src/sensors/adc.c:95:	Successfully retrieved ADC data vbat:4850 therm:1909 err:0

0:00:05.144	TRACE	src/sensors/gps.c:115:	Succesfully updated GPS data dd:28 mm:6 yyyy:2006 time:120128.000000000 lat:0.000000000degN lon:0.000000000degE alt:0.000000000 fix:0 sat:0 dil:0.000000000 ms:4892 err:0

0:00:05.196	TRACE	src/sensors/bme.c:224:	Succesfully read BME data therm:2166 press:997221 hum:55 alt:119 err:0

0:00:05.239	TRACE	src/sensors/imu.c:96:	Succesfully read IMU data ax:-0.032714843 ay:0.097656250 az:1.003906250 gx:9.648855209 gy:-0.274809151 gz:0.236641228 therm:24.866775512 err:0

0:00:05.292	TRACE	src/sensors/ltr.c:54:	Succesfully read LTR data ch0:1102 ch1:583 err:0

0:00:05.320	TRACE	src/sensors/therm.c:99:	Succesfully read therm data therm0:1944 therm1:1956 err:0

0:00:05.345 DATA:

	vbat:4850 therm:1909 err:0

	therm:2166 press:997221 hum:55 alt:119 err:0

	dd:28 mm:6 yyyy:2006 time:120128.000000 lat:0.000000degN lon:0.000000degE alt:0.000000 fix:0 sat:0 dil:0.000000 ms:4892 err:0

	ax:-0.032715 ay:0.097656 az:1.003906 gx:9.648855 gy:-0.274809 gz:0.236641 therm:24.866776 err:0

	ch0:1102 ch1:583 err:0

	therm0:1944 therm1:1956 err:0

0:00:05.892	TRACE	src/sensors/gps.c:115:	Succesfully updated GPS data dd:28 mm:6 yyyy:2006 time:120129.000000000 lat:0.000000000degN lon:0.000000000degE alt:0.000000000 fix:0 sat:0 dil:0.000000000 ms:5892 err:0

0:00:06.143	TRACE	src/sensors/gps.c:115:	Succesfully updated GPS data dd:28 mm:6 yyyy:2006 time:120129.000000000 lat:0.000000000degN lon:0.000000000degE alt:0.000000000 fix:0 sat:0 dil:0.000000000 ms:5892 err:0

0:00:06.445	TRACE	src/main.c:49:	Reset watchdog.

0:00:06.505	TRACE	src/sensors/adc.c:95:	Successfully retrieved ADC data vbat:4850 therm:1909 err:0

0:00:06.647	TRACE	src/sensors/bme.c:224:	Succesfully read BME data therm:2167 press:997232 hum:55 alt:110 err:0

0:00:06.688	TRACE	src/sensors/imu.c:96:	Succesfully read IMU data ax:-0.031005859 ay:0.098144531 az:1.003173828 gx:9.648855209 gy:-0.374045789 gz:0.083969466 therm:24.531314849 err:0

0:00:06.739	TRACE	src/sensors/ltr.c:54:	Succesfully read LTR data ch0:1099 ch1:581 err:0

0:00:06.768	TRACE	src/sensors/therm.c:99:	Succesfully read therm data therm0:1950 therm1:1956 err:0

0:00:06.792 DATA:

	vbat:4850 therm:1909 err:0

	therm:2167 press:997232 hum:55 alt:110 err:0

	dd:28 mm:6 yyyy:2006 time:120129.000000 lat:0.000000degN lon:0.000000degE alt:0.000000 fix:0 sat:0 dil:0.000000 ms:5892 err:0

	ax:-0.031006 ay:0.098145 az:1.003174 gx:9.648855 gy:-0.374046 gz:0.083969 therm:24.531315 err:0

	ch0:1099 ch1:581 err:0

	therm0:1950 therm1:1956 err:0

0:00:06.893	TRACE	src/sensors/gps.c:115:	Succesfully updated GPS data dd:28 mm:6 yyyy:2006 time:120130.000000000 lat:0.000000000degN lon:0.000000000degE alt:0.000000000 fix:0 sat:0 dil:0.000000000 ms:6893 err:0

0:00:07.144	TRACE	src/sensors/gps.c:115:	Succesfully updated GPS data dd:28 mm:6 yyyy:2006 time:120130.000000000 lat:0.000000000degN lon:0.000000000degE alt:0.000000000 fix:0 sat:0 dil:0.000000000 ms:6893 err:0

0:00:07.890	TRACE	src/main.c:49:	Reset watchdog.

0:00:07.901	TRACE	src/sensors/gps.c:115:	Succesfully updated GPS data dd:28 mm:6 yyyy:2006 time:120131.000000000 lat:0.000000000degN lon:0.000000000degE alt:0.000000000 fix:0 sat:0 dil:0.000000000 ms:7892 err:0

0:00:07.957	TRACE	src/sensors/adc.c:95:	Successfully retrieved ADC data vbat:4817 therm:1941 err:0

0:00:08.101	TRACE	src/sensors/bme.c:224:	Succesfully read BME data therm:2167 press:997208 hum:56 alt:130 err:0

0:00:08.141	TRACE	src/sensors/imu.c:96:	Succesfully read IMU data ax:-0.032470703 ay:0.101074218 az:1.006347656 gx:9.160305023 gy:-0.809160292 gz:0.259541988 therm:24.627161026 err:0

0:00:08.189	TRACE	src/sensors/gps.c:115:	Succesfully updated GPS data dd:28 mm:6 yyyy:2006 time:120131.000000000 lat:0.000000000degN lon:0.000000000degE alt:0.000000000 fix:0 sat:0 dil:0.000000000 ms:7892 err:0

0:00:08.242	TRACE	src/sensors/ltr.c:54:	Succesfully read LTR data ch0:1095 ch1:583 err:0

0:00:08.272	TRACE	src/sensors/therm.c:99:	Succesfully read therm data therm0:1950 therm1:1956 err:0

0:00:08.296 DATA:

	vbat:4817 therm:1941 err:0

	therm:2167 press:997208 hum:56 alt:130 err:0

	dd:28 mm:6 yyyy:2006 time:120131.000000 lat:0.000000degN lon:0.000000degE alt:0.000000 fix:0 sat:0 dil:0.000000 ms:7892 err:0

	ax:-0.032471 ay:0.101074 az:1.006348 gx:9.160305 gy:-0.809160 gz:0.259542 therm:24.627161 err:0

	ch0:1095 ch1:583 err:0

	therm0:1950 therm1:1956 err:0

0:00:08.892	TRACE	src/sensors/gps.c:115:	Succesfully updated GPS data dd:28 mm:6 yyyy:2006 time:120132.000000000 lat:0.000000000degN lon:0.000000000degE alt:0.000000000 fix:0 sat:0 dil:0.000000000 ms:8892 err:0

0:00:09.144	TRACE	src/sensors/gps.c:115:	Succesfully updated GPS data dd:28 mm:6 yyyy:2006 time:120132.000000000 lat:0.000000000degN lon:0.000000000degE alt:0.000000000 fix:0 sat:0 dil:0.000000000 ms:8892 err:0

0:00:09.397	TRACE	src/main.c:49:	Reset watchdog.

0:00:09.457	TRACE	src/sensors/adc.c:95:	Successfully retrieved ADC data vbat:4842 therm:1974 err:0

0:00:09.599	TRACE	src/sensors/bme.c:224:	Succesfully read BME data therm:2167 press:997204 hum:56 alt:133 err:0

0:00:09.640	TRACE	src/sensors/imu.c:96:	Succesfully read IMU data ax:-0.028564453 ay:0.100341796 az:0.992919921 gx:9.526717185 gy:-0.404580146 gz:-0.015267175 therm:24.627161026 err:0

0:00:09.693	TRACE	src/sensors/ltr.c:54:	Succesfully read LTR data ch0:1099 ch1:584 err:0

0:00:09.721	TRACE	src/sensors/therm.c:99:	Succesfully read therm data therm0:1956 therm1:1956 err:0

0:00:09.745 DATA:

	vbat:4842 therm:1974 err:0

	therm:2167 press:997204 hum:56 alt:133 err:0

	dd:28 mm:6 yyyy:2006 time:120132.000000 lat:0.000000degN lon:0.000000degE alt:0.000000 fix:0 sat:0 dil:0.000000 ms:8892 err:0

	ax:-0.028564 ay:0.100342 az:0.992920 gx:9.526717 gy:-0.404580 gz:-0.015267 therm:24.627161 err:0

	ch0:1099 ch1:584 err:0

	therm0:1956 therm1:1956 err:0

0:00:09.892	TRACE	src/sensors/gps.c:115:	Succesfully updated GPS data dd:28 mm:6 yyyy:2006 time:120133.000000000 lat:0.000000000degN lon:0.000000000degE alt:0.000000000 fix:0 sat:0 dil:0.000000000 ms:9892 err:0

0:00:10.143	TRACE	src/sensors/gps.c:115:	Succesfully updated GPS data dd:28 mm:6 yyyy:2006 time:120133.000000000 lat:0.000000000degN lon:0.000000000degE alt:0.000000000 fix:0 sat:0 dil:0.000000000 ms:9892 err:0

0:00:10.846	TRACE	src/main.c:49:	Reset watchdog.

0:00:10.892	TRACE	src/sensors/gps.c:115:	Succesfully updated GPS data dd:28 mm:6 yyyy:2006 time:120134.000000000 lat:0.000000000degN lon:0.000000000degE alt:0.000000000 fix:0 sat:0 dil:0.000000000 ms:10892 err:0

0:00:10.945	TRACE	src/sensors/adc.c:95:	Successfully retrieved ADC data vbat:4842 therm:1974 err:0

0:00:11.090	TRACE	src/sensors/bme.c:224:	Succesfully read BME data therm:2169 press:997225 hum:56 alt:116 err:0

0:00:11.130	TRACE	src/sensors/imu.c:96:	Succesfully read IMU data ax:-0.031982421 ay:0.098632812 az:1.004882812 gx:9.648855209 gy:-0.694656491 gz:0.022900763 therm:24.818851470 err:0

0:00:11.176	TRACE	src/sensors/gps.c:115:	Succesfully updated GPS data dd:28 mm:6 yyyy:2006 time:120134.000000000 lat:0.000000000degN lon:0.000000000degE alt:0.000000000 fix:0 sat:0 dil:0.000000000 ms:10892 err:0

0:00:11.231	TRACE	src/sensors/ltr.c:54:	Succesfully read LTR data ch0:1101 ch1:581 err:0

0:00:11.264	TRACE	src/sensors/therm.c:99:	Succesfully read therm data therm0:1956 therm1:1956 err:0

0:00:11.288 DATA:

	vbat:4842 therm:1974 err:0

	therm:2169 press:997225 hum:56 alt:116 err:0

	dd:28 mm:6 yyyy:2006 time:120134.000000 lat:0.000000degN lon:0.000000degE alt:0.000000 fix:0 sat:0 dil:0.000000 ms:10892 err:0

	ax:-0.031982 ay:0.098633 az:1.004883 gx:9.648855 gy:-0.694656 gz:0.022901 therm:24.818851 err:0

	ch0:1101 ch1:581 err:0

	therm0:1956 therm1:1956 err:0

0:00:11.892	TRACE	src/sensors/gps.c:115:	Succesfully updated GPS data dd:28 mm:6 yyyy:2006 time:120135.000000000 lat:0.000000000degN lon:0.000000000degE alt:0.000000000 fix:0 sat:0 dil:0.000000000 ms:11892 err:0

0:00:12.143	TRACE	src/sensors/gps.c:115:	Succesfully updated GPS data dd:28 mm:6 yyyy:2006 time:120135.000000000 lat:0.000000000degN lon:0.000000000degE alt:0.000000000 fix:0 sat:0 dil:0.000000000 ms:11892 err:0

0:00:12.388	TRACE	src/main.c:49:	Reset watchdog.

0:00:12.451	TRACE	src/sensors/adc.c:95:	Successfully retrieved ADC data vbat:4866 therm:2006 err:0

0:00:12.593	TRACE	src/sensors/bme.c:224:	Succesfully read BME data therm:2170 press:997208 hum:56 alt:130 err:0

0:00:12.633	TRACE	src/sensors/imu.c:96:	Succesfully read IMU data ax:-0.032958984 ay:0.098876953 az:1.002685546 gx:9.648855209 gy:-0.572519063 gz:0.152671754 therm:24.675083160 err:0

0:00:12.684	TRACE	src/sensors/ltr.c:54:	Succesfully read LTR data ch0:1095 ch1:581 err:0

0:00:12.712	TRACE	src/sensors/therm.c:99:	Succesfully read therm data therm0:1956 therm1:1962 err:0

0:00:12.739 DATA:

	vbat:4866 therm:2006 err:0

	therm:2170 press:997208 hum:56 alt:130 err:0

	dd:28 mm:6 yyyy:2006 time:120135.000000 lat:0.000000degN lon:0.000000degE alt:0.000000 fix:0 sat:0 dil:0.000000 ms:11892 err:0

	ax:-0.032959 ay:0.098877 az:1.002686 gx:9.648855 gy:-0.572519 gz:0.152672 therm:24.675083 err:0

	ch0:1095 ch1:581 err:0

	therm0:1956 therm1:1962 err:0

0:00:12.892	TRACE	src/sensors/gps.c:115:	Succesfully updated GPS data dd:28 mm:6 yyyy:2006 time:120136.000000000 lat:0.000000000degN lon:0.000000000degE alt:0.000000000 fix:0 sat:0 dil:0.000000000 ms:12892 err:0

0:00:13.143	TRACE	src/sensors/gps.c:115:	Succesfully updated GPS data dd:28 mm:6 yyyy:2006 time:120136.000000000 lat:0.000000000degN lon:0.000000000degE alt:0.000000000 fix:0 sat:0 dil:0.000000000 ms:12892 err:0

0:00:13.835	TRACE	src/main.c:49:	Reset watchdog.

0:00:13.892	TRACE	src/sensors/gps.c:115:	Succesfully updated GPS data dd:28 mm:6 yyyy:2006 time:120137.000000000 lat:0.000000000degN lon:0.000000000degE alt:0.000000000 fix:0 sat:0 dil:0.000000000 ms:13892 err:0

0:00:13.947	TRACE	src/sensors/adc.c:95:	Successfully retrieved ADC data vbat:4833 therm:1974 err:0

0:00:14.089	TRACE	src/sensors/bme.c:224:	Succesfully read BME data therm:2172 press:997215 hum:56 alt:124 err:0

0:00:14.130	TRACE	src/sensors/imu.c:96:	Succesfully read IMU data ax:-0.030029296 ay:0.100097656 az:1.009765625 gx:9.648855209 gy:-0.465648859 gz:0.076335877 therm:24.818851470 err:0

0:00:14.177	TRACE	src/sensors/gps.c:115:	Succesfully updated GPS data dd:28 mm:6 yyyy:2006 time:120137.000000000 lat:0.000000000degN lon:0.000000000degE alt:0.000000000 fix:0 sat:0 dil:0.000000000 ms:13892 err:0

0:00:14.231	TRACE	src/sensors/ltr.c:54:	Succesfully read LTR data ch0:1096 ch1:584 err:0

0:00:14.261	TRACE	src/sensors/therm.c:99:	Succesfully read therm data therm0:1956 therm1:1962 err:0

0:00:14.286 DATA:

	vbat:4833 therm:1974 err:0

	therm:2172 press:997215 hum:56 alt:124 err:0

	dd:28 mm:6 yyyy:2006 time:120137.000000 lat:0.000000degN lon:0.000000degE alt:0.000000 fix:0 sat:0 dil:0.000000 ms:13892 err:0

	ax:-0.030029 ay:0.100098 az:1.009766 gx:9.648855 gy:-0.465649 gz:0.076336 therm:24.818851 err:0

	ch0:1096 ch1:584 err:0

	therm0:1956 therm1:1962 err:0

0:00:14.892	TRACE	src/sensors/gps.c:115:	Succesfully updated GPS data dd:28 mm:6 yyyy:2006 time:120138.000000000 lat:0.000000000degN lon:0.000000000degE alt:0.000000000 fix:0 sat:0 dil:0.000000000 ms:14892 err:0

0:00:15.143	TRACE	src/sensors/gps.c:115:	Succesfully updated GPS data dd:28 mm:6 yyyy:2006 time:120138.000000000 lat:0.000000000degN lon:0.000000000degE alt:0.000000000 fix:0 sat:0 dil:0.000000000 ms:14892 err:0

0:00:15.385	TRACE	src/main.c:49:	Reset watchdog.

0:00:15.445	TRACE	src/sensors/adc.c:95:	Successfully retrieved ADC data vbat:4850 therm:1974 err:0

0:00:15.588	TRACE	src/sensors/bme.c:224:	Succesfully read BME data therm:2173 press:997217 hum:55 alt:122 err:0

0:00:15.628	TRACE	src/sensors/imu.c:96:	Succesfully read IMU data ax:-0.029296875 ay:0.099121093 az:1.015380859 gx:10.015267372 gy:-0.587786257 gz:0.305343508 therm:24.723005294 err:0

0:00:15.681	TRACE	src/sensors/ltr.c:54:	Succesfully read LTR data ch0:1100 ch1:584 err:0

0:00:15.709	TRACE	src/sensors/therm.c:99:	Succesfully read therm data therm0:1962 therm1:1962 err:0

0:00:15.734 DATA:

	vbat:4850 therm:1974 err:0

	therm:2173 press:997217 hum:55 alt:122 err:0

	dd:28 mm:6 yyyy:2006 time:120138.000000 lat:0.000000degN lon:0.000000degE alt:0.000000 fix:0 sat:0 dil:0.000000 ms:14892 err:0

	ax:-0.029297 ay:0.099121 az:1.015381 gx:10.015267 gy:-0.587786 gz:0.305344 therm:24.723005 err:0

	ch0:1100 ch1:584 err:0

	therm0:1962 therm1:1962 err:0

0:00:15.892	TRACE	src/sensors/gps.c:115:	Succesfully updated GPS data dd:28 mm:6 yyyy:2006 time:120139.000000000 lat:0.000000000degN lon:0.000000000degE alt:0.000000000 fix:0 sat:0 dil:0.000000000 ms:15892 err:0

0:00:16.144	TRACE	src/sensors/gps.c:115:	Succesfully updated GPS data dd:28 mm:6 yyyy:2006 time:120139.000000000 lat:0.000000000degN lon:0.000000000degE alt:0.000000000 fix:0 sat:0 dil:0.000000000 ms:15892 err:0

0:00:16.834	TRACE	src/main.c:49:	Reset watchdog.

0:00:16.892	TRACE	src/sensors/gps.c:115:	Succesfully updated GPS data dd:28 mm:6 yyyy:2006 time:120140.000000000 lat:0.000000000degN lon:0.000000000degE alt:0.000000000 fix:0 sat:0 dil:0.000000000 ms:16892 err:0

0:00:16.947	TRACE	src/sensors/adc.c:95:	Successfully retrieved ADC data vbat:4825 therm:2006 err:0

0:00:17.090	TRACE	src/sensors/bme.c:224:	Succesfully read BME data therm:2174 press:997195 hum:55 alt:141 err:0

0:00:17.133	TRACE	src/sensors/imu.c:96:	Succesfully read IMU data ax:-0.033447265 ay:0.102783203 az:1.008789062 gx:9.160305023 gy:-0.236641228 gz:0.297709912 therm:24.866775512 err:0

0:00:17.178	TRACE	src/sensors/gps.c:115:	Succesfully updated GPS data dd:28 mm:6 yyyy:2006 time:120140.000000000 lat:0.000000000degN lon:0.000000000degE alt:0.000000000 fix:0 sat:0 dil:0.000000000 ms:16892 err:0

0:00:17.234	TRACE	src/sensors/ltr.c:54:	Succesfully read LTR data ch0:1100 ch1:582 err:0

0:00:17.266	TRACE	src/sensors/therm.c:99:	Succesfully read therm data therm0:1962 therm1:1962 err:0

0:00:17.290 DATA:

	vbat:4825 therm:2006 err:0

	therm:2174 press:997195 hum:55 alt:141 err:0

	dd:28 mm:6 yyyy:2006 time:120140.000000 lat:0.000000degN lon:0.000000degE alt:0.000000 fix:0 sat:0 dil:0.000000 ms:16892 err:0

	ax:-0.033447 ay:0.102783 az:1.008789 gx:9.160305 gy:-0.236641 gz:0.297710 therm:24.866776 err:0

	ch0:1100 ch1:582 err:0

	therm0:1962 therm1:1962 err:0

0:00:17.891	TRACE	src/sensors/gps.c:115:	Succesfully updated GPS data dd:28 mm:6 yyyy:2006 time:120141.000000000 lat:0.000000000degN lon:0.000000000degE alt:0.000000000 fix:0 sat:0 dil:0.000000000 ms:17891 err:0

0:00:18.142	TRACE	src/sensors/gps.c:115:	Succesfully updated GPS data dd:28 mm:6 yyyy:2006 time:120141.000000000 lat:0.000000000degN lon:0.000000000degE alt:0.000000000 fix:0 sat:0 dil:0.000000000 ms:17891 err:0

0:00:18.391	TRACE	src/main.c:49:	Reset watchdog.

0:00:18.450	TRACE	src/sensors/adc.c:95:	Successfully retrieved ADC data vbat:4850 therm:2038 err:0

0:00:18.593	TRACE	src/sensors/bme.c:224:	Succesfully read BME data therm:2176 press:997217 hum:55 alt:122 err:0

0:00:18.634	TRACE	src/sensors/imu.c:96:	Succesfully read IMU data ax:-0.040039062 ay:0.097656250 az:1.006347656 gx:9.160305023 gy:-0.564885497 gz:-0.152671754 therm:24.723005294 err:0

0:00:18.684	TRACE	src/sensors/ltr.c:54:	Succesfully read LTR data ch0:1094 ch1:582 err:0

0:00:18.712	TRACE	src/sensors/therm.c:99:	Succesfully read therm data therm0:1962 therm1:1962 err:0

0:00:18.739 DATA:

	vbat:4850 therm:2038 err:0

	therm:2176 press:997217 hum:55 alt:122 err:0

	dd:28 mm:6 yyyy:2006 time:120141.000000 lat:0.000000degN lon:0.000000degE alt:0.000000 fix:0 sat:0 dil:0.000000 ms:17891 err:0

	ax:-0.040039 ay:0.097656 az:1.006348 gx:9.160305 gy:-0.564885 gz:-0.152672 therm:24.723005 err:0

	ch0:1094 ch1:582 err:0

	therm0:1962 therm1:1962 err:0

0:00:18.891	TRACE	src/sensors/gps.c:115:	Succesfully updated GPS data dd:28 mm:6 yyyy:2006 time:120142.000000000 lat:0.000000000degN lon:0.000000000degE alt:0.000000000 fix:0 sat:0 dil:0.000000000 ms:18891 err:0

0:00:19.142	TRACE	src/sensors/gps.c:115:	Succesfully updated GPS data dd:28 mm:6 yyyy:2006 time:120142.000000000 lat:0.000000000degN lon:0.000000000degE alt:0.000000000 fix:0 sat:0 dil:0.000000000 ms:18891 err:0

0:00:19.835	TRACE	src/main.c:49:	Reset watchdog.

0:00:19.891	TRACE	src/sensors/gps.c:115:	Succesfully updated GPS data dd:28 mm:6 yyyy:2006 time:120143.000000000 lat:0.000000000degN lon:0.000000000degE alt:0.000000000 fix:0 sat:0 dil:0.000000000 ms:19891 err:0

0:00:19.946	TRACE	src/sensors/adc.c:95:	Successfully retrieved ADC data vbat:4842 therm:2006 err:0

0:00:20.089	TRACE	src/sensors/bme.c:224:	Succesfully read BME data therm:2179 press:997243 hum:55 alt:100 err:0

0:00:20.129	TRACE	src/sensors/imu.c:96:	Succesfully read IMU data ax:-0.034667968 ay:0.094970703 az:0.997802734 gx:9.893129348 gy:-0.488549619 gz:0.022900763 therm:24.818851470 err:0

0:00:20.175	TRACE	src/sensors/gps.c:115:	Succesfully updated GPS data dd:28 mm:6 yyyy:2006 time:120143.000000000 lat:0.000000000degN lon:0.000000000degE alt:0.000000000 fix:0 sat:0 dil:0.000000000 ms:19891 err:0

0:00:20.232	TRACE	src/sensors/ltr.c:54:	Succesfully read LTR data ch0:1098 ch1:585 err:0

0:00:20.261	TRACE	src/sensors/therm.c:99:	Succesfully read therm data therm0:1968 therm1:1968 err:0

0:00:20.285 DATA:

	vbat:4842 therm:2006 err:0

	therm:2179 press:997243 hum:55 alt:100 err:0

	dd:28 mm:6 yyyy:2006 time:120143.000000 lat:0.000000degN lon:0.000000degE alt:0.000000 fix:0 sat:0 dil:0.000000 ms:19891 err:0

	ax:-0.034668 ay:0.094971 az:0.997803 gx:9.893129 gy:-0.488550 gz:0.022901 therm:24.818851 err:0

	ch0:1098 ch1:585 err:0

	therm0:1968 therm1:1968 err:0

0:00:20.892	TRACE	src/sensors/gps.c:115:	Succesfully updated GPS data dd:28 mm:6 yyyy:2006 time:120144.000000000 lat:0.000000000degN lon:0.000000000degE alt:0.000000000 fix:0 sat:0 dil:0.000000000 ms:20892 err:0

0:00:21.143	TRACE	src/sensors/gps.c:115:	Succesfully updated GPS data dd:28 mm:6 yyyy:2006 time:120144.000000000 lat:0.000000000degN lon:0.000000000degE alt:0.000000000 fix:0 sat:0 dil:0.000000000 ms:20892 err:0

0:00:21.385	TRACE	src/main.c:49:	Reset watchdog.

0:00:21.446	TRACE	src/sensors/adc.c:95:	Successfully retrieved ADC data vbat:4817 therm:2038 err:0

0:00:21.588	TRACE	src/sensors/bme.c:224:	Succesfully read BME data therm:2180 press:997260 hum:55 alt:86 err:0

0:00:21.628	TRACE	src/sensors/imu.c:96:	Succesfully read IMU data ax:-0.038330078 ay:0.099365234 az:1.002197265 gx:10.381679534 gy:-0.335877865 gz:-0.412213742 therm:24.723005294 err:0

0:00:21.682	TRACE	src/sensors/ltr.c:54:	Succesfully read LTR data ch0:1102 ch1:585 err:0

0:00:21.710	TRACE	src/sensors/therm.c:99:	Succesfully read therm data therm0:1968 therm1:1968 err:0

0:00:21.734 DATA:

	vbat:4817 therm:2038 err:0

	therm:2180 press:997260 hum:55 alt:86 err:0

	dd:28 mm:6 yyyy:2006 time:120144.000000 lat:0.000000degN lon:0.000000degE alt:0.000000 fix:0 sat:0 dil:0.000000 ms:20892 err:0

	ax:-0.038330 ay:0.099365 az:1.002197 gx:10.381680 gy:-0.335878 gz:-0.412214 therm:24.723005 err:0

	ch0:1102 ch1:585 err:0

	therm0:1968 therm1:1968 err:0

0:00:21.892	TRACE	src/sensors/gps.c:115:	Succesfully updated GPS data dd:28 mm:6 yyyy:2006 time:120145.000000000 lat:0.000000000degN lon:0.000000000degE alt:0.000000000 fix:0 sat:0 dil:0.000000000 ms:21892 err:0

0:00:22.143	TRACE	src/sensors/gps.c:115:	Succesfully updated GPS data dd:28 mm:6 yyyy:2006 time:120145.000000000 lat:0.000000000degN lon:0.000000000degE alt:0.000000000 fix:0 sat:0 dil:0.000000000 ms:21892 err:0

0:00:22.833	TRACE	src/main.c:49:	Reset watchdog.

0:00:22.892	TRACE	src/sensors/gps.c:115:	Succesfully updated GPS data dd:28 mm:6 yyyy:2006 time:120146.000000000 lat:0.000000000degN lon:0.000000000degE alt:0.000000000 fix:0 sat:0 dil:0.000000000 ms:22892 err:0

0:00:22.945	TRACE	src/sensors/adc.c:95:	Successfully retrieved ADC data vbat:4858 therm:2038 err:0

0:00:23.089	TRACE	src/sensors/bme.c:224:	Succesfully read BME data therm:2182 press:997243 hum:56 alt:100 err:0

0:00:23.132	TRACE	src/sensors/imu.c:96:	Succesfully read IMU data ax:-0.034912109 ay:0.103271484 az:1.005371093 gx:9.648855209 gy:-0.549618303 gz:0.236641228 therm:24.914697647 err:0

0:00:23.177	TRACE	src/sensors/gps.c:115:	Succesfully updated GPS data dd:28 mm:6 yyyy:2006 time:120146.000000000 lat:0.000000000degN lon:0.000000000degE alt:0.000000000 fix:0 sat:0 dil:0.000000000 ms:22892 err:0

0:00:23.233	TRACE	src/sensors/ltr.c:54:	Succesfully read LTR data ch0:1101 ch1:585 err:0

0:00:23.265	TRACE	src/sensors/therm.c:99:	Succesfully read therm data therm0:1968 therm1:1968 err:0

0:00:23.290 DATA:

	vbat:4858 therm:2038 err:0

	therm:2182 press:997243 hum:56 alt:100 err:0

	dd:28 mm:6 yyyy:2006 time:120146.000000 lat:0.000000degN lon:0.000000degE alt:0.000000 fix:0 sat:0 dil:0.000000 ms:22892 err:0

	ax:-0.034912 ay:0.103271 az:1.005371 gx:9.648855 gy:-0.549618 gz:0.236641 therm:24.914698 err:0

	ch0:1101 ch1:585 err:0

	therm0:1968 therm1:1968 err:0

0:00:23.892	TRACE	src/sensors/gps.c:115:	Succesfully updated GPS data dd:28 mm:6 yyyy:2006 time:120147.000000000 lat:0.000000000degN lon:0.000000000degE alt:0.000000000 fix:0 sat:0 dil:0.000000000 ms:23892 err:0

0:00:24.143	TRACE	src/sensors/gps.c:115:	Succesfully updated GPS data dd:28 mm:6 yyyy:2006 time:120147.000000000 lat:0.000000000degN lon:0.000000000degE alt:0.000000000 fix:0 sat:0 dil:0.000000000 ms:23892 err:0

0:00:24.388	TRACE	src/main.c:49:	Reset watchdog.

0:00:24.448	TRACE	src/sensors/adc.c:95:	Successfully retrieved ADC data vbat:4858 therm:2006 err:0

0:00:24.593	TRACE	src/sensors/bme.c:224:	Succesfully read BME data therm:2182 press:997212 hum:56 alt:126 err:0

0:00:24.633	TRACE	src/sensors/imu.c:96:	Succesfully read IMU data ax:-0.029296875 ay:0.096679687 az:1.003417968 gx:9.648855209 gy:-0.167938932 gz:-0.038167938 therm:24.866775512 err:0

0:00:24.684	TRACE	src/sensors/ltr.c:54:	Succesfully read LTR data ch0:1101 ch1:583 err:0

0:00:24.712	TRACE	src/sensors/therm.c:99:	Succesfully read therm data therm0:1968 therm1:1968 err:0

0:00:24.739 DATA:

	vbat:4858 therm:2006 err:0

	therm:2182 press:997212 hum:56 alt:126 err:0

	dd:28 mm:6 yyyy:2006 time:120147.000000 lat:0.000000degN lon:0.000000degE alt:0.000000 fix:0 sat:0 dil:0.000000 ms:23892 err:0

	ax:-0.029297 ay:0.096680 az:1.003418 gx:9.648855 gy:-0.167939 gz:-0.038168 therm:24.866776 err:0

	ch0:1101 ch1:583 err:0

	therm0:1968 therm1:1968 err:0

0:00:24.892	TRACE	src/sensors/gps.c:115:	Succesfully updated GPS data dd:28 mm:6 yyyy:2006 time:120148.000000000 lat:0.000000000degN lon:0.000000000degE alt:0.000000000 fix:0 sat:0 dil:0.000000000 ms:24892 err:0

0:00:25.143	TRACE	src/sensors/gps.c:115:	Succesfully updated GPS data dd:28 mm:6 yyyy:2006 time:120148.000000000 lat:0.000000000degN lon:0.000000000degE alt:0.000000000 fix:0 sat:0 dil:0.000000000 ms:24892 err:0

0:00:25.835	TRACE	src/main.c:49:	Reset watchdog.

0:00:25.892	TRACE	src/sensors/gps.c:115:	Succesfully updated GPS data dd:28 mm:6 yyyy:2006 time:120149.000000000 lat:0.000000000degN lon:0.000000000degE alt:0.000000000 fix:0 sat:0 dil:0.000000000 ms:25892 err:0

0:00:25.947	TRACE	src/sensors/adc.c:95:	Successfully retrieved ADC data vbat:4833 therm:2038 err:0

0:00:26.090	TRACE	src/sensors/bme.c:224:	Succesfully read BME data therm:2185 press:997239 hum:55 alt:104 err:0

0:00:26.130	TRACE	src/sensors/imu.c:96:	Succesfully read IMU data ax:-0.028320312 ay:0.105224609 az:1.002441406 gx:10.381679534 gy:-0.312977105 gz:0.030534351 therm:24.866775512 err:0

0:00:26.176	TRACE	src/sensors/gps.c:115:	Succesfully updated GPS data dd:28 mm:6 yyyy:2006 time:120149.000000000 lat:0.000000000degN lon:0.000000000degE alt:0.000000000 fix:0 sat:0 dil:0.000000000 ms:25892 err:0

0:00:26.232	TRACE	src/sensors/ltr.c:54:	Succesfully read LTR data ch0:1099 ch1:582 err:0

0:00:26.262	TRACE	src/sensors/therm.c:99:	Succesfully read therm data therm0:1974 therm1:1968 err:0

0:00:26.286 DATA:

	vbat:4833 therm:2038 err:0

	therm:2185 press:997239 hum:55 alt:104 err:0

	dd:28 mm:6 yyyy:2006 time:120149.000000 lat:0.000000degN lon:0.000000degE alt:0.000000 fix:0 sat:0 dil:0.000000 ms:25892 err:0

	ax:-0.028320 ay:0.105225 az:1.002441 gx:10.381680 gy:-0.312977 gz:0.030534 therm:24.866776 err:0

	ch0:1099 ch1:582 err:0

	therm0:1974 therm1:1968 err:0

0:00:26.892	TRACE	src/sensors/gps.c:115:	Succesfully updated GPS data dd:28 mm:6 yyyy:2006 time:120150.000000000 lat:0.000000000degN lon:0.000000000degE alt:0.000000000 fix:0 sat:0 dil:0.000000000 ms:26892 err:0

0:00:27.143	TRACE	src/sensors/gps.c:115:	Succesfully updated GPS data dd:28 mm:6 yyyy:2006 time:120150.000000000 lat:0.000000000degN lon:0.000000000degE alt:0.000000000 fix:0 sat:0 dil:0.000000000 ms:26892 err:0

