0:00:13.071	TRACE	src/main.c:57:	Reset watchdog.

0:00:13.081	TRACE	src/sensors/gps.c:115:	Succesfully updated GPS data dd:28 mm:6 yyyy:2006 time:115957.000000000 lat:0.000000000degN lon:0.000000000degE alt:0.000000000 fix:0 sat:0 dil:0.000000000 ms:13078 err:0

0:00:13.137	TRACE	src/sensors/adc.c:95:	Successfully retrieved ADC data vbat:4705 therm:2457 err:0

0:00:13.282	TRACE	src/sensors/bme.c:224:	Succesfully read BME data therm:2620 press:997904 hum:24 alt:55 err:0

0:00:13.322	TRACE	src/sensors/imu.c:96:	Succesfully read IMU data ax:-0.147216796 ay:0.169921875 az:0.977783203 gx:19.297710418 gy:-0.503816783 gz:-0.145038172 therm:28.508911132 err:0

0:00:13.368	TRACE	src/sensors/gps.c:115:	Succesfully updated GPS data dd:28 mm:6 yyyy:2006 time:115957.000000000 lat:0.000000000degN lon:0.000000000degE alt:0.000000000 fix:0 sat:0 dil:0.000000000 ms:13078 err:0

0:00:13.423	TRACE	src/sensors/ltr.c:54:	Succesfully read LTR data ch0:1041 ch1:531 err:0

0:00:13.454	TRACE	src/sensors/therm.c:99:	Succesfully read therm data therm0:2286 therm1:2376 err:0

0:00:13.480 DATA:

	vbat:4705 therm:2457 err:0

	therm:2620 press:997904 hum:24 alt:55 err:0

	dd:28 mm:6 yyyy:2006 time:115957.000000 lat:0.000000degN lon:0.000000degE alt:0.000000 fix:0 sat:0 dil:0.000000 ms:13078 err:0

	ax:-0.147217 ay:0.169922 az:0.977783 gx:19.297710 gy:-0.503817 gz:-0.145038 therm:28.508911 err:0

	ch0:1041 ch1:531 err:0

	therm0:2286 therm1:2376 err:0

0:00:14.747	TRACE	src/sensors/gps.c:115:	Succesfully updated GPS data dd:28 mm:6 yyyy:2006 time:115958.000000000 lat:0.000000000degN lon:0.000000000degE alt:0.000000000 fix:0 sat:0 dil:0.000000000 ms:14078 err:0

0:00:14.803	TRACE	src/log.c:164:	Succesfully saved image to file test48/img13.jpg.

0:00:15.329	TRACE	src/sensors/gps.c:115:	Succesfully updated GPS data dd:28 mm:6 yyyy:2006 time:115959.000000000 lat:0.000000000degN lon:0.000000000degE alt:0.000000000 fix:0 sat:0 dil:0.000000000 ms:14078 err:0

0:00:15.822	TRACE	src/main.c:57:	Reset watchdog.

0:00:15.883	TRACE	src/sensors/adc.c:95:	Successfully retrieved ADC data vbat:4705 therm:2457 err:0

0:00:16.027	TRACE	src/sensors/bme.c:224:	Succesfully read BME data therm:2620 press:997879 hum:24 alt:76 err:0

0:00:16.067	TRACE	src/sensors/imu.c:96:	Succesfully read IMU data ax:-0.151123046 ay:0.172119140 az:0.987792968 gx:20.152671813 gy:-0.557251930 gz:0.068702287 therm:28.844371795 err:0

0:00:16.113	TRACE	src/sensors/gps.c:115:	Succesfully updated GPS data dd:28 mm:6 yyyy:2006 time:120000.000000000 lat:0.000000000degN lon:0.000000000degE alt:0.000000000 fix:0 sat:0 dil:0.000000000 ms:16077 err:0

0:00:16.171	TRACE	src/sensors/ltr.c:54:	Succesfully read LTR data ch0:1040 ch1:532 err:0

0:00:16.199	TRACE	src/sensors/therm.c:99:	Succesfully read therm data therm0:2292 therm1:2376 err:0

0:00:16.223 DATA:

	vbat:4705 therm:2457 err:0

	therm:2620 press:997879 hum:24 alt:76 err:0

	dd:28 mm:6 yyyy:2006 time:115959.000000 lat:0.000000degN lon:0.000000degE alt:0.000000 fix:0 sat:0 dil:0.000000 ms:14078 err:0

	ax:-0.151123 ay:0.172119 az:0.987793 gx:20.152672 gy:-0.557252 gz:0.068702 therm:28.844372 err:0

	ch0:1040 ch1:532 err:0

	therm0:2292 therm1:2376 err:0

0:00:17.495	TRACE	src/sensors/gps.c:115:	Succesfully updated GPS data dd:28 mm:6 yyyy:2006 time:120000.000000000 lat:0.000000000degN lon:0.000000000degE alt:0.000000000 fix:0 sat:0 dil:0.000000000 ms:16077 err:0

0:00:17.548	TRACE	src/log.c:164:	Succesfully saved image to file test48/img16.jpg.

0:00:18.329	TRACE	src/sensors/gps.c:115:	Succesfully updated GPS data dd:28 mm:6 yyyy:2006 time:120002.000000000 lat:0.000000000degN lon:0.000000000degE alt:0.000000000 fix:0 sat:0 dil:0.000000000 ms:16077 err:0

0:00:18.569	TRACE	src/main.c:57:	Reset watchdog.

0:00:18.629	TRACE	src/sensors/adc.c:95:	Successfully retrieved ADC data vbat:4672 therm:2489 err:0

0:00:18.771	TRACE	src/sensors/bme.c:224:	Succesfully read BME data therm:2619 press:997862 hum:24 alt:90 err:0

0:00:18.811	TRACE	src/sensors/imu.c:96:	Succesfully read IMU data ax:-0.149658203 ay:0.172119140 az:0.980957031 gx:18.931297302 gy:-0.541984736 gz:-0.175572514 therm:28.700601577 err:0

0:00:18.865	TRACE	src/sensors/ltr.c:54:	Succesfully read LTR data ch0:1041 ch1:532 err:0

0:00:18.892	TRACE	src/sensors/therm.c:99:	Succesfully read therm data therm0:2292 therm1:2376 err:0

0:00:18.916 DATA:

	vbat:4672 therm:2489 err:0

	therm:2619 press:997862 hum:24 alt:90 err:0

	dd:28 mm:6 yyyy:2006 time:120002.000000 lat:0.000000degN lon:0.000000degE alt:0.000000 fix:0 sat:0 dil:0.000000 ms:16077 err:0

	ax:-0.149658 ay:0.172119 az:0.980957 gx:18.931297 gy:-0.541985 gz:-0.175573 therm:28.700602 err:0

	ch0:1041 ch1:532 err:0

	therm0:2292 therm1:2376 err:0

0:00:20.245	TRACE	src/sensors/gps.c:115:	Succesfully updated GPS data dd:28 mm:6 yyyy:2006 time:120003.000000000 lat:0.000000000degN lon:0.000000000degE alt:0.000000000 fix:0 sat:0 dil:0.000000000 ms:16077 err:0

0:00:20.298	TRACE	src/log.c:164:	Succesfully saved image to file test48/img19.jpg.

0:00:21.078	TRACE	src/sensors/gps.c:115:	Succesfully updated GPS data dd:28 mm:6 yyyy:2006 time:120005.000000000 lat:0.000000000degN lon:0.000000000degE alt:0.000000000 fix:0 sat:0 dil:0.000000000 ms:21078 err:0

0:00:21.320	TRACE	src/main.c:57:	Reset watchdog.

0:00:21.330	TRACE	src/sensors/gps.c:115:	Succesfully updated GPS data dd:28 mm:6 yyyy:2006 time:120005.000000000 lat:0.000000000degN lon:0.000000000degE alt:0.000000000 fix:0 sat:0 dil:0.000000000 ms:21078 err:0

0:00:21.386	TRACE	src/sensors/adc.c:95:	Successfully retrieved ADC data vbat:4721 therm:2521 err:0

0:00:21.530	TRACE	src/sensors/bme.c:224:	Succesfully read BME data therm:2619 press:997873 hum:25 alt:81 err:0

0:00:21.573	TRACE	src/sensors/imu.c:96:	Succesfully read IMU data ax:-0.147949218 ay:0.168457031 az:0.978759765 gx:19.053434371 gy:-0.526717543 gz:-0.312977105 therm:28.556833267 err:0

0:00:21.624	TRACE	src/sensors/ltr.c:54:	Succesfully read LTR data ch0:1042 ch1:532 err:0

0:00:21.652	TRACE	src/sensors/therm.c:99:	Succesfully read therm data therm0:2292 therm1:2376 err:0

0:00:21.676 DATA:

	vbat:4721 therm:2521 err:0

	therm:2619 press:997873 hum:25 alt:81 err:0

	dd:28 mm:6 yyyy:2006 time:120005.000000 lat:0.000000degN lon:0.000000degE alt:0.000000 fix:0 sat:0 dil:0.000000 ms:21078 err:0

	ax:-0.147949 ay:0.168457 az:0.978760 gx:19.053434 gy:-0.526718 gz:-0.312977 therm:28.556833 err:0

	ch0:1042 ch1:532 err:0

	therm0:2292 therm1:2376 err:0

0:00:23.006	TRACE	src/sensors/gps.c:115:	Succesfully updated GPS data dd:28 mm:6 yyyy:2006 time:120006.000000000 lat:0.000000000degN lon:0.000000000degE alt:0.000000000 fix:0 sat:0 dil:0.000000000 ms:22077 err:0

0:00:23.061	TRACE	src/log.c:164:	Succesfully saved image to file test48/img21.jpg.

0:00:23.330	TRACE	src/sensors/gps.c:115:	Succesfully updated GPS data dd:28 mm:6 yyyy:2006 time:120007.000000000 lat:0.000000000degN lon:0.000000000degE alt:0.000000000 fix:0 sat:0 dil:0.000000000 ms:22077 err:0

0:00:24.078	TRACE	src/sensors/gps.c:115:	Succesfully updated GPS data dd:28 mm:6 yyyy:2006 time:120008.000000000 lat:0.000000000degN lon:0.000000000degE alt:0.000000000 fix:0 sat:0 dil:0.000000000 ms:24078 err:0

0:00:24.134	TRACE	src/main.c:57:	Reset watchdog.

0:00:24.194	TRACE	src/sensors/adc.c:95:	Successfully retrieved ADC data vbat:4914 therm:2521 err:0

0:00:24.329	TRACE	src/sensors/gps.c:115:	Succesfully updated GPS data dd:28 mm:6 yyyy:2006 time:120008.000000000 lat:0.000000000degN lon:0.000000000degE alt:0.000000000 fix:0 sat:0 dil:0.000000000 ms:24078 err:0

0:00:24.383	TRACE	src/sensors/bme.c:224:	Succesfully read BME data therm:2621 press:997897 hum:24 alt:61 err:0

0:00:24.426	TRACE	src/sensors/imu.c:96:	Succesfully read IMU data ax:-0.146972656 ay:0.168945312 az:0.980468750 gx:19.419847488 gy:-0.633587777 gz:-0.091603055 therm:28.604757308 err:0

0:00:24.478	TRACE	src/sensors/ltr.c:54:	Succesfully read LTR data ch0:1040 ch1:422 err:0

0:00:24.506	TRACE	src/sensors/therm.c:99:	Succesfully read therm data therm0:2298 therm1:2376 err:0

0:00:24.530 DATA:

	vbat:4914 therm:2521 err:0

	therm:2621 press:997897 hum:24 alt:61 err:0

	dd:28 mm:6 yyyy:2006 time:120008.000000 lat:0.000000degN lon:0.000000degE alt:0.000000 fix:0 sat:0 dil:0.000000 ms:24078 err:0

	ax:-0.146973 ay:0.168945 az:0.980469 gx:19.419847 gy:-0.633588 gz:-0.091603 therm:28.604757 err:0

	ch0:1040 ch1:422 err:0

	therm0:2298 therm1:2376 err:0

0:00:25.753	TRACE	src/sensors/gps.c:115:	Succesfully updated GPS data dd:28 mm:6 yyyy:2006 time:120009.000000000 lat:0.000000000degN lon:0.000000000degE alt:0.000000000 fix:0 sat:0 dil:0.000000000 ms:25078 err:0

0:00:25.806	TRACE	src/log.c:164:	Succesfully saved image to file test48/img24.jpg.

0:00:26.329	TRACE	src/sensors/gps.c:115:	Succesfully updated GPS data dd:28 mm:6 yyyy:2006 time:120010.000000000 lat:0.000000000degN lon:0.000000000degE alt:0.000000000 fix:0 sat:0 dil:0.000000000 ms:25078 err:0

0:00:26.830	TRACE	src/main.c:57:	Reset watchdog.

0:00:26.890	TRACE	src/sensors/adc.c:95:	Successfully retrieved ADC data vbat:4713 therm:2521 err:0

0:00:27.032	TRACE	src/sensors/bme.c:224:	Succesfully read BME data therm:2623 press:997870 hum:24 alt:84 err:0

0:00:27.075	TRACE	src/sensors/imu.c:96:	Succesfully read IMU data ax:-0.170166015 ay:0.131103515 az:0.977294921 gx:19.297710418 gy:0.335877865 gz:0.122137404 therm:28.365142822 err:0

0:00:27.120	TRACE	src/sensors/gps.c:115:	Succesfully updated GPS data dd:28 mm:6 yyyy:2006 time:120011.000000000 lat:0.000000000degN lon:0.000000000degE alt:0.000000000 fix:0 sat:0 dil:0.000000000 ms:27078 err:0

0:00:27.176	TRACE	src/sensors/ltr.c:54:	Succesfully read LTR data ch0:825 ch1:419 err:0

0:00:27.206	TRACE	src/sensors/therm.c:99:	Succesfully read therm data therm0:2298 therm1:2376 err:0

0:00:27.232 DATA:

	vbat:4713 therm:2521 err:0

	therm:2623 press:997870 hum:24 alt:84 err:0

	dd:28 mm:6 yyyy:2006 time:120010.000000 lat:0.000000degN lon:0.000000degE alt:0.000000 fix:0 sat:0 dil:0.000000 ms:25078 err:0

	ax:-0.170166 ay:0.131104 az:0.977295 gx:19.297710 gy:0.335878 gz:0.122137 therm:28.365143 err:0

	ch0:825 ch1:419 err:0

	therm0:2298 therm1:2376 err:0

0:00:28.504	TRACE	src/sensors/gps.c:115:	Succesfully updated GPS data dd:28 mm:6 yyyy:2006 time:120011.000000000 lat:0.000000000degN lon:0.000000000degE alt:0.000000000 fix:0 sat:0 dil:0.000000000 ms:27078 err:0

0:00:28.560	TRACE	src/log.c:164:	Succesfully saved image to file test48/img27.jpg.

0:00:29.329	TRACE	src/sensors/gps.c:115:	Succesfully updated GPS data dd:28 mm:6 yyyy:2006 time:120013.000000000 lat:0.000000000degN lon:0.000000000degE alt:0.000000000 fix:0 sat:0 dil:0.000000000 ms:27078 err:0

0:00:29.579	TRACE	src/main.c:57:	Reset watchdog.

0:00:29.640	TRACE	src/sensors/adc.c:95:	Successfully retrieved ADC data vbat:4721 therm:2521 err:0

0:00:29.784	TRACE	src/sensors/bme.c:224:	Succesfully read BME data therm:2623 press:997856 hum:25 alt:95 err:0

0:00:29.824	TRACE	src/sensors/imu.c:96:	Succesfully read IMU data ax:-0.303955078 ay:-0.870605468 az:0.173828125 gx:19.908397674 gy:8.900763511 gz:-14.816794395 therm:28.556833267 err:0

0:00:29.876	TRACE	src/sensors/ltr.c:54:	Succesfully read LTR data ch0:822 ch1:248 err:0

0:00:29.903	TRACE	src/sensors/therm.c:99:	Succesfully read therm data therm0:2298 therm1:2376 err:0

0:00:29.930 DATA:

	vbat:4721 therm:2521 err:0

	therm:2623 press:997856 hum:25 alt:95 err:0

	dd:28 mm:6 yyyy:2006 time:120013.000000 lat:0.000000degN lon:0.000000degE alt:0.000000 fix:0 sat:0 dil:0.000000 ms:27078 err:0

	ax:-0.303955 ay:-0.870605 az:0.173828 gx:19.908398 gy:8.900764 gz:-14.816794 therm:28.556833 err:0

	ch0:822 ch1:248 err:0

	therm0:2298 therm1:2376 err:0

0:00:31.268	TRACE	src/sensors/gps.c:115:	Succesfully updated GPS data dd:28 mm:6 yyyy:2006 time:120014.000000000 lat:0.000000000degN lon:0.000000000degE alt:0.000000000 fix:0 sat:0 dil:0.000000000 ms:27078 err:0

0:00:31.323	TRACE	src/log.c:164:	Succesfully saved image to file test48/img30.jpg.

0:00:32.078	TRACE	src/sensors/gps.c:115:	Succesfully updated GPS data dd:28 mm:6 yyyy:2006 time:120016.000000000 lat:0.000000000degN lon:0.000000000degE alt:0.000000000 fix:0 sat:0 dil:0.000000000 ms:32078 err:0

0:00:32.329	TRACE	src/sensors/gps.c:115:	Succesfully updated GPS data dd:28 mm:6 yyyy:2006 time:120016.000000000 lat:0.000000000degN lon:0.000000000degE alt:0.000000000 fix:0 sat:0 dil:0.000000000 ms:32078 err:0

0:00:32.384	TRACE	src/main.c:57:	Reset watchdog.

0:00:32.445	TRACE	src/sensors/adc.c:95:	Successfully retrieved ADC data vbat:4874 therm:2489 err:0

0:00:32.587	TRACE	src/sensors/bme.c:224:	Succesfully read BME data therm:2624 press:997877 hum:26 alt:78 err:0

0:00:32.627	TRACE	src/sensors/imu.c:96:	Succesfully read IMU data ax:-0.174804687 ay:0.399169921 az:0.938476562 gx:19.541984558 gy:2.641221284 gz:-0.083969466 therm:28.604757308 err:0

0:00:32.680	TRACE	src/sensors/ltr.c:54:	Succesfully read LTR data ch0:474 ch1:493 err:0

0:00:32.708	TRACE	src/sensors/therm.c:99:	Succesfully read therm data therm0:2298 therm1:2376 err:0

0:00:32.732 DATA:

	vbat:4874 therm:2489 err:0

	therm:2624 press:997877 hum:26 alt:78 err:0

	dd:28 mm:6 yyyy:2006 time:120016.000000 lat:0.000000degN lon:0.000000degE alt:0.000000 fix:0 sat:0 dil:0.000000 ms:32078 err:0

	ax:-0.174805 ay:0.399170 az:0.938477 gx:19.541985 gy:2.641221 gz:-0.083969 therm:28.604757 err:0

	ch0:474 ch1:493 err:0

	therm0:2298 therm1:2376 err:0

0:00:34.006	TRACE	src/sensors/gps.c:115:	Succesfully updated GPS data dd:28 mm:6 yyyy:2006 time:120017.000000000 lat:0.000000000degN lon:0.000000000degE alt:0.000000000 fix:0 sat:0 dil:0.000000000 ms:33078 err:0

0:00:34.059	TRACE	src/log.c:164:	Succesfully saved image to file test48/img32.jpg.

0:00:34.328	TRACE	src/sensors/gps.c:115:	Succesfully updated GPS data dd:28 mm:6 yyyy:2006 time:120018.000000000 lat:0.000000000degN lon:0.000000000degE alt:0.000000000 fix:0 sat:0 dil:0.000000000 ms:33078 err:0

0:00:35.077	TRACE	src/sensors/gps.c:115:	Succesfully updated GPS data dd:28 mm:6 yyyy:2006 time:120019.000000000 lat:0.000000000degN lon:0.000000000degE alt:0.000000000 fix:0 sat:0 dil:0.000000000 ms:35077 err:0

0:00:35.130	TRACE	src/main.c:57:	Reset watchdog.

0:00:35.193	TRACE	src/sensors/adc.c:95:	Successfully retrieved ADC data vbat:4753 therm:2489 err:0

