0:00:13.905	TRACE	src/sensors/gps.c:115:	Succesfully updated GPS data dd:28 mm:6 yyyy:2006 time:122318.000000000 lat:0.000000000degN lon:0.000000000degE alt:0.000000000 fix:0 sat:0 dil:0.000000000 ms:9507 err:0

0:00:14.758	TRACE	src/sensors/gps.c:115:	Succesfully updated GPS data dd:28 mm:6 yyyy:2006 time:122323.000000000 lat:0.000000000degN lon:0.000000000degE alt:0.000000000 fix:0 sat:0 dil:0.000000000 ms:9507 err:0

0:00:14.905	TRACE	src/main.c:57:	Reset watchdog.

0:00:14.966	TRACE	src/sensors/adc.c:95:	Successfully retrieved ADC data vbat:4938 therm:2231 err:0

0:00:15.108	TRACE	src/sensors/bme.c:224:	Succesfully read BME data therm:2363 press:997094 hum:47 alt:226 err:0

0:00:15.148	TRACE	src/sensors/imu.c:96:	Succesfully read IMU data ax:-0.022949218 ay:0.065185546 az:0.997802734 gx:13.679388999 gy:-0.770992398 gz:-0.106870226 therm:26.496150970 err:0

0:00:15.202	TRACE	src/sensors/ltr.c:54:	Succesfully read LTR data ch0:1108 ch1:576 err:0

0:00:15.230	TRACE	src/sensors/therm.c:99:	Succesfully read therm data therm0:2124 therm1:2142 err:0

0:00:15.254 DATA:

	vbat:4938 therm:2231 err:0

	therm:2363 press:997094 hum:47 alt:226 err:0

	dd:28 mm:6 yyyy:2006 time:122323.000000 lat:0.000000degN lon:0.000000degE alt:0.000000 fix:0 sat:0 dil:0.000000 ms:9507 err:0

	ax:-0.022949 ay:0.065186 az:0.997803 gx:13.679389 gy:-0.770992 gz:-0.106870 therm:26.496151 err:0

	ch0:1108 ch1:576 err:0

	therm0:2124 therm1:2142 err:0

0:00:20.401	TRACE	src/sensors/gps.c:115:	Succesfully updated GPS data dd:28 mm:6 yyyy:2006 time:122324.000000000 lat:0.000000000degN lon:0.000000000degE alt:0.000000000 fix:0 sat:0 dil:0.000000000 ms:15507 err:0

0:00:20.758	TRACE	src/sensors/gps.c:115:	Succesfully updated GPS data dd:28 mm:6 yyyy:2006 time:122329.000000000 lat:0.000000000degN lon:0.000000000degE alt:0.000000000 fix:0 sat:0 dil:0.000000000 ms:15507 err:0

0:00:21.401	TRACE	src/main.c:57:	Reset watchdog.

0:00:21.461	TRACE	src/sensors/adc.c:95:	Successfully retrieved ADC data vbat:4817 therm:2231 err:0

0:00:21.507	TRACE	src/sensors/gps.c:115:	Succesfully updated GPS data dd:28 mm:6 yyyy:2006 time:122330.000000000 lat:0.000000000degN lon:0.000000000degE alt:0.000000000 fix:0 sat:0 dil:0.000000000 ms:21507 err:0

0:00:21.604	TRACE	src/sensors/bme.c:224:	Succesfully read BME data therm:2366 press:997095 hum:47 alt:225 err:0

0:00:21.646	TRACE	src/sensors/imu.c:96:	Succesfully read IMU data ax:-0.024902343 ay:0.066650390 az:1.004394531 gx:14.045801162 gy:-0.496183216 gz:0.122137404 therm:26.496150970 err:0

0:00:21.697	TRACE	src/sensors/ltr.c:54:	Succesfully read LTR data ch0:1108 ch1:576 err:0

0:00:21.725	TRACE	src/sensors/therm.c:99:	Succesfully read therm data therm0:2130 therm1:2142 err:0

0:00:21.750 DATA:

	vbat:4817 therm:2231 err:0

	therm:2366 press:997095 hum:47 alt:225 err:0

	dd:28 mm:6 yyyy:2006 time:122330.000000 lat:0.000000degN lon:0.000000degE alt:0.000000 fix:0 sat:0 dil:0.000000 ms:21507 err:0

	ax:-0.024902 ay:0.066650 az:1.004395 gx:14.045801 gy:-0.496183 gz:0.122137 therm:26.496151 err:0

	ch0:1108 ch1:576 err:0

	therm0:2130 therm1:2142 err:0

0:00:21.850	TRACE	src/sensors/gps.c:115:	Succesfully updated GPS data dd:28 mm:6 yyyy:2006 time:122330.000000000 lat:0.000000000degN lon:0.000000000degE alt:0.000000000 fix:0 sat:0 dil:0.000000000 ms:21507 err:0

0:00:26.951	TRACE	src/sensors/gps.c:115:	Succesfully updated GPS data dd:28 mm:6 yyyy:2006 time:122331.000000000 lat:0.000000000degN lon:0.000000000degE alt:0.000000000 fix:0 sat:0 dil:0.000000000 ms:22507 err:0

0:00:27.758	TRACE	src/sensors/gps.c:115:	Succesfully updated GPS data dd:28 mm:6 yyyy:2006 time:122336.000000000 lat:0.000000000degN lon:0.000000000degE alt:0.000000000 fix:0 sat:0 dil:0.000000000 ms:22507 err:0

0:00:27.951	TRACE	src/main.c:57:	Reset watchdog.

0:00:28.010	TRACE	src/sensors/adc.c:95:	Successfully retrieved ADC data vbat:4817 therm:2231 err:0

0:00:28.154	TRACE	src/sensors/bme.c:224:	Succesfully read BME data therm:2371 press:997074 hum:47 alt:243 err:0

0:00:28.193	TRACE	src/sensors/imu.c:96:	Succesfully read IMU data ax:-0.016601562 ay:0.069580078 az:1.013671875 gx:14.045801162 gy:-0.282442748 gz:0.198473289 therm:26.735765457 err:0

0:00:28.244	TRACE	src/sensors/ltr.c:54:	Succesfully read LTR data ch0:1105 ch1:576 err:0

0:00:28.272	TRACE	src/sensors/therm.c:99:	Succesfully read therm data therm0:2136 therm1:2148 err:0

0:00:28.299 DATA:

	vbat:4817 therm:2231 err:0

	therm:2371 press:997074 hum:47 alt:243 err:0

	dd:28 mm:6 yyyy:2006 time:122336.000000 lat:0.000000degN lon:0.000000degE alt:0.000000 fix:0 sat:0 dil:0.000000 ms:22507 err:0

	ax:-0.016602 ay:0.069580 az:1.013672 gx:14.045801 gy:-0.282443 gz:0.198473 therm:26.735765 err:0

	ch0:1105 ch1:576 err:0

	therm0:2136 therm1:2148 err:0

0:00:28.758	TRACE	src/sensors/gps.c:115:	Succesfully updated GPS data dd:28 mm:6 yyyy:2006 time:122337.000000000 lat:0.000000000degN lon:0.000000000degE alt:0.000000000 fix:0 sat:0 dil:0.000000000 ms:22507 err:0

0:00:29.500	TRACE	src/main.c:57:	Reset watchdog.

0:00:29.511	TRACE	src/sensors/gps.c:115:	Succesfully updated GPS data dd:28 mm:6 yyyy:2006 time:122338.000000000 lat:0.000000000degN lon:0.000000000degE alt:0.000000000 fix:0 sat:0 dil:0.000000000 ms:29507 err:0

0:00:29.567	TRACE	src/sensors/adc.c:95:	Successfully retrieved ADC data vbat:4785 therm:2296 err:0

0:00:29.711	TRACE	src/sensors/bme.c:224:	Succesfully read BME data therm:2372 press:997067 hum:47 alt:249 err:0

0:00:29.754	TRACE	src/sensors/imu.c:96:	Succesfully read IMU data ax:-0.022949218 ay:0.071533203 az:1.001708984 gx:13.679388999 gy:-0.664122164 gz:-0.068702287 therm:26.496150970 err:0

0:00:29.800	TRACE	src/sensors/gps.c:115:	Succesfully updated GPS data dd:28 mm:6 yyyy:2006 time:122338.000000000 lat:0.000000000degN lon:0.000000000degE alt:0.000000000 fix:0 sat:0 dil:0.000000000 ms:29507 err:0

0:00:29.855	TRACE	src/sensors/ltr.c:54:	Succesfully read LTR data ch0:1103 ch1:575 err:0

0:00:29.888	TRACE	src/sensors/therm.c:99:	Succesfully read therm data therm0:2136 therm1:2148 err:0

0:00:29.912 DATA:

	vbat:4785 therm:2296 err:0

	therm:2372 press:997067 hum:47 alt:249 err:0

	dd:28 mm:6 yyyy:2006 time:122338.000000 lat:0.000000degN lon:0.000000degE alt:0.000000 fix:0 sat:0 dil:0.000000 ms:29507 err:0

	ax:-0.022949 ay:0.071533 az:1.001709 gx:13.679389 gy:-0.664122 gz:-0.068702 therm:26.496151 err:0

	ch0:1103 ch1:575 err:0

	therm0:2136 therm1:2148 err:0

0:00:35.061	TRACE	src/sensors/gps.c:115:	Succesfully updated GPS data dd:28 mm:6 yyyy:2006 time:122339.000000000 lat:0.000000000degN lon:0.000000000degE alt:0.000000000 fix:0 sat:0 dil:0.000000000 ms:30507 err:0

0:00:35.758	TRACE	src/sensors/gps.c:115:	Succesfully updated GPS data dd:28 mm:6 yyyy:2006 time:122344.000000000 lat:0.000000000degN lon:0.000000000degE alt:0.000000000 fix:0 sat:0 dil:0.000000000 ms:30507 err:0

0:00:36.061	TRACE	src/main.c:57:	Reset watchdog.

0:00:36.124	TRACE	src/sensors/adc.c:95:	Successfully retrieved ADC data vbat:4809 therm:2296 err:0

0:00:36.266	TRACE	src/sensors/bme.c:224:	Succesfully read BME data therm:2377 press:997104 hum:47 alt:218 err:0

0:00:36.306	TRACE	src/sensors/imu.c:96:	Succesfully read IMU data ax:-0.024902343 ay:0.066894531 az:1.011230468 gx:14.412213325 gy:-0.664122164 gz:0.145038172 therm:26.591997146 err:0

0:00:36.358	TRACE	src/sensors/ltr.c:54:	Succesfully read LTR data ch0:1107 ch1:573 err:0

0:00:36.386	TRACE	src/sensors/therm.c:99:	Succesfully read therm data therm0:2142 therm1:2154 err:0

0:00:36.411 DATA:

	vbat:4809 therm:2296 err:0

	therm:2377 press:997104 hum:47 alt:218 err:0

	dd:28 mm:6 yyyy:2006 time:122344.000000 lat:0.000000degN lon:0.000000degE alt:0.000000 fix:0 sat:0 dil:0.000000 ms:30507 err:0

	ax:-0.024902 ay:0.066895 az:1.011230 gx:14.412213 gy:-0.664122 gz:0.145038 therm:26.591997 err:0

	ch0:1107 ch1:573 err:0

	therm0:2142 therm1:2154 err:0

0:00:36.508	TRACE	src/sensors/gps.c:115:	Succesfully updated GPS data dd:28 mm:6 yyyy:2006 time:122345.000000000 lat:0.000000000degN lon:0.000000000degE alt:0.000000000 fix:0 sat:0 dil:0.000000000 ms:36507 err:0

0:00:41.612	TRACE	src/sensors/gps.c:115:	Succesfully updated GPS data dd:28 mm:6 yyyy:2006 time:122345.000000000 lat:0.000000000degN lon:0.000000000degE alt:0.000000000 fix:0 sat:0 dil:0.000000000 ms:36507 err:0

0:00:41.758	TRACE	src/sensors/gps.c:115:	Succesfully updated GPS data dd:28 mm:6 yyyy:2006 time:122350.000000000 lat:0.000000000degN lon:0.000000000degE alt:0.000000000 fix:0 sat:0 dil:0.000000000 ms:36507 err:0

0:00:42.507	TRACE	src/sensors/gps.c:115:	Succesfully updated GPS data dd:28 mm:6 yyyy:2006 time:122351.000000000 lat:0.000000000degN lon:0.000000000degE alt:0.000000000 fix:0 sat:0 dil:0.000000000 ms:42507 err:0

0:00:42.612	TRACE	src/main.c:57:	Reset watchdog.

0:00:42.673	TRACE	src/sensors/adc.c:95:	Successfully retrieved ADC data vbat:4817 therm:2328 err:0

0:00:42.758	TRACE	src/sensors/gps.c:115:	Succesfully updated GPS data dd:28 mm:6 yyyy:2006 time:122351.000000000 lat:0.000000000degN lon:0.000000000degE alt:0.000000000 fix:0 sat:0 dil:0.000000000 ms:42507 err:0

0:00:42.815	TRACE	src/sensors/bme.c:224:	Succesfully read BME data therm:2381 press:997087 hum:47 alt:232 err:0

0:00:42.855	TRACE	src/sensors/imu.c:96:	Succesfully read IMU data ax:-0.028320312 ay:0.061279296 az:0.998291015 gx:14.778626441 gy:-0.641221404 gz:0.038167938 therm:26.448228836 err:0

0:00:42.907	TRACE	src/sensors/ltr.c:54:	Succesfully read LTR data ch0:1103 ch1:574 err:0

0:00:42.937	TRACE	src/sensors/therm.c:99:	Succesfully read therm data therm0:2142 therm1:2154 err:0

0:00:42.961 DATA:

	vbat:4817 therm:2328 err:0

	therm:2381 press:997087 hum:47 alt:232 err:0

	dd:28 mm:6 yyyy:2006 time:122351.000000 lat:0.000000degN lon:0.000000degE alt:0.000000 fix:0 sat:0 dil:0.000000 ms:42507 err:0

	ax:-0.028320 ay:0.061279 az:0.998291 gx:14.778626 gy:-0.641221 gz:0.038168 therm:26.448229 err:0

	ch0:1103 ch1:574 err:0

	therm0:2142 therm1:2154 err:0

0:00:48.107	TRACE	src/sensors/gps.c:115:	Succesfully updated GPS data dd:28 mm:6 yyyy:2006 time:122352.000000000 lat:0.000000000degN lon:0.000000000degE alt:0.000000000 fix:0 sat:0 dil:0.000000000 ms:43507 err:0

0:00:48.758	TRACE	src/sensors/gps.c:115:	Succesfully updated GPS data dd:28 mm:6 yyyy:2006 time:122357.000000000 lat:0.000000000degN lon:0.000000000degE alt:0.000000000 fix:0 sat:0 dil:0.000000000 ms:43507 err:0

0:00:49.107	TRACE	src/main.c:57:	Reset watchdog.

0:00:49.167	TRACE	src/sensors/adc.c:95:	Successfully retrieved ADC data vbat:4809 therm:2328 err:0

0:00:49.312	TRACE	src/sensors/bme.c:224:	Succesfully read BME data therm:2387 press:997054 hum:47 alt:4 err:0

0:00:49.352	TRACE	src/sensors/imu.c:96:	Succesfully read IMU data ax:-0.025390625 ay:0.063232421 az:1.000244140 gx:13.923664093 gy:-0.671755731 gz:0.083969466 therm:26.448228836 err:0

0:00:49.403	TRACE	src/sensors/ltr.c:54:	Succesfully read LTR data ch0:1105 ch1:498 err:0

0:00:49.431	TRACE	src/sensors/therm.c:99:	Succesfully read therm data therm0:2142 therm1:2160 err:0

0:00:49.457 DATA:

	vbat:4809 therm:2328 err:0

	therm:2387 press:997054 hum:47 alt:4 err:0

	dd:28 mm:6 yyyy:2006 time:122357.000000 lat:0.000000degN lon:0.000000degE alt:0.000000 fix:0 sat:0 dil:0.000000 ms:43507 err:0

	ax:-0.025391 ay:0.063232 az:1.000244 gx:13.923664 gy:-0.671756 gz:0.083969 therm:26.448229 err:0

	ch0:1105 ch1:498 err:0

	therm0:2142 therm1:2160 err:0

0:00:49.553	TRACE	src/sensors/gps.c:115:	Succesfully updated GPS data dd:28 mm:6 yyyy:2006 time:122358.000000000 lat:0.000000000degN lon:0.000000000degE alt:0.000000000 fix:0 sat:0 dil:0.000000000 ms:49507 err:0

0:00:00.604	TRACE	src/sensors/adc.c:52:	Succesfully initialized ADC (empty function)

0:00:00.657	TRACE	src/sensors/bme.c:81:	Successfully initialized BME!

0:00:00.721	TRACE	src/sensors/gps.c:138:	Successfully initialized GPS Serial Driver!

0:00:00.740	TRACE	src/sensors/imu.c:33:	Successfully intialized IMU.

0:00:00.769	TRACE	src/sensors/ltr.c:29:	Succesfully initialized LTR.

0:00:00.784	TRACE	src/sensors/therm.c:35:	Successfully initialized therm sensor with ID 0!

0:00:00.808	TRACE	src/sensors/therm.c:35:	Successfully initialized therm sensor with ID 1!

0:00:01.012	WARN 	src/pi2c.c:44:	I2C Message Reset on address 0x3C

0:00:01.083	TRACE	src/sensors/gps.c:115:	Succesfully updated GPS data dd:0 mm:0 yyyy:0 time:115945.000000000 lat:0.000000000degN lon:0.000000000degE alt:0.000000000 fix:0 sat:0 dil:0.000000000 ms:1083 err:0

0:00:01.335	TRACE	src/sensors/gps.c:115:	Succesfully updated GPS data dd:28 mm:6 yyyy:2006 time:115945.000000000 lat:0.000000000degN lon:0.000000000degE alt:0.000000000 fix:0 sat:0 dil:0.000000000 ms:1083 err:0

0:00:02.084	TRACE	src/sensors/gps.c:115:	Succesfully updated GPS data dd:28 mm:6 yyyy:2006 time:115946.000000000 lat:0.000000000degN lon:0.000000000degE alt:0.000000000 fix:0 sat:0 dil:0.000000000 ms:2084 err:0

0:00:02.134	INFO 	src/main.c:45:	Initialized with err 0.

0:00:02.199	TRACE	src/sensors/adc.c:95:	Successfully retrieved ADC data vbat:4874 therm:1845 err:0

0:00:02.335	TRACE	src/sensors/gps.c:115:	Succesfully updated GPS data dd:28 mm:6 yyyy:2006 time:115946.000000000 lat:0.000000000degN lon:0.000000000degE alt:0.000000000 fix:0 sat:0 dil:0.000000000 ms:2084 err:0

0:00:02.386	TRACE	src/sensors/bme.c:224:	Succesfully read BME data therm:2373 press:997110 hum:47 alt:213 err:0

0:00:02.428	TRACE	src/sensors/imu.c:96:	Succesfully read IMU data ax:-0.024658203 ay:0.071289062 az:0.999755859 gx:14.534351348 gy:-0.564885497 gz:0.030534351 therm:26.591997146 err:0

0:00:02.477	TRACE	src/sensors/ltr.c:54:	Succesfully read LTR data ch0:787 ch1:403 err:0

0:00:02.503	TRACE	src/sensors/therm.c:99:	Succesfully read therm data therm0:2124 therm1:2160 err:0

0:00:02.525 DATA:

	vbat:4874 therm:1845 err:0

	therm:2373 press:997110 hum:47 alt:213 err:0

	dd:28 mm:6 yyyy:2006 time:115946.000000 lat:0.000000degN lon:0.000000degE alt:0.000000 fix:0 sat:0 dil:0.000000 ms:2084 err:0

	ax:-0.024658 ay:0.071289 az:0.999756 gx:14.534351 gy:-0.564885 gz:0.030534 therm:26.591997 err:0

	ch0:787 ch1:403 err:0

	therm0:2124 therm1:2160 err:0

0:00:03.084	TRACE	src/sensors/gps.c:115:	Succesfully updated GPS data dd:28 mm:6 yyyy:2006 time:115947.000000000 lat:0.000000000degN lon:0.000000000degE alt:0.000000000 fix:0 sat:0 dil:0.000000000 ms:3084 err:0

0:00:03.335	TRACE	src/sensors/gps.c:115:	Succesfully updated GPS data dd:28 mm:6 yyyy:2006 time:115947.000000000 lat:0.000000000degN lon:0.000000000degE alt:0.000000000 fix:0 sat:0 dil:0.000000000 ms:3084 err:0

0:00:03.623	TRACE	src/main.c:57:	Reset watchdog.

0:00:03.682	TRACE	src/sensors/adc.c:95:	Successfully retrieved ADC data vbat:4777 therm:2102 err:0

0:00:03.822	TRACE	src/sensors/bme.c:224:	Succesfully read BME data therm:2375 press:997089 hum:47 alt:230 err:0

0:00:03.860	TRACE	src/sensors/imu.c:96:	Succesfully read IMU data ax:-0.024902343 ay:0.070312500 az:1.000732421 gx:14.045801162 gy:-0.580152690 gz:-0.030534351 therm:26.448228836 err:0

0:00:03.909	TRACE	src/sensors/ltr.c:54:	Succesfully read LTR data ch0:787 ch1:427 err:0

0:00:03.935	TRACE	src/sensors/therm.c:99:	Succesfully read therm data therm0:2130 therm1:2160 err:0

0:00:03.957 DATA:

	vbat:4777 therm:2102 err:0

	therm:2375 press:997089 hum:47 alt:230 err:0

	dd:28 mm:6 yyyy:2006 time:115947.000000 lat:0.000000degN lon:0.000000degE alt:0.000000 fix:0 sat:0 dil:0.000000 ms:3084 err:0

	ax:-0.024902 ay:0.070312 az:1.000732 gx:14.045801 gy:-0.580153 gz:-0.030534 therm:26.448229 err:0

	ch0:787 ch1:427 err:0

	therm0:2130 therm1:2160 err:0

0:00:04.084	TRACE	src/sensors/gps.c:115:	Succesfully updated GPS data dd:28 mm:6 yyyy:2006 time:115948.000000000 lat:0.000000000degN lon:0.000000000degE alt:0.000000000 fix:0 sat:0 dil:0.000000000 ms:4084 err:0

0:00:04.335	TRACE	src/sensors/gps.c:115:	Succesfully updated GPS data dd:28 mm:6 yyyy:2006 time:115948.000000000 lat:0.000000000degN lon:0.000000000degE alt:0.000000000 fix:0 sat:0 dil:0.000000000 ms:4084 err:0

0:00:05.055	TRACE	src/main.c:57:	Reset watchdog.

0:00:05.084	TRACE	src/sensors/gps.c:115:	Succesfully updated GPS data dd:28 mm:6 yyyy:2006 time:115949.000000000 lat:0.000000000degN lon:0.000000000degE alt:0.000000000 fix:0 sat:0 dil:0.000000000 ms:5084 err:0

0:00:05.134	TRACE	src/sensors/adc.c:95:	Successfully retrieved ADC data vbat:4809 therm:2135 err:0

0:00:05.279	TRACE	src/sensors/bme.c:224:	Succesfully read BME data therm:2374 press:997091 hum:47 alt:229 err:0

0:00:05.317	TRACE	src/sensors/imu.c:96:	Succesfully read IMU data ax:-0.023925781 ay:0.066162109 az:1.001464843 gx:14.045801162 gy:-0.450381666 gz:0.000000000 therm:26.591997146 err:0

0:00:05.361	TRACE	src/sensors/gps.c:115:	Succesfully updated GPS data dd:28 mm:6 yyyy:2006 time:115949.000000000 lat:0.000000000degN lon:0.000000000degE alt:0.000000000 fix:0 sat:0 dil:0.000000000 ms:5084 err:0

0:00:05.416	TRACE	src/sensors/ltr.c:54:	Succesfully read LTR data ch0:824 ch1:437 err:0

0:00:05.446	TRACE	src/sensors/therm.c:99:	Succesfully read therm data therm0:2130 therm1:2160 err:0

0:00:05.468 DATA:

	vbat:4809 therm:2135 err:0

	therm:2374 press:997091 hum:47 alt:229 err:0

	dd:28 mm:6 yyyy:2006 time:115949.000000 lat:0.000000degN lon:0.000000degE alt:0.000000 fix:0 sat:0 dil:0.000000 ms:5084 err:0

	ax:-0.023926 ay:0.066162 az:1.001465 gx:14.045801 gy:-0.450382 gz:0.000000 therm:26.591997 err:0

	ch0:824 ch1:437 err:0

	therm0:2130 therm1:2160 err:0

0:00:06.084	TRACE	src/sensors/gps.c:115:	Succesfully updated GPS data dd:28 mm:6 yyyy:2006 time:115950.000000000 lat:0.000000000degN lon:0.000000000degE alt:0.000000000 fix:0 sat:0 dil:0.000000000 ms:6084 err:0

0:00:06.335	TRACE	src/sensors/gps.c:115:	Succesfully updated GPS data dd:28 mm:6 yyyy:2006 time:115950.000000000 lat:0.000000000degN lon:0.000000000degE alt:0.000000000 fix:0 sat:0 dil:0.000000000 ms:6084 err:0

0:00:06.567	TRACE	src/main.c:57:	Reset watchdog.

0:00:06.625	TRACE	src/sensors/adc.c:95:	Successfully retrieved ADC data vbat:4809 therm:2167 err:0

0:00:06.765	TRACE	src/sensors/bme.c:224:	Succesfully read BME data therm:2373 press:997080 hum:47 alt:238 err:0

0:00:06.803	TRACE	src/sensors/imu.c:96:	Succesfully read IMU data ax:-0.021972656 ay:0.065185546 az:1.001220703 gx:14.778626441 gy:-0.488549619 gz:0.015267175 therm:26.735765457 err:0

0:00:06.852	TRACE	src/sensors/ltr.c:54:	Succesfully read LTR data ch0:842 ch1:429 err:0

0:00:06.878	TRACE	src/sensors/therm.c:99:	Succesfully read therm data therm0:2130 therm1:2160 err:0

0:00:06.900 DATA:

	vbat:4809 therm:2167 err:0

	therm:2373 press:997080 hum:47 alt:238 err:0

	dd:28 mm:6 yyyy:2006 time:115950.000000 lat:0.000000degN lon:0.000000degE alt:0.000000 fix:0 sat:0 dil:0.000000 ms:6084 err:0

	ax:-0.021973 ay:0.065186 az:1.001221 gx:14.778626 gy:-0.488550 gz:0.015267 therm:26.735765 err:0

	ch0:842 ch1:429 err:0

	therm0:2130 therm1:2160 err:0

0:00:07.084	TRACE	src/sensors/gps.c:115:	Succesfully updated GPS data dd:28 mm:6 yyyy:2006 time:115951.000000000 lat:0.000000000degN lon:0.000000000degE alt:0.000000000 fix:0 sat:0 dil:0.000000000 ms:7084 err:0

0:00:07.335	TRACE	src/sensors/gps.c:115:	Succesfully updated GPS data dd:28 mm:6 yyyy:2006 time:115951.000000000 lat:0.000000000degN lon:0.000000000degE alt:0.000000000 fix:0 sat:0 dil:0.000000000 ms:7084 err:0

0:00:07.998	TRACE	src/main.c:57:	Reset watchdog.

0:00:08.057	TRACE	src/sensors/adc.c:95:	Successfully retrieved ADC data vbat:4874 therm:2167 err:0

0:00:08.084	TRACE	src/sensors/gps.c:115:	Succesfully updated GPS data dd:28 mm:6 yyyy:2006 time:115952.000000000 lat:0.000000000degN lon:0.000000000degE alt:0.000000000 fix:0 sat:0 dil:0.000000000 ms:8084 err:0

0:00:08.197	TRACE	src/sensors/bme.c:224:	Succesfully read BME data therm:2375 press:997099 hum:47 alt:222 err:0

0:00:08.235	TRACE	src/sensors/imu.c:96:	Succesfully read IMU data ax:-0.027099609 ay:0.064941406 az:1.002685546 gx:14.412213325 gy:-1.656488537 gz:0.534351170 therm:26.591997146 err:0

0:00:08.284	TRACE	src/sensors/ltr.c:54:	Succesfully read LTR data ch0:827 ch1:429 err:0

0:00:08.310	TRACE	src/sensors/therm.c:99:	Succesfully read therm data therm0:2136 therm1:2160 err:0

0:00:08.332 DATA:

	vbat:4874 therm:2167 err:0

	therm:2375 press:997099 hum:47 alt:222 err:0

	dd:28 mm:6 yyyy:2006 time:115952.000000 lat:0.000000degN lon:0.000000degE alt:0.000000 fix:0 sat:0 dil:0.000000 ms:8084 err:0

	ax:-0.027100 ay:0.064941 az:1.002686 gx:14.412213 gy:-1.656489 gz:0.534351 therm:26.591997 err:0

	ch0:827 ch1:429 err:0

	therm0:2136 therm1:2160 err:0

0:00:08.430	TRACE	src/sensors/gps.c:115:	Succesfully updated GPS data dd:28 mm:6 yyyy:2006 time:115952.000000000 lat:0.000000000degN lon:0.000000000degE alt:0.000000000 fix:0 sat:0 dil:0.000000000 ms:8084 err:0

0:00:09.084	TRACE	src/sensors/gps.c:115:	Succesfully updated GPS data dd:28 mm:6 yyyy:2006 time:115953.000000000 lat:0.000000000degN lon:0.000000000degE alt:0.000000000 fix:0 sat:0 dil:0.000000000 ms:9084 err:0

0:00:09.335	TRACE	src/sensors/gps.c:115:	Succesfully updated GPS data dd:28 mm:6 yyyy:2006 time:115953.000000000 lat:0.000000000degN lon:0.000000000degE alt:0.000000000 fix:0 sat:0 dil:0.000000000 ms:9084 err:0

0:00:09.485	TRACE	src/main.c:57:	Reset watchdog.

0:00:09.543	TRACE	src/sensors/adc.c:95:	Successfully retrieved ADC data vbat:4825 therm:2199 err:0

0:00:09.683	TRACE	src/sensors/bme.c:224:	Succesfully read BME data therm:2375 press:997074 hum:47 alt:243 err:0

0:00:09.722	TRACE	src/sensors/imu.c:96:	Succesfully read IMU data ax:-0.024658203 ay:0.062500000 az:1.002197265 gx:14.412213325 gy:-0.717557251 gz:-0.152671754 therm:26.783687591 err:0

0:00:09.771	TRACE	src/sensors/ltr.c:54:	Succesfully read LTR data ch0:819 ch1:407 err:0

0:00:09.797	TRACE	src/sensors/therm.c:99:	Succesfully read therm data therm0:2136 therm1:2160 err:0

0:00:09.819 DATA:

	vbat:4825 therm:2199 err:0

	therm:2375 press:997074 hum:47 alt:243 err:0

	dd:28 mm:6 yyyy:2006 time:115953.000000 lat:0.000000degN lon:0.000000degE alt:0.000000 fix:0 sat:0 dil:0.000000 ms:9084 err:0

	ax:-0.024658 ay:0.062500 az:1.002197 gx:14.412213 gy:-0.717557 gz:-0.152672 therm:26.783688 err:0

	ch0:819 ch1:407 err:0

	therm0:2136 therm1:2160 err:0

0:00:10.084	TRACE	src/sensors/gps.c:115:	Succesfully updated GPS data dd:28 mm:6 yyyy:2006 time:115954.000000000 lat:0.000000000degN lon:0.000000000degE alt:0.000000000 fix:0 sat:0 dil:0.000000000 ms:10084 err:0

0:00:10.335	TRACE	src/sensors/gps.c:115:	Succesfully updated GPS data dd:28 mm:6 yyyy:2006 time:115954.000000000 lat:0.000000000degN lon:0.000000000degE alt:0.000000000 fix:0 sat:0 dil:0.000000000 ms:10084 err:0

0:00:10.917	TRACE	src/main.c:57:	Reset watchdog.

0:00:10.975	TRACE	src/sensors/adc.c:95:	Successfully retrieved ADC data vbat:4882 therm:2231 err:0

0:00:11.084	TRACE	src/sensors/gps.c:115:	Succesfully updated GPS data dd:28 mm:6 yyyy:2006 time:115955.000000000 lat:0.000000000degN lon:0.000000000degE alt:0.000000000 fix:0 sat:0 dil:0.000000000 ms:11084 err:0

0:00:11.135	TRACE	src/sensors/bme.c:224:	Succesfully read BME data therm:2376 press:997112 hum:47 alt:211 err:0

0:00:11.177	TRACE	src/sensors/imu.c:96:	Succesfully read IMU data ax:-0.025878906 ay:0.068603515 az:1.020996093 gx:14.778626441 gy:-0.786259531 gz:0.259541988 therm:26.831611633 err:0

0:00:11.227	TRACE	src/sensors/ltr.c:54:	Succesfully read LTR data ch0:783 ch1:573 err:0

0:00:11.252	TRACE	src/sensors/therm.c:99:	Succesfully read therm data therm0:2142 therm1:2160 err:0

0:00:11.274 DATA:

	vbat:4882 therm:2231 err:0

	therm:2376 press:997112 hum:47 alt:211 err:0

	dd:28 mm:6 yyyy:2006 time:115955.000000 lat:0.000000degN lon:0.000000degE alt:0.000000 fix:0 sat:0 dil:0.000000 ms:11084 err:0

	ax:-0.025879 ay:0.068604 az:1.020996 gx:14.778626 gy:-0.786260 gz:0.259542 therm:26.831612 err:0

	ch0:783 ch1:573 err:0

	therm0:2142 therm1:2160 err:0

0:00:11.373	TRACE	src/sensors/gps.c:115:	Succesfully updated GPS data dd:28 mm:6 yyyy:2006 time:115955.000000000 lat:0.000000000degN lon:0.000000000degE alt:0.000000000 fix:0 sat:0 dil:0.000000000 ms:11084 err:0

0:00:12.083	TRACE	src/sensors/gps.c:115:	Succesfully updated GPS data dd:28 mm:6 yyyy:2006 time:115956.000000000 lat:0.000000000degN lon:0.000000000degE alt:0.000000000 fix:0 sat:0 dil:0.000000000 ms:12083 err:0

0:00:12.335	TRACE	src/sensors/gps.c:115:	Succesfully updated GPS data dd:28 mm:6 yyyy:2006 time:115956.000000000 lat:0.000000000degN lon:0.000000000degE alt:0.000000000 fix:0 sat:0 dil:0.000000000 ms:12083 err:0

0:00:12.428	TRACE	src/main.c:57:	Reset watchdog.

0:00:12.486	TRACE	src/sensors/adc.c:95:	Successfully retrieved ADC data vbat:4882 therm:2167 err:0

0:00:12.626	TRACE	src/sensors/bme.c:224:	Succesfully read BME data therm:2376 press:997093 hum:47 alt:227 err:0

0:00:12.665	TRACE	src/sensors/imu.c:96:	Succesfully read IMU data ax:-0.026855468 ay:0.072265625 az:1.004882812 gx:14.412213325 gy:-0.534351170 gz:-0.160305351 therm:26.496150970 err:0

0:00:12.714	TRACE	src/sensors/ltr.c:54:	Succesfully read LTR data ch0:1103 ch1:576 err:0

0:00:12.740	TRACE	src/sensors/therm.c:99:	Succesfully read therm data therm0:2142 therm1:2160 err:0

0:00:12.762 DATA:

	vbat:4882 therm:2167 err:0

	therm:2376 press:997093 hum:47 alt:227 err:0

	dd:28 mm:6 yyyy:2006 time:115956.000000 lat:0.000000degN lon:0.000000degE alt:0.000000 fix:0 sat:0 dil:0.000000 ms:12083 err:0

	ax:-0.026855 ay:0.072266 az:1.004883 gx:14.412213 gy:-0.534351 gz:-0.160305 therm:26.496151 err:0

	ch0:1103 ch1:576 err:0

	therm0:2142 therm1:2160 err:0

0:00:13.084	TRACE	src/sensors/gps.c:115:	Succesfully updated GPS data dd:28 mm:6 yyyy:2006 time:115957.000000000 lat:0.000000000degN lon:0.000000000degE alt:0.000000000 fix:0 sat:0 dil:0.000000000 ms:13084 err:0

0:00:13.335	TRACE	src/sensors/gps.c:115:	Succesfully updated GPS data dd:28 mm:6 yyyy:2006 time:115957.000000000 lat:0.000000000degN lon:0.000000000degE alt:0.000000000 fix:0 sat:0 dil:0.000000000 ms:13084 err:0

0:00:13.861	TRACE	src/main.c:57:	Reset watchdog.

0:00:13.919	TRACE	src/sensors/adc.c:95:	Successfully retrieved ADC data vbat:4761 therm:2199 err:0

0:00:14.059	TRACE	src/sensors/bme.c:224:	Succesfully read BME data therm:2377 press:997113 hum:47 alt:210 err:0

0:00:14.084	TRACE	src/sensors/gps.c:115:	Succesfully updated GPS data dd:28 mm:6 yyyy:2006 time:115958.000000000 lat:0.000000000degN lon:0.000000000degE alt:0.000000000 fix:0 sat:0 dil:0.000000000 ms:14084 err:0

0:00:14.140	TRACE	src/sensors/imu.c:96:	Succesfully read IMU data ax:-0.023193359 ay:0.068603515 az:1.003417968 gx:14.412213325 gy:-0.396946579 gz:-0.068702287 therm:26.735765457 err:0

0:00:14.193	TRACE	src/sensors/ltr.c:54:	Succesfully read LTR data ch0:1105 ch1:576 err:0

0:00:14.219	TRACE	src/sensors/therm.c:99:	Succesfully read therm data therm0:2142 therm1:2160 err:0

0:00:14.242 DATA:

	vbat:4761 therm:2199 err:0

	therm:2377 press:997113 hum:47 alt:210 err:0

	dd:28 mm:6 yyyy:2006 time:115957.000000 lat:0.000000degN lon:0.000000degE alt:0.000000 fix:0 sat:0 dil:0.000000 ms:13084 err:0

	ax:-0.023193 ay:0.068604 az:1.003418 gx:14.412213 gy:-0.396947 gz:-0.068702 therm:26.735765 err:0

	ch0:1105 ch1:576 err:0

	therm0:2142 therm1:2160 err:0

0:00:14.340	TRACE	src/sensors/gps.c:115:	Succesfully updated GPS data dd:28 mm:6 yyyy:2006 time:115958.000000000 lat:0.000000000degN lon:0.000000000degE alt:0.000000000 fix:0 sat:0 dil:0.000000000 ms:14084 err:0

0:00:15.084	TRACE	src/sensors/gps.c:115:	Succesfully updated GPS data dd:28 mm:6 yyyy:2006 time:115959.000000000 lat:0.000000000degN lon:0.000000000degE alt:0.000000000 fix:0 sat:0 dil:0.000000000 ms:15084 err:0

0:00:15.335	TRACE	src/sensors/gps.c:115:	Succesfully updated GPS data dd:28 mm:6 yyyy:2006 time:115959.000000000 lat:0.000000000degN lon:0.000000000degE alt:0.000000000 fix:0 sat:0 dil:0.000000000 ms:15084 err:0

0:00:15.396	TRACE	src/main.c:57:	Reset watchdog.

0:00:15.454	TRACE	src/sensors/adc.c:95:	Successfully retrieved ADC data vbat:4898 therm:2231 err:0

0:00:15.594	TRACE	src/sensors/bme.c:224:	Succesfully read BME data therm:2378 press:997119 hum:47 alt:205 err:0

0:00:15.633	TRACE	src/sensors/imu.c:96:	Succesfully read IMU data ax:-0.027099609 ay:0.061035156 az:0.989990234 gx:14.045801162 gy:-0.633587777 gz:-0.290076345 therm:26.496150970 err:0

0:00:15.682	TRACE	src/sensors/ltr.c:54:	Succesfully read LTR data ch0:1105 ch1:575 err:0

0:00:15.708	TRACE	src/sensors/therm.c:99:	Succesfully read therm data therm0:2142 therm1:2160 err:0

0:00:15.730 DATA:

	vbat:4898 therm:2231 err:0

	therm:2378 press:997119 hum:47 alt:205 err:0

	dd:28 mm:6 yyyy:2006 time:115959.000000 lat:0.000000degN lon:0.000000degE alt:0.000000 fix:0 sat:0 dil:0.000000 ms:15084 err:0

	ax:-0.027100 ay:0.061035 az:0.989990 gx:14.045801 gy:-0.633588 gz:-0.290076 therm:26.496151 err:0

	ch0:1105 ch1:575 err:0

	therm0:2142 therm1:2160 err:0

0:00:16.084	TRACE	src/sensors/gps.c:115:	Succesfully updated GPS data dd:28 mm:6 yyyy:2006 time:120000.000000000 lat:0.000000000degN lon:0.000000000degE alt:0.000000000 fix:0 sat:0 dil:0.000000000 ms:16084 err:0

0:00:16.335	TRACE	src/sensors/gps.c:115:	Succesfully updated GPS data dd:28 mm:6 yyyy:2006 time:120000.000000000 lat:0.000000000degN lon:0.000000000degE alt:0.000000000 fix:0 sat:0 dil:0.000000000 ms:16084 err:0

0:00:16.829	TRACE	src/main.c:57:	Reset watchdog.

0:00:16.887	TRACE	src/sensors/adc.c:95:	Successfully retrieved ADC data vbat:4938 therm:2199 err:0

0:00:17.027	TRACE	src/sensors/bme.c:224:	Succesfully read BME data therm:2379 press:997115 hum:47 alt:208 err:0

0:00:17.065	TRACE	src/sensors/imu.c:96:	Succesfully read IMU data ax:-0.033691406 ay:0.058837890 az:0.998779296 gx:14.412213325 gy:-0.206106871 gz:0.137404575 therm:26.496150970 err:0

0:00:17.109	TRACE	src/sensors/gps.c:115:	Succesfully updated GPS data dd:28 mm:6 yyyy:2006 time:120001.000000000 lat:0.000000000degN lon:0.000000000degE alt:0.000000000 fix:0 sat:0 dil:0.000000000 ms:17084 err:0

0:00:17.165	TRACE	src/sensors/ltr.c:54:	Succesfully read LTR data ch0:1107 ch1:575 err:0

0:00:17.195	TRACE	src/sensors/therm.c:99:	Succesfully read therm data therm0:2148 therm1:2160 err:0

0:00:17.217 DATA:

	vbat:4938 therm:2199 err:0

	therm:2379 press:997115 hum:47 alt:208 err:0

	dd:28 mm:6 yyyy:2006 time:120000.000000 lat:0.000000degN lon:0.000000degE alt:0.000000 fix:0 sat:0 dil:0.000000 ms:16084 err:0

	ax:-0.033691 ay:0.058838 az:0.998779 gx:14.412213 gy:-0.206107 gz:0.137405 therm:26.496151 err:0

	ch0:1107 ch1:575 err:0

	therm0:2148 therm1:2160 err:0

0:00:17.335	TRACE	src/sensors/gps.c:115:	Succesfully updated GPS data dd:28 mm:6 yyyy:2006 time:120001.000000000 lat:0.000000000degN lon:0.000000000degE alt:0.000000000 fix:0 sat:0 dil:0.000000000 ms:17084 err:0

0:00:18.083	TRACE	src/sensors/gps.c:115:	Succesfully updated GPS data dd:28 mm:6 yyyy:2006 time:120002.000000000 lat:0.000000000degN lon:0.000000000degE alt:0.000000000 fix:0 sat:0 dil:0.000000000 ms:18083 err:0

0:00:18.316	TRACE	src/main.c:57:	Reset watchdog.

0:00:18.335	TRACE	src/sensors/gps.c:115:	Succesfully updated GPS data dd:28 mm:6 yyyy:2006 time:120002.000000000 lat:0.000000000degN lon:0.000000000degE alt:0.000000000 fix:0 sat:0 dil:0.000000000 ms:18083 err:0

0:00:18.386	TRACE	src/sensors/adc.c:95:	Successfully retrieved ADC data vbat:4890 therm:2231 err:0

0:00:18.530	TRACE	src/sensors/bme.c:224:	Succesfully read BME data therm:2379 press:997101 hum:47 alt:220 err:0

0:00:18.569	TRACE	src/sensors/imu.c:96:	Succesfully read IMU data ax:-0.017089843 ay:0.068359375 az:1.002929687 gx:14.900763511 gy:-0.419847339 gz:-0.083969466 therm:26.448228836 err:0

0:00:18.618	TRACE	src/sensors/ltr.c:54:	Succesfully read LTR data ch0:1107 ch1:575 err:0

0:00:18.644	TRACE	src/sensors/therm.c:99:	Succesfully read therm data therm0:2148 therm1:2160 err:0

0:00:18.666 DATA:

	vbat:4890 therm:2231 err:0

	therm:2379 press:997101 hum:47 alt:220 err:0

	dd:28 mm:6 yyyy:2006 time:120002.000000 lat:0.000000degN lon:0.000000degE alt:0.000000 fix:0 sat:0 dil:0.000000 ms:18083 err:0

	ax:-0.017090 ay:0.068359 az:1.002930 gx:14.900764 gy:-0.419847 gz:-0.083969 therm:26.448229 err:0

	ch0:1107 ch1:575 err:0

	therm0:2148 therm1:2160 err:0

0:00:19.083	TRACE	src/sensors/gps.c:115:	Succesfully updated GPS data dd:28 mm:6 yyyy:2006 time:120003.000000000 lat:0.000000000degN lon:0.000000000degE alt:0.000000000 fix:0 sat:0 dil:0.000000000 ms:19083 err:0

0:00:19.335	TRACE	src/sensors/gps.c:115:	Succesfully updated GPS data dd:28 mm:6 yyyy:2006 time:120003.000000000 lat:0.000000000degN lon:0.000000000degE alt:0.000000000 fix:0 sat:0 dil:0.000000000 ms:19083 err:0

0:00:19.765	TRACE	src/main.c:57:	Reset watchdog.

0:00:19.823	TRACE	src/sensors/adc.c:95:	Successfully retrieved ADC data vbat:4753 therm:2264 err:0

0:00:19.963	TRACE	src/sensors/bme.c:224:	Succesfully read BME data therm:2380 press:997131 hum:47 alt:195 err:0

0:00:20.002	TRACE	src/sensors/imu.c:96:	Succesfully read IMU data ax:-0.025390625 ay:0.065673828 az:1.002197265 gx:14.900763511 gy:-0.587786257 gz:0.198473289 therm:26.496150970 err:0

0:00:20.051	TRACE	src/sensors/ltr.c:54:	Succesfully read LTR data ch0:1106 ch1:575 err:0

0:00:20.076	TRACE	src/sensors/therm.c:99:	Succesfully read therm data therm0:2148 therm1:2160 err:0

0:00:20.099	TRACE	src/sensors/gps.c:115:	Succesfully updated GPS data dd:28 mm:6 yyyy:2006 time:120004.000000000 lat:0.000000000degN lon:0.000000000degE alt:0.000000000 fix:0 sat:0 dil:0.000000000 ms:20083 err:0

0:00:20.154 DATA:

	vbat:4753 therm:2264 err:0

	therm:2380 press:997131 hum:47 alt:195 err:0

	dd:28 mm:6 yyyy:2006 time:120003.000000 lat:0.000000degN lon:0.000000degE alt:0.000000 fix:0 sat:0 dil:0.000000 ms:19083 err:0

	ax:-0.025391 ay:0.065674 az:1.002197 gx:14.900764 gy:-0.587786 gz:0.198473 therm:26.496151 err:0

	ch0:1106 ch1:575 err:0

	therm0:2148 therm1:2160 err:0

0:00:20.335	TRACE	src/sensors/gps.c:115:	Succesfully updated GPS data dd:28 mm:6 yyyy:2006 time:120004.000000000 lat:0.000000000degN lon:0.000000000degE alt:0.000000000 fix:0 sat:0 dil:0.000000000 ms:20083 err:0

0:00:21.083	TRACE	src/sensors/gps.c:115:	Succesfully updated GPS data dd:28 mm:6 yyyy:2006 time:120005.000000000 lat:0.000000000degN lon:0.000000000degE alt:0.000000000 fix:0 sat:0 dil:0.000000000 ms:21083 err:0

0:00:21.253	TRACE	src/main.c:57:	Reset watchdog.

0:00:21.311	TRACE	src/sensors/adc.c:95:	Successfully retrieved ADC data vbat:4858 therm:2264 err:0

0:00:21.335	TRACE	src/sensors/gps.c:115:	Succesfully updated GPS data dd:28 mm:6 yyyy:2006 time:120005.000000000 lat:0.000000000degN lon:0.000000000degE alt:0.000000000 fix:0 sat:0 dil:0.000000000 ms:21083 err:0

0:00:21.451	TRACE	src/sensors/bme.c:224:	Succesfully read BME data therm:2381 press:997114 hum:47 alt:209 err:0

0:00:21.489	TRACE	src/sensors/imu.c:96:	Succesfully read IMU data ax:-0.025634765 ay:0.063720703 az:1.030761718 gx:15.267175674 gy:-1.305343508 gz:0.244274809 therm:26.591997146 err:0

0:00:21.539	TRACE	src/sensors/ltr.c:54:	Succesfully read LTR data ch0:1107 ch1:575 err:0

0:00:21.564	TRACE	src/sensors/therm.c:99:	Succesfully read therm data therm0:2148 therm1:2160 err:0

0:00:21.587 DATA:

	vbat:4858 therm:2264 err:0

	therm:2381 press:997114 hum:47 alt:209 err:0

	dd:28 mm:6 yyyy:2006 time:120005.000000 lat:0.000000degN lon:0.000000degE alt:0.000000 fix:0 sat:0 dil:0.000000 ms:21083 err:0

	ax:-0.025635 ay:0.063721 az:1.030762 gx:15.267176 gy:-1.305344 gz:0.244275 therm:26.591997 err:0

	ch0:1107 ch1:575 err:0

	therm0:2148 therm1:2160 err:0

0:00:22.084	TRACE	src/sensors/gps.c:115:	Succesfully updated GPS data dd:28 mm:6 yyyy:2006 time:120006.000000000 lat:0.000000000degN lon:0.000000000degE alt:0.000000000 fix:0 sat:0 dil:0.000000000 ms:22084 err:0

0:00:22.335	TRACE	src/sensors/gps.c:115:	Succesfully updated GPS data dd:28 mm:6 yyyy:2006 time:120006.000000000 lat:0.000000000degN lon:0.000000000degE alt:0.000000000 fix:0 sat:0 dil:0.000000000 ms:22084 err:0

0:00:22.685	TRACE	src/main.c:57:	Reset watchdog.

0:00:22.743	TRACE	src/sensors/adc.c:95:	Successfully retrieved ADC data vbat:4874 therm:2199 err:0

0:00:22.884	TRACE	src/sensors/bme.c:224:	Succesfully read BME data therm:2382 press:997102 hum:47 alt:219 err:0

0:00:22.922	TRACE	src/sensors/imu.c:96:	Succesfully read IMU data ax:-0.025146484 ay:0.069824218 az:1.001220703 gx:15.022900581 gy:-0.427480906 gz:0.000000000 therm:26.496150970 err:0

0:00:22.971	TRACE	src/sensors/ltr.c:54:	Succesfully read LTR data ch0:1106 ch1:572 err:0

0:00:22.997	TRACE	src/sensors/therm.c:99:	Succesfully read therm data therm0:2148 therm1:2160 err:0

0:00:23.019 DATA:

	vbat:4874 therm:2199 err:0

	therm:2382 press:997102 hum:47 alt:219 err:0

	dd:28 mm:6 yyyy:2006 time:120006.000000 lat:0.000000degN lon:0.000000degE alt:0.000000 fix:0 sat:0 dil:0.000000 ms:22084 err:0

	ax:-0.025146 ay:0.069824 az:1.001221 gx:15.022901 gy:-0.427481 gz:0.000000 therm:26.496151 err:0

	ch0:1106 ch1:572 err:0

	therm0:2148 therm1:2160 err:0

0:00:23.117	TRACE	src/sensors/gps.c:115:	Succesfully updated GPS data dd:28 mm:6 yyyy:2006 time:120007.000000000 lat:0.000000000degN lon:0.000000000degE alt:0.000000000 fix:0 sat:0 dil:0.000000000 ms:23083 err:0

0:00:23.335	TRACE	src/sensors/gps.c:115:	Succesfully updated GPS data dd:28 mm:6 yyyy:2006 time:120007.000000000 lat:0.000000000degN lon:0.000000000degE alt:0.000000000 fix:0 sat:0 dil:0.000000000 ms:23083 err:0

0:00:24.084	TRACE	src/sensors/gps.c:115:	Succesfully updated GPS data dd:28 mm:6 yyyy:2006 time:120008.000000000 lat:0.000000000degN lon:0.000000000degE alt:0.000000000 fix:0 sat:0 dil:0.000000000 ms:24084 err:0

0:00:24.173	TRACE	src/main.c:57:	Reset watchdog.

0:00:24.231	TRACE	src/sensors/adc.c:95:	Successfully retrieved ADC data vbat:4882 therm:2264 err:0

0:00:24.335	TRACE	src/sensors/gps.c:115:	Succesfully updated GPS data dd:28 mm:6 yyyy:2006 time:120008.000000000 lat:0.000000000degN lon:0.000000000degE alt:0.000000000 fix:0 sat:0 dil:0.000000000 ms:24084 err:0

0:00:24.386	TRACE	src/sensors/bme.c:224:	Succesfully read BME data therm:2384 press:997114 hum:47 alt:209 err:0

0:00:24.429	TRACE	src/sensors/imu.c:96:	Succesfully read IMU data ax:-0.031738281 ay:0.067382812 az:1.000732421 gx:14.778626441 gy:-0.618320584 gz:0.030534351 therm:26.735765457 err:0

0:00:24.478	TRACE	src/sensors/ltr.c:54:	Succesfully read LTR data ch0:1108 ch1:572 err:0

0:00:24.504	TRACE	src/sensors/therm.c:99:	Succesfully read therm data therm0:2154 therm1:2160 err:0

0:00:24.526 DATA:

	vbat:4882 therm:2264 err:0

	therm:2384 press:997114 hum:47 alt:209 err:0

	dd:28 mm:6 yyyy:2006 time:120008.000000 lat:0.000000degN lon:0.000000degE alt:0.000000 fix:0 sat:0 dil:0.000000 ms:24084 err:0

	ax:-0.031738 ay:0.067383 az:1.000732 gx:14.778626 gy:-0.618321 gz:0.030534 therm:26.735765 err:0

	ch0:1108 ch1:572 err:0

	therm0:2154 therm1:2160 err:0

0:00:25.084	TRACE	src/sensors/gps.c:115:	Succesfully updated GPS data dd:28 mm:6 yyyy:2006 time:120009.000000000 lat:0.000000000degN lon:0.000000000degE alt:0.000000000 fix:0 sat:0 dil:0.000000000 ms:25084 err:0

0:00:25.335	TRACE	src/sensors/gps.c:115:	Succesfully updated GPS data dd:28 mm:6 yyyy:2006 time:120009.000000000 lat:0.000000000degN lon:0.000000000degE alt:0.000000000 fix:0 sat:0 dil:0.000000000 ms:25084 err:0

0:00:25.624	TRACE	src/main.c:57:	Reset watchdog.

0:00:25.683	TRACE	src/sensors/adc.c:95:	Successfully retrieved ADC data vbat:4817 therm:2296 err:0

0:00:25.823	TRACE	src/sensors/bme.c:224:	Succesfully read BME data therm:2385 press:997118 hum:47 alt:206 err:0

0:00:25.861	TRACE	src/sensors/imu.c:96:	Succesfully read IMU data ax:-0.026367187 ay:0.068115234 az:1.001220703 gx:14.778626441 gy:-0.603053450 gz:-0.091603055 therm:26.735765457 err:0

0:00:25.910	TRACE	src/sensors/ltr.c:54:	Succesfully read LTR data ch0:1102 ch1:573 err:0

0:00:25.936	TRACE	src/sensors/therm.c:99:	Succesfully read therm data therm0:2154 therm1:2166 err:0

0:00:25.958 DATA:

	vbat:4817 therm:2296 err:0

	therm:2385 press:997118 hum:47 alt:206 err:0

	dd:28 mm:6 yyyy:2006 time:120009.000000 lat:0.000000degN lon:0.000000degE alt:0.000000 fix:0 sat:0 dil:0.000000 ms:25084 err:0

	ax:-0.026367 ay:0.068115 az:1.001221 gx:14.778626 gy:-0.603053 gz:-0.091603 therm:26.735765 err:0

	ch0:1102 ch1:573 err:0

	therm0:2154 therm1:2166 err:0

0:00:26.083	TRACE	src/sensors/gps.c:115:	Succesfully updated GPS data dd:28 mm:6 yyyy:2006 time:120010.000000000 lat:0.000000000degN lon:0.000000000degE alt:0.000000000 fix:0 sat:0 dil:0.000000000 ms:26083 err:0

0:00:26.335	TRACE	src/sensors/gps.c:115:	Succesfully updated GPS data dd:28 mm:6 yyyy:2006 time:120010.000000000 lat:0.000000000degN lon:0.000000000degE alt:0.000000000 fix:0 sat:0 dil:0.000000000 ms:26083 err:0

0:00:27.057	TRACE	src/main.c:57:	Reset watchdog.

0:00:27.084	TRACE	src/sensors/gps.c:115:	Succesfully updated GPS data dd:28 mm:6 yyyy:2006 time:120011.000000000 lat:0.000000000degN lon:0.000000000degE alt:0.000000000 fix:0 sat:0 dil:0.000000000 ms:27084 err:0

0:00:27.135	TRACE	src/sensors/adc.c:95:	Successfully retrieved ADC data vbat:4882 therm:2264 err:0

0:00:27.279	TRACE	src/sensors/bme.c:224:	Succesfully read BME data therm:2387 press:997150 hum:47 alt:179 err:0

0:00:27.318	TRACE	src/sensors/imu.c:96:	Succesfully read IMU data ax:-0.025390625 ay:0.066894531 az:1.000244140 gx:14.778626441 gy:-0.580152690 gz:0.091603055 therm:26.496150970 err:0

0:00:27.361	TRACE	src/sensors/gps.c:115:	Succesfully updated GPS data dd:28 mm:6 yyyy:2006 time:120011.000000000 lat:0.000000000degN lon:0.000000000degE alt:0.000000000 fix:0 sat:0 dil:0.000000000 ms:27084 err:0

0:00:27.417	TRACE	src/sensors/ltr.c:54:	Succesfully read LTR data ch0:1103 ch1:572 err:0

0:00:27.447	TRACE	src/sensors/therm.c:99:	Succesfully read therm data therm0:2154 therm1:2166 err:0

0:00:27.469 DATA:

	vbat:4882 therm:2264 err:0

	therm:2387 press:997150 hum:47 alt:179 err:0

	dd:28 mm:6 yyyy:2006 time:120011.000000 lat:0.000000degN lon:0.000000degE alt:0.000000 fix:0 sat:0 dil:0.000000 ms:27084 err:0

	ax:-0.025391 ay:0.066895 az:1.000244 gx:14.778626 gy:-0.580153 gz:0.091603 therm:26.496151 err:0

	ch0:1103 ch1:572 err:0

	therm0:2154 therm1:2166 err:0

0:00:28.084	TRACE	src/sensors/gps.c:115:	Succesfully updated GPS data dd:28 mm:6 yyyy:2006 time:120012.000000000 lat:0.000000000degN lon:0.000000000degE alt:0.000000000 fix:0 sat:0 dil:0.000000000 ms:28084 err:0

0:00:28.335	TRACE	src/sensors/gps.c:115:	Succesfully updated GPS data dd:28 mm:6 yyyy:2006 time:120012.000000000 lat:0.000000000degN lon:0.000000000degE alt:0.000000000 fix:0 sat:0 dil:0.000000000 ms:28084 err:0

0:00:28.568	TRACE	src/main.c:57:	Reset watchdog.

0:00:28.626	TRACE	src/sensors/adc.c:95:	Successfully retrieved ADC data vbat:4882 therm:2264 err:0

0:00:28.766	TRACE	src/sensors/bme.c:224:	Succesfully read BME data therm:2386 press:997085 hum:47 alt:234 err:0

0:00:28.805	TRACE	src/sensors/imu.c:96:	Succesfully read IMU data ax:-0.022705078 ay:0.069580078 az:1.012451171 gx:14.900763511 gy:-0.541984736 gz:0.045801527 therm:26.735765457 err:0

0:00:28.854	TRACE	src/sensors/ltr.c:54:	Succesfully read LTR data ch0:1101 ch1:573 err:0

0:00:28.880	TRACE	src/sensors/therm.c:99:	Succesfully read therm data therm0:2154 therm1:2166 err:0

0:00:28.902 DATA:

	vbat:4882 therm:2264 err:0

	therm:2386 press:997085 hum:47 alt:234 err:0

	dd:28 mm:6 yyyy:2006 time:120012.000000 lat:0.000000degN lon:0.000000degE alt:0.000000 fix:0 sat:0 dil:0.000000 ms:28084 err:0

	ax:-0.022705 ay:0.069580 az:1.012451 gx:14.900764 gy:-0.541985 gz:0.045802 therm:26.735765 err:0

	ch0:1101 ch1:573 err:0

	therm0:2154 therm1:2166 err:0

0:00:29.084	TRACE	src/sensors/gps.c:115:	Succesfully updated GPS data dd:28 mm:6 yyyy:2006 time:120013.000000000 lat:0.000000000degN lon:0.000000000degE alt:0.000000000 fix:0 sat:0 dil:0.000000000 ms:29084 err:0

0:00:29.335	TRACE	src/sensors/gps.c:115:	Succesfully updated GPS data dd:28 mm:6 yyyy:2006 time:120013.000000000 lat:0.000000000degN lon:0.000000000degE alt:0.000000000 fix:0 sat:0 dil:0.000000000 ms:29084 err:0

0:00:30.000	TRACE	src/main.c:57:	Reset watchdog.

0:00:30.059	TRACE	src/sensors/adc.c:95:	Successfully retrieved ADC data vbat:4842 therm:2296 err:0

0:00:30.083	TRACE	src/sensors/gps.c:115:	Succesfully updated GPS data dd:28 mm:6 yyyy:2006 time:120014.000000000 lat:0.000000000degN lon:0.000000000degE alt:0.000000000 fix:0 sat:0 dil:0.000000000 ms:30083 err:0

0:00:30.199	TRACE	src/sensors/bme.c:224:	Succesfully read BME data therm:2387 press:997111 hum:47 alt:212 err:0

0:00:30.237	TRACE	src/sensors/imu.c:96:	Succesfully read IMU data ax:-0.022949218 ay:0.066406250 az:1.000244140 gx:14.778626441 gy:-0.534351170 gz:-0.099236644 therm:26.496150970 err:0

0:00:30.286	TRACE	src/sensors/ltr.c:54:	Succesfully read LTR data ch0:1104 ch1:574 err:0

0:00:30.312	TRACE	src/sensors/therm.c:99:	Succesfully read therm data therm0:2154 therm1:2166 err:0

0:00:30.334 DATA:

	vbat:4842 therm:2296 err:0

	therm:2387 press:997111 hum:47 alt:212 err:0

	dd:28 mm:6 yyyy:2006 time:120014.000000 lat:0.000000degN lon:0.000000degE alt:0.000000 fix:0 sat:0 dil:0.000000 ms:30083 err:0

	ax:-0.022949 ay:0.066406 az:1.000244 gx:14.778626 gy:-0.534351 gz:-0.099237 therm:26.496151 err:0

	ch0:1104 ch1:574 err:0

	therm0:2154 therm1:2166 err:0

0:00:30.433	TRACE	src/sensors/gps.c:115:	Succesfully updated GPS data dd:28 mm:6 yyyy:2006 time:120014.000000000 lat:0.000000000degN lon:0.000000000degE alt:0.000000000 fix:0 sat:0 dil:0.000000000 ms:30083 err:0

0:00:31.083	TRACE	src/sensors/gps.c:115:	Succesfully updated GPS data dd:28 mm:6 yyyy:2006 time:120015.000000000 lat:0.000000000degN lon:0.000000000degE alt:0.000000000 fix:0 sat:0 dil:0.000000000 ms:31083 err:0

0:00:31.335	TRACE	src/sensors/gps.c:115:	Succesfully updated GPS data dd:28 mm:6 yyyy:2006 time:120015.000000000 lat:0.000000000degN lon:0.000000000degE alt:0.000000000 fix:0 sat:0 dil:0.000000000 ms:31083 err:0

0:00:31.489	TRACE	src/main.c:57:	Reset watchdog.

0:00:31.547	TRACE	src/sensors/adc.c:95:	Successfully retrieved ADC data vbat:4721 therm:2296 err:0

0:00:31.687	TRACE	src/sensors/bme.c:224:	Succesfully read BME data therm:2389 press:997101 hum:47 alt:220 err:0

0:00:31.725	TRACE	src/sensors/imu.c:96:	Succesfully read IMU data ax:-0.029541015 ay:0.069580078 az:1.007568359 gx:14.900763511 gy:-0.488549619 gz:-0.061068702 therm:26.591997146 err:0

0:00:31.775	TRACE	src/sensors/ltr.c:54:	Succesfully read LTR data ch0:1106 ch1:573 err:0

0:00:31.801	TRACE	src/sensors/therm.c:99:	Succesfully read therm data therm0:2160 therm1:2166 err:0

0:00:31.823 DATA:

	vbat:4721 therm:2296 err:0

	therm:2389 press:997101 hum:47 alt:220 err:0

	dd:28 mm:6 yyyy:2006 time:120015.000000 lat:0.000000degN lon:0.000000degE alt:0.000000 fix:0 sat:0 dil:0.000000 ms:31083 err:0

	ax:-0.029541 ay:0.069580 az:1.007568 gx:14.900764 gy:-0.488550 gz:-0.061069 therm:26.591997 err:0

	ch0:1106 ch1:573 err:0

	therm0:2160 therm1:2166 err:0

0:00:32.083	TRACE	src/sensors/gps.c:115:	Succesfully updated GPS data dd:28 mm:6 yyyy:2006 time:120016.000000000 lat:0.000000000degN lon:0.000000000degE alt:0.000000000 fix:0 sat:0 dil:0.000000000 ms:32083 err:0

0:00:32.335	TRACE	src/sensors/gps.c:115:	Succesfully updated GPS data dd:28 mm:6 yyyy:2006 time:120016.000000000 lat:0.000000000degN lon:0.000000000degE alt:0.000000000 fix:0 sat:0 dil:0.000000000 ms:32083 err:0

0:00:32.922	TRACE	src/main.c:57:	Reset watchdog.

0:00:32.980	TRACE	src/sensors/adc.c:95:	Successfully retrieved ADC data vbat:4882 therm:2231 err:0

0:00:33.083	TRACE	src/sensors/gps.c:115:	Succesfully updated GPS data dd:28 mm:6 yyyy:2006 time:120017.000000000 lat:0.000000000degN lon:0.000000000degE alt:0.000000000 fix:0 sat:0 dil:0.000000000 ms:33083 err:0

0:00:33.134	TRACE	src/sensors/bme.c:224:	Succesfully read BME data therm:2391 press:997100 hum:47 alt:221 err:0

0:00:33.177	TRACE	src/sensors/imu.c:96:	Succesfully read IMU data ax:-0.027099609 ay:0.068603515 az:1.006103515 gx:14.900763511 gy:-0.580152690 gz:0.007633587 therm:26.735765457 err:0

0:00:33.226	TRACE	src/sensors/ltr.c:54:	Succesfully read LTR data ch0:1107 ch1:572 err:0

0:00:33.252	TRACE	src/sensors/therm.c:99:	Succesfully read therm data therm0:2160 therm1:2166 err:0

0:00:33.274 DATA:

	vbat:4882 therm:2231 err:0

	therm:2391 press:997100 hum:47 alt:221 err:0

	dd:28 mm:6 yyyy:2006 time:120017.000000 lat:0.000000degN lon:0.000000degE alt:0.000000 fix:0 sat:0 dil:0.000000 ms:33083 err:0

	ax:-0.027100 ay:0.068604 az:1.006104 gx:14.900764 gy:-0.580153 gz:0.007634 therm:26.735765 err:0

	ch0:1107 ch1:572 err:0

	therm0:2160 therm1:2166 err:0

0:00:33.373	TRACE	src/sensors/gps.c:115:	Succesfully updated GPS data dd:28 mm:6 yyyy:2006 time:120017.000000000 lat:0.000000000degN lon:0.000000000degE alt:0.000000000 fix:0 sat:0 dil:0.000000000 ms:33083 err:0

0:00:34.083	TRACE	src/sensors/gps.c:115:	Succesfully updated GPS data dd:28 mm:6 yyyy:2006 time:120018.000000000 lat:0.000000000degN lon:0.000000000degE alt:0.000000000 fix:0 sat:0 dil:0.000000000 ms:34083 err:0

0:00:34.335	TRACE	src/sensors/gps.c:115:	Succesfully updated GPS data dd:28 mm:6 yyyy:2006 time:120018.000000000 lat:0.000000000degN lon:0.000000000degE alt:0.000000000 fix:0 sat:0 dil:0.000000000 ms:34083 err:0

0:00:34.428	TRACE	src/main.c:57:	Reset watchdog.

0:00:34.487	TRACE	src/sensors/adc.c:95:	Successfully retrieved ADC data vbat:4890 therm:2296 err:0

0:00:34.627	TRACE	src/sensors/bme.c:224:	Succesfully read BME data therm:2393 press:997122 hum:47 alt:202 err:0

0:00:34.665	TRACE	src/sensors/imu.c:96:	Succesfully read IMU data ax:-0.029296875 ay:0.067626953 az:1.001708984 gx:14.900763511 gy:-0.496183216 gz:0.076335877 therm:26.783687591 err:0

0:00:34.714	TRACE	src/sensors/ltr.c:54:	Succesfully read LTR data ch0:1104 ch1:572 err:0

0:00:34.740	TRACE	src/sensors/therm.c:99:	Succesfully read therm data therm0:2160 therm1:2172 err:0

0:00:34.762 DATA:

	vbat:4890 therm:2296 err:0

	therm:2393 press:997122 hum:47 alt:202 err:0

	dd:28 mm:6 yyyy:2006 time:120018.000000 lat:0.000000degN lon:0.000000degE alt:0.000000 fix:0 sat:0 dil:0.000000 ms:34083 err:0

	ax:-0.029297 ay:0.067627 az:1.001709 gx:14.900764 gy:-0.496183 gz:0.076336 therm:26.783688 err:0

	ch0:1104 ch1:572 err:0

	therm0:2160 therm1:2172 err:0

0:00:35.084	TRACE	src/sensors/gps.c:115:	Succesfully updated GPS data dd:28 mm:6 yyyy:2006 time:120019.000000000 lat:0.000000000degN lon:0.000000000degE alt:0.000000000 fix:0 sat:0 dil:0.000000000 ms:35084 err:0

0:00:35.335	TRACE	src/sensors/gps.c:115:	Succesfully updated GPS data dd:28 mm:6 yyyy:2006 time:120019.000000000 lat:0.000000000degN lon:0.000000000degE alt:0.000000000 fix:0 sat:0 dil:0.000000000 ms:35084 err:0

0:00:35.861	TRACE	src/main.c:57:	Reset watchdog.

0:00:35.919	TRACE	src/sensors/adc.c:95:	Successfully retrieved ADC data vbat:5043 therm:2296 err:0

0:00:36.059	TRACE	src/sensors/bme.c:224:	Succesfully read BME data therm:2393 press:997109 hum:47 alt:213 err:0

0:00:36.084	TRACE	src/sensors/gps.c:115:	Succesfully updated GPS data dd:28 mm:6 yyyy:2006 time:120020.000000000 lat:0.000000000degN lon:0.000000000degE alt:0.000000000 fix:0 sat:0 dil:0.000000000 ms:36083 err:0

0:00:36.139	TRACE	src/sensors/imu.c:96:	Succesfully read IMU data ax:-0.024902343 ay:0.065185546 az:1.002685546 gx:14.900763511 gy:-0.587786257 gz:-0.129770994 therm:26.831611633 err:0

0:00:36.193	TRACE	src/sensors/ltr.c:54:	Succesfully read LTR data ch0:1102 ch1:572 err:0

0:00:36.219	TRACE	src/sensors/therm.c:99:	Succesfully read therm data therm0:2160 therm1:2172 err:0

0:00:36.241 DATA:

	vbat:5043 therm:2296 err:0

	therm:2393 press:997109 hum:47 alt:213 err:0

	dd:28 mm:6 yyyy:2006 time:120019.000000 lat:0.000000degN lon:0.000000degE alt:0.000000 fix:0 sat:0 dil:0.000000 ms:35084 err:0

	ax:-0.024902 ay:0.065186 az:1.002686 gx:14.900764 gy:-0.587786 gz:-0.129771 therm:26.831612 err:0

	ch0:1102 ch1:572 err:0

	therm0:2160 therm1:2172 err:0

0:00:36.340	TRACE	src/sensors/gps.c:115:	Succesfully updated GPS data dd:28 mm:6 yyyy:2006 time:120020.000000000 lat:0.000000000degN lon:0.000000000degE alt:0.000000000 fix:0 sat:0 dil:0.000000000 ms:36083 err:0

0:00:37.084	TRACE	src/sensors/gps.c:115:	Succesfully updated GPS data dd:28 mm:6 yyyy:2006 time:120021.000000000 lat:0.000000000degN lon:0.000000000degE alt:0.000000000 fix:0 sat:0 dil:0.000000000 ms:37084 err:0

0:00:37.335	TRACE	src/sensors/gps.c:115:	Succesfully updated GPS data dd:28 mm:6 yyyy:2006 time:120021.000000000 lat:0.000000000degN lon:0.000000000degE alt:0.000000000 fix:0 sat:0 dil:0.000000000 ms:37084 err:0

0:00:37.395	TRACE	src/main.c:57:	Reset watchdog.

0:00:37.454	TRACE	src/sensors/adc.c:95:	Successfully retrieved ADC data vbat:4930 therm:2296 err:0

0:00:37.594	TRACE	src/sensors/bme.c:224:	Succesfully read BME data therm:2394 press:997123 hum:47 alt:202 err:0

0:00:37.632	TRACE	src/sensors/imu.c:96:	Succesfully read IMU data ax:-0.021484375 ay:0.067871093 az:1.001953125 gx:14.412213325 gy:-0.572519063 gz:0.267175585 therm:26.735765457 err:0

0:00:37.681	TRACE	src/sensors/ltr.c:54:	Succesfully read LTR data ch0:1102 ch1:572 err:0

0:00:37.707	TRACE	src/sensors/therm.c:99:	Succesfully read therm data therm0:2160 therm1:2172 err:0

0:00:37.729 DATA:

	vbat:4930 therm:2296 err:0

	therm:2394 press:997123 hum:47 alt:202 err:0

	dd:28 mm:6 yyyy:2006 time:120021.000000 lat:0.000000degN lon:0.000000degE alt:0.000000 fix:0 sat:0 dil:0.000000 ms:37084 err:0

	ax:-0.021484 ay:0.067871 az:1.001953 gx:14.412213 gy:-0.572519 gz:0.267176 therm:26.735765 err:0

	ch0:1102 ch1:572 err:0

	therm0:2160 therm1:2172 err:0

0:00:38.084	TRACE	src/sensors/gps.c:115:	Succesfully updated GPS data dd:28 mm:6 yyyy:2006 time:120022.000000000 lat:0.000000000degN lon:0.000000000degE alt:0.000000000 fix:0 sat:0 dil:0.000000000 ms:38084 err:0

0:00:38.335	TRACE	src/sensors/gps.c:115:	Succesfully updated GPS data dd:28 mm:6 yyyy:2006 time:120022.000000000 lat:0.000000000degN lon:0.000000000degE alt:0.000000000 fix:0 sat:0 dil:0.000000000 ms:38084 err:0

0:00:38.828	TRACE	src/main.c:57:	Reset watchdog.

0:00:38.886	TRACE	src/sensors/adc.c:95:	Successfully retrieved ADC data vbat:4987 therm:2264 err:0

0:00:39.026	TRACE	src/sensors/bme.c:224:	Succesfully read BME data therm:2395 press:997113 hum:47 alt:210 err:0

0:00:39.065	TRACE	src/sensors/imu.c:96:	Succesfully read IMU data ax:-0.028564453 ay:0.071533203 az:0.999511718 gx:14.412213325 gy:-0.358778625 gz:-0.091603055 therm:26.831611633 err:0

0:00:39.109	TRACE	src/sensors/gps.c:115:	Succesfully updated GPS data dd:28 mm:6 yyyy:2006 time:120023.000000000 lat:0.000000000degN lon:0.000000000degE alt:0.000000000 fix:0 sat:0 dil:0.000000000 ms:39084 err:0

0:00:39.164	TRACE	src/sensors/ltr.c:54:	Succesfully read LTR data ch0:1102 ch1:572 err:0

0:00:39.194	TRACE	src/sensors/therm.c:99:	Succesfully read therm data therm0:2160 therm1:2172 err:0

0:00:39.217 DATA:

	vbat:4987 therm:2264 err:0

	therm:2395 press:997113 hum:47 alt:210 err:0

	dd:28 mm:6 yyyy:2006 time:120022.000000 lat:0.000000degN lon:0.000000degE alt:0.000000 fix:0 sat:0 dil:0.000000 ms:38084 err:0

	ax:-0.028564 ay:0.071533 az:0.999512 gx:14.412213 gy:-0.358779 gz:-0.091603 therm:26.831612 err:0

	ch0:1102 ch1:572 err:0

	therm0:2160 therm1:2172 err:0

0:00:39.335	TRACE	src/sensors/gps.c:115:	Succesfully updated GPS data dd:28 mm:6 yyyy:2006 time:120023.000000000 lat:0.000000000degN lon:0.000000000degE alt:0.000000000 fix:0 sat:0 dil:0.000000000 ms:39084 err:0

0:00:40.084	TRACE	src/sensors/gps.c:115:	Succesfully updated GPS data dd:28 mm:6 yyyy:2006 time:120024.000000000 lat:0.000000000degN lon:0.000000000degE alt:0.000000000 fix:0 sat:0 dil:0.000000000 ms:40083 err:0

0:00:40.315	TRACE	src/main.c:57:	Reset watchdog.

0:00:40.335	TRACE	src/sensors/gps.c:115:	Succesfully updated GPS data dd:28 mm:6 yyyy:2006 time:120024.000000000 lat:0.000000000degN lon:0.000000000degE alt:0.000000000 fix:0 sat:0 dil:0.000000000 ms:40083 err:0

0:00:40.386	TRACE	src/sensors/adc.c:95:	Successfully retrieved ADC data vbat:4874 therm:2296 err:0

0:00:40.530	TRACE	src/sensors/bme.c:224:	Succesfully read BME data therm:2396 press:997116 hum:47 alt:207 err:0

0:00:40.569	TRACE	src/sensors/imu.c:96:	Succesfully read IMU data ax:-0.028564453 ay:0.070312500 az:1.001953125 gx:14.778626441 gy:-0.419847339 gz:0.030534351 therm:26.927457809 err:0

0:00:40.618	TRACE	src/sensors/ltr.c:54:	Succesfully read LTR data ch0:1101 ch1:573 err:0

0:00:40.644	TRACE	src/sensors/therm.c:99:	Succesfully read therm data therm0:2166 therm1:2172 err:0

0:00:40.666 DATA:

	vbat:4874 therm:2296 err:0

	therm:2396 press:997116 hum:47 alt:207 err:0

	dd:28 mm:6 yyyy:2006 time:120024.000000 lat:0.000000degN lon:0.000000degE alt:0.000000 fix:0 sat:0 dil:0.000000 ms:40083 err:0

	ax:-0.028564 ay:0.070312 az:1.001953 gx:14.778626 gy:-0.419847 gz:0.030534 therm:26.927458 err:0

	ch0:1101 ch1:573 err:0

	therm0:2166 therm1:2172 err:0

0:00:41.084	TRACE	src/sensors/gps.c:115:	Succesfully updated GPS data dd:28 mm:6 yyyy:2006 time:120025.000000000 lat:0.000000000degN lon:0.000000000degE alt:0.000000000 fix:0 sat:0 dil:0.000000000 ms:41084 err:0

0:00:41.335	TRACE	src/sensors/gps.c:115:	Succesfully updated GPS data dd:28 mm:6 yyyy:2006 time:120025.000000000 lat:0.000000000degN lon:0.000000000degE alt:0.000000000 fix:0 sat:0 dil:0.000000000 ms:41084 err:0

0:00:41.764	TRACE	src/main.c:57:	Reset watchdog.

0:00:41.823	TRACE	src/sensors/adc.c:95:	Successfully retrieved ADC data vbat:4890 therm:2264 err:0

0:00:41.963	TRACE	src/sensors/bme.c:224:	Succesfully read BME data therm:2397 press:997137 hum:47 alt:190 err:0

0:00:42.001	TRACE	src/sensors/imu.c:96:	Succesfully read IMU data ax:-0.022460937 ay:0.068359375 az:1.007812500 gx:14.412213325 gy:-0.366412222 gz:-0.076335877 therm:26.735765457 err:0

0:00:42.050	TRACE	src/sensors/ltr.c:54:	Succesfully read LTR data ch0:1104 ch1:573 err:0

0:00:42.076	TRACE	src/sensors/therm.c:99:	Succesfully read therm data therm0:2166 therm1:2172 err:0

0:00:42.098	TRACE	src/sensors/gps.c:115:	Succesfully updated GPS data dd:28 mm:6 yyyy:2006 time:120026.000000000 lat:0.000000000degN lon:0.000000000degE alt:0.000000000 fix:0 sat:0 dil:0.000000000 ms:42084 err:0

0:00:42.153 DATA:

	vbat:4890 therm:2264 err:0

	therm:2397 press:997137 hum:47 alt:190 err:0

	dd:28 mm:6 yyyy:2006 time:120025.000000 lat:0.000000degN lon:0.000000degE alt:0.000000 fix:0 sat:0 dil:0.000000 ms:41084 err:0

	ax:-0.022461 ay:0.068359 az:1.007812 gx:14.412213 gy:-0.366412 gz:-0.076336 therm:26.735765 err:0

	ch0:1104 ch1:573 err:0

	therm0:2166 therm1:2172 err:0

0:00:42.335	TRACE	src/sensors/gps.c:115:	Succesfully updated GPS data dd:28 mm:6 yyyy:2006 time:120026.000000000 lat:0.000000000degN lon:0.000000000degE alt:0.000000000 fix:0 sat:0 dil:0.000000000 ms:42084 err:0

0:00:43.084	TRACE	src/sensors/gps.c:115:	Succesfully updated GPS data dd:28 mm:6 yyyy:2006 time:120027.000000000 lat:0.000000000degN lon:0.000000000degE alt:0.000000000 fix:0 sat:0 dil:0.000000000 ms:43084 err:0

0:00:43.253	TRACE	src/main.c:57:	Reset watchdog.

0:00:43.311	TRACE	src/sensors/adc.c:95:	Successfully retrieved ADC data vbat:4898 therm:2360 err:0

0:00:43.335	TRACE	src/sensors/gps.c:115:	Succesfully updated GPS data dd:28 mm:6 yyyy:2006 time:120027.000000000 lat:0.000000000degN lon:0.000000000degE alt:0.000000000 fix:0 sat:0 dil:0.000000000 ms:43084 err:0

0:00:43.451	TRACE	src/sensors/bme.c:224:	Succesfully read BME data therm:2397 press:997103 hum:48 alt:218 err:0

0:00:43.490	TRACE	src/sensors/imu.c:96:	Succesfully read IMU data ax:-0.027832031 ay:0.069824218 az:1.005859375 gx:14.778626441 gy:-0.709923684 gz:-0.030534351 therm:26.591997146 err:0

0:00:43.539	TRACE	src/sensors/ltr.c:54:	Succesfully read LTR data ch0:1104 ch1:572 err:0

0:00:43.565	TRACE	src/sensors/therm.c:99:	Succesfully read therm data therm0:2166 therm1:2172 err:0

0:00:43.587 DATA:

	vbat:4898 therm:2360 err:0

	therm:2397 press:997103 hum:48 alt:218 err:0

	dd:28 mm:6 yyyy:2006 time:120027.000000 lat:0.000000degN lon:0.000000degE alt:0.000000 fix:0 sat:0 dil:0.000000 ms:43084 err:0

	ax:-0.027832 ay:0.069824 az:1.005859 gx:14.778626 gy:-0.709924 gz:-0.030534 therm:26.591997 err:0

	ch0:1104 ch1:572 err:0

	therm0:2166 therm1:2172 err:0

0:00:44.083	TRACE	src/sensors/gps.c:115:	Succesfully updated GPS data dd:28 mm:6 yyyy:2006 time:120028.000000000 lat:0.000000000degN lon:0.000000000degE alt:0.000000000 fix:0 sat:0 dil:0.000000000 ms:44083 err:0

0:00:44.335	TRACE	src/sensors/gps.c:115:	Succesfully updated GPS data dd:28 mm:6 yyyy:2006 time:120028.000000000 lat:0.000000000degN lon:0.000000000degE alt:0.000000000 fix:0 sat:0 dil:0.000000000 ms:44083 err:0

0:00:44.686	TRACE	src/main.c:57:	Reset watchdog.

0:00:44.744	TRACE	src/sensors/adc.c:95:	Successfully retrieved ADC data vbat:4890 therm:2296 err:0

0:00:44.884	TRACE	src/sensors/bme.c:224:	Succesfully read BME data therm:2400 press:997123 hum:49 alt:202 err:0

0:00:44.922	TRACE	src/sensors/imu.c:96:	Succesfully read IMU data ax:-0.028808593 ay:0.065917968 az:0.998535156 gx:15.022900581 gy:-0.374045789 gz:0.015267175 therm:26.735765457 err:0

0:00:44.972	TRACE	src/sensors/ltr.c:54:	Succesfully read LTR data ch0:1107 ch1:573 err:0

0:00:44.997	TRACE	src/sensors/therm.c:99:	Succesfully read therm data therm0:2166 therm1:2178 err:0

0:00:45.020 DATA:

	vbat:4890 therm:2296 err:0

	therm:2400 press:997123 hum:49 alt:202 err:0

	dd:28 mm:6 yyyy:2006 time:120028.000000 lat:0.000000degN lon:0.000000degE alt:0.000000 fix:0 sat:0 dil:0.000000 ms:44083 err:0

	ax:-0.028809 ay:0.065918 az:0.998535 gx:15.022901 gy:-0.374046 gz:0.015267 therm:26.735765 err:0

	ch0:1107 ch1:573 err:0

	therm0:2166 therm1:2178 err:0

0:00:45.118	TRACE	src/sensors/gps.c:115:	Succesfully updated GPS data dd:28 mm:6 yyyy:2006 time:120029.000000000 lat:0.000000000degN lon:0.000000000degE alt:0.000000000 fix:0 sat:0 dil:0.000000000 ms:45084 err:0

