0:00:00.000	TRACE	src/sensors/adc.c:52:	Succesfully initialized ADC (empty function)

0:00:00.054	TRACE	src/sensors/bme.c:81:	Successfully initialized BME!

0:00:00.117	TRACE	src/sensors/gps.c:138:	Successfully initialized GPS Serial Driver!

0:00:00.137	TRACE	src/sensors/imu.c:33:	Successfully intialized IMU.

0:00:00.166	TRACE	src/sensors/ltr.c:29:	Succesfully initialized LTR.

0:00:00.180	TRACE	src/sensors/therm.c:35:	Successfully initialized therm sensor with ID 0!

0:00:00.204	TRACE	src/sensors/therm.c:35:	Successfully initialized therm sensor with ID 1!

0:00:00.332	INFO 	src/main.c:40:	Initialized with err 0.

0:00:00.393	TRACE	src/sensors/adc.c:95:	Successfully retrieved ADC data vbat:4866 therm:1651 err:0

0:00:00.533	TRACE	src/sensors/bme.c:224:	Succesfully read BME data therm:2279 press:998855 hum:52 alt:22 err:0

0:00:00.567	TRACE	src/sensors/gps.c:115:	Succesfully updated GPS data dd:0 mm:0 yyyy:0 time:120101.000000000 lat:0.000000000degN lon:0.000000000degE alt:0.000000000 fix:0 sat:0 dil:0.000000000 ms:567 err:0

0:00:00.617	TRACE	src/sensors/imu.c:96:	Succesfully read IMU data ax:0.009765625 ay:0.148437500 az:1.002929687 gx:12.335878372 gy:-0.687022924 gz:0.015267175 therm:25.729385375 err:0

0:00:00.670	TRACE	src/sensors/ltr.c:54:	Succesfully read LTR data ch0:899 ch1:477 err:0

0:00:00.696	TRACE	src/sensors/therm.c:99:	Succesfully read therm data therm0:2064 therm1:2070 err:0

0:00:00.718 DATA:

	vbat:4866 therm:1651 err:0

	therm:2279 press:998855 hum:52 alt:22 err:0

	dd:0 mm:0 yyyy:0 time:0.000000 lat:0.000000deg0 lon:0.000000deg0 alt:0.000000 fix:0 sat:0 dil:0.000000 ms:0 err:0

	ax:0.009766 ay:0.148438 az:1.002930 gx:12.335878 gy:-0.687023 gz:0.015267 therm:25.729385 err:0

	ch0:899 ch1:477 err:0

	therm0:2064 therm1:2070 err:0

0:00:00.819	TRACE	src/sensors/gps.c:115:	Succesfully updated GPS data dd:28 mm:6 yyyy:2006 time:120101.000000000 lat:0.000000000degN lon:0.000000000degE alt:0.000000000 fix:0 sat:0 dil:0.000000000 ms:567 err:0

0:00:01.568	TRACE	src/sensors/gps.c:115:	Succesfully updated GPS data dd:28 mm:6 yyyy:2006 time:120102.000000000 lat:0.000000000degN lon:0.000000000degE alt:0.000000000 fix:0 sat:0 dil:0.000000000 ms:1568 err:0

0:00:01.812	TRACE	src/main.c:48:	Reset watchdog.

0:00:01.820	TRACE	src/sensors/gps.c:115:	Succesfully updated GPS data dd:28 mm:6 yyyy:2006 time:120102.000000000 lat:0.000000000degN lon:0.000000000degE alt:0.000000000 fix:0 sat:0 dil:0.000000000 ms:1568 err:0

0:00:01.875	TRACE	src/sensors/adc.c:95:	Successfully retrieved ADC data vbat:4842 therm:1909 err:0

0:00:02.020	TRACE	src/sensors/bme.c:224:	Succesfully read BME data therm:2280 press:998851 hum:52 alt:25 err:0

0:00:02.058	TRACE	src/sensors/imu.c:96:	Succesfully read IMU data ax:0.015136718 ay:0.148925781 az:0.998291015 gx:12.091603279 gy:-0.748091578 gz:0.053435113 therm:25.921077728 err:0

0:00:02.107	TRACE	src/sensors/ltr.c:54:	Succesfully read LTR data ch0:897 ch1:477 err:0

0:00:02.132	TRACE	src/sensors/therm.c:99:	Succesfully read therm data therm0:2064 therm1:2070 err:0

0:00:02.154 DATA:

	vbat:4842 therm:1909 err:0

	therm:2280 press:998851 hum:52 alt:25 err:0

	dd:28 mm:6 yyyy:2006 time:120102.000000 lat:0.000000degN lon:0.000000degE alt:0.000000 fix:0 sat:0 dil:0.000000 ms:1568 err:0

	ax:0.015137 ay:0.148926 az:0.998291 gx:12.091603 gy:-0.748092 gz:0.053435 therm:25.921078 err:0

	ch0:897 ch1:477 err:0

	therm0:2064 therm1:2070 err:0

0:00:02.568	TRACE	src/sensors/gps.c:115:	Succesfully updated GPS data dd:28 mm:6 yyyy:2006 time:120103.000000000 lat:0.000000000degN lon:0.000000000degE alt:0.000000000 fix:0 sat:0 dil:0.000000000 ms:2568 err:0

0:00:02.819	TRACE	src/sensors/gps.c:115:	Succesfully updated GPS data dd:28 mm:6 yyyy:2006 time:120103.000000000 lat:0.000000000degN lon:0.000000000degE alt:0.000000000 fix:0 sat:0 dil:0.000000000 ms:2568 err:0

0:00:03.252	TRACE	src/main.c:48:	Reset watchdog.

0:00:03.310	TRACE	src/sensors/adc.c:95:	Successfully retrieved ADC data vbat:4866 therm:2038 err:0

0:00:03.450	TRACE	src/sensors/bme.c:224:	Succesfully read BME data therm:2280 press:998839 hum:52 alt:35 err:0

0:00:03.488	TRACE	src/sensors/imu.c:96:	Succesfully read IMU data ax:0.007324218 ay:0.153076171 az:1.000488281 gx:12.702290534 gy:-0.564885497 gz:0.129770994 therm:25.729385375 err:0

0:00:03.537	TRACE	src/sensors/ltr.c:54:	Succesfully read LTR data ch0:897 ch1:476 err:0

0:00:03.562	TRACE	src/sensors/therm.c:99:	Succesfully read therm data therm0:2070 therm1:2070 err:0

0:00:03.585	TRACE	src/sensors/gps.c:115:	Succesfully updated GPS data dd:28 mm:6 yyyy:2006 time:120104.000000000 lat:0.000000000degN lon:0.000000000degE alt:0.000000000 fix:0 sat:0 dil:0.000000000 ms:3567 err:0

0:00:03.639 DATA:

	vbat:4866 therm:2038 err:0

	therm:2280 press:998839 hum:52 alt:35 err:0

	dd:28 mm:6 yyyy:2006 time:120103.000000 lat:0.000000degN lon:0.000000degE alt:0.000000 fix:0 sat:0 dil:0.000000 ms:2568 err:0

	ax:0.007324 ay:0.153076 az:1.000488 gx:12.702291 gy:-0.564885 gz:0.129771 therm:25.729385 err:0

	ch0:897 ch1:476 err:0

	therm0:2070 therm1:2070 err:0

0:00:03.819	TRACE	src/sensors/gps.c:115:	Succesfully updated GPS data dd:28 mm:6 yyyy:2006 time:120104.000000000 lat:0.000000000degN lon:0.000000000degE alt:0.000000000 fix:0 sat:0 dil:0.000000000 ms:3567 err:0

0:00:04.568	TRACE	src/sensors/gps.c:115:	Succesfully updated GPS data dd:28 mm:6 yyyy:2006 time:120105.000000000 lat:0.000000000degN lon:0.000000000degE alt:0.000000000 fix:0 sat:0 dil:0.000000000 ms:4568 err:0

0:00:04.737	TRACE	src/main.c:48:	Reset watchdog.

0:00:04.795	TRACE	src/sensors/adc.c:95:	Successfully retrieved ADC data vbat:4858 therm:2006 err:0

0:00:04.820	TRACE	src/sensors/gps.c:115:	Succesfully updated GPS data dd:28 mm:6 yyyy:2006 time:120105.000000000 lat:0.000000000degN lon:0.000000000degE alt:0.000000000 fix:0 sat:0 dil:0.000000000 ms:4568 err:0

0:00:04.936	TRACE	src/sensors/bme.c:224:	Succesfully read BME data therm:2281 press:998815 hum:52 alt:55 err:0

0:00:04.974	TRACE	src/sensors/imu.c:96:	Succesfully read IMU data ax:0.009277343 ay:0.151123046 az:0.998291015 gx:12.091603279 gy:-0.732824444 gz:0.145038172 therm:25.585617065 err:0

0:00:05.022	TRACE	src/sensors/ltr.c:54:	Succesfully read LTR data ch0:899 ch1:476 err:0

0:00:05.048	TRACE	src/sensors/therm.c:99:	Succesfully read therm data therm0:2070 therm1:2070 err:0

0:00:05.070 DATA:

	vbat:4858 therm:2006 err:0

	therm:2281 press:998815 hum:52 alt:55 err:0

	dd:28 mm:6 yyyy:2006 time:120105.000000 lat:0.000000degN lon:0.000000degE alt:0.000000 fix:0 sat:0 dil:0.000000 ms:4568 err:0

	ax:0.009277 ay:0.151123 az:0.998291 gx:12.091603 gy:-0.732824 gz:0.145038 therm:25.585617 err:0

	ch0:899 ch1:476 err:0

	therm0:2070 therm1:2070 err:0

0:00:05.568	TRACE	src/sensors/gps.c:115:	Succesfully updated GPS data dd:28 mm:6 yyyy:2006 time:120106.000000000 lat:0.000000000degN lon:0.000000000degE alt:0.000000000 fix:0 sat:0 dil:0.000000000 ms:5568 err:0

0:00:05.819	TRACE	src/sensors/gps.c:115:	Succesfully updated GPS data dd:28 mm:6 yyyy:2006 time:120106.000000000 lat:0.000000000degN lon:0.000000000degE alt:0.000000000 fix:0 sat:0 dil:0.000000000 ms:5568 err:0

0:00:06.167	TRACE	src/main.c:48:	Reset watchdog.

0:00:06.226	TRACE	src/sensors/adc.c:95:	Successfully retrieved ADC data vbat:4858 therm:2038 err:0

0:00:06.366	TRACE	src/sensors/bme.c:224:	Succesfully read BME data therm:2283 press:998833 hum:52 alt:40 err:0

0:00:06.404	TRACE	src/sensors/imu.c:96:	Succesfully read IMU data ax:0.013427734 ay:0.149902343 az:0.998535156 gx:12.213740348 gy:-0.404580146 gz:0.206106871 therm:25.729385375 err:0

0:00:06.452	TRACE	src/sensors/ltr.c:54:	Succesfully read LTR data ch0:898 ch1:476 err:0

0:00:06.478	TRACE	src/sensors/therm.c:99:	Succesfully read therm data therm0:2076 therm1:2070 err:0

0:00:06.500 DATA:

	vbat:4858 therm:2038 err:0

	therm:2283 press:998833 hum:52 alt:40 err:0

	dd:28 mm:6 yyyy:2006 time:120106.000000 lat:0.000000degN lon:0.000000degE alt:0.000000 fix:0 sat:0 dil:0.000000 ms:5568 err:0

	ax:0.013428 ay:0.149902 az:0.998535 gx:12.213740 gy:-0.404580 gz:0.206107 therm:25.729385 err:0

	ch0:898 ch1:476 err:0

	therm0:2076 therm1:2070 err:0

0:00:06.597	TRACE	src/sensors/gps.c:115:	Succesfully updated GPS data dd:28 mm:6 yyyy:2006 time:120107.000000000 lat:0.000000000degN lon:0.000000000degE alt:0.000000000 fix:0 sat:0 dil:0.000000000 ms:6569 err:0

0:00:06.820	TRACE	src/sensors/gps.c:115:	Succesfully updated GPS data dd:28 mm:6 yyyy:2006 time:120107.000000000 lat:0.000000000degN lon:0.000000000degE alt:0.000000000 fix:0 sat:0 dil:0.000000000 ms:6569 err:0

0:00:07.568	TRACE	src/sensors/gps.c:115:	Succesfully updated GPS data dd:28 mm:6 yyyy:2006 time:120108.000000000 lat:0.000000000degN lon:0.000000000degE alt:0.000000000 fix:0 sat:0 dil:0.000000000 ms:7568 err:0

0:00:07.618	TRACE	src/main.c:48:	Reset watchdog.

0:00:07.681	TRACE	src/sensors/adc.c:95:	Successfully retrieved ADC data vbat:4850 therm:2038 err:0

0:00:07.819	TRACE	src/sensors/gps.c:115:	Succesfully updated GPS data dd:28 mm:6 yyyy:2006 time:120108.000000000 lat:0.000000000degN lon:0.000000000degE alt:0.000000000 fix:0 sat:0 dil:0.000000000 ms:7568 err:0

0:00:07.870	TRACE	src/sensors/bme.c:224:	Succesfully read BME data therm:2284 press:998830 hum:52 alt:43 err:0

0:00:07.912	TRACE	src/sensors/imu.c:96:	Succesfully read IMU data ax:0.008789062 ay:0.141113281 az:0.989013671 gx:12.580152511 gy:-0.770992398 gz:-0.038167938 therm:25.921077728 err:0

0:00:07.961	TRACE	src/sensors/ltr.c:54:	Succesfully read LTR data ch0:898 ch1:476 err:0

0:00:07.987	TRACE	src/sensors/therm.c:99:	Succesfully read therm data therm0:2076 therm1:2076 err:0

0:00:08.009 DATA:

	vbat:4850 therm:2038 err:0

	therm:2284 press:998830 hum:52 alt:43 err:0

	dd:28 mm:6 yyyy:2006 time:120108.000000 lat:0.000000degN lon:0.000000degE alt:0.000000 fix:0 sat:0 dil:0.000000 ms:7568 err:0

	ax:0.008789 ay:0.141113 az:0.989014 gx:12.580153 gy:-0.770992 gz:-0.038168 therm:25.921078 err:0

	ch0:898 ch1:476 err:0

	therm0:2076 therm1:2076 err:0

0:00:08.568	TRACE	src/sensors/gps.c:115:	Succesfully updated GPS data dd:28 mm:6 yyyy:2006 time:120109.000000000 lat:0.000000000degN lon:0.000000000degE alt:0.000000000 fix:0 sat:0 dil:0.000000000 ms:8568 err:0

0:00:08.819	TRACE	src/sensors/gps.c:115:	Succesfully updated GPS data dd:28 mm:6 yyyy:2006 time:120109.000000000 lat:0.000000000degN lon:0.000000000degE alt:0.000000000 fix:0 sat:0 dil:0.000000000 ms:8568 err:0

0:00:09.106	TRACE	src/main.c:48:	Reset watchdog.

0:00:09.165	TRACE	src/sensors/adc.c:95:	Successfully retrieved ADC data vbat:4833 therm:2070 err:0

0:00:09.305	TRACE	src/sensors/bme.c:224:	Succesfully read BME data therm:2285 press:998839 hum:52 alt:35 err:0

0:00:09.343	TRACE	src/sensors/imu.c:96:	Succesfully read IMU data ax:0.011230468 ay:0.158447265 az:0.999511718 gx:12.702290534 gy:-0.381679385 gz:0.007633587 therm:25.777309417 err:0

0:00:09.391	TRACE	src/sensors/ltr.c:54:	Succesfully read LTR data ch0:898 ch1:476 err:0

0:00:09.417	TRACE	src/sensors/therm.c:99:	Succesfully read therm data therm0:2082 therm1:2076 err:0

0:00:09.439 DATA:

	vbat:4833 therm:2070 err:0

	therm:2285 press:998839 hum:52 alt:35 err:0

	dd:28 mm:6 yyyy:2006 time:120109.000000 lat:0.000000degN lon:0.000000degE alt:0.000000 fix:0 sat:0 dil:0.000000 ms:8568 err:0

	ax:0.011230 ay:0.158447 az:0.999512 gx:12.702291 gy:-0.381679 gz:0.007634 therm:25.777309 err:0

	ch0:898 ch1:476 err:0

	therm0:2082 therm1:2076 err:0

0:00:09.568	TRACE	src/sensors/gps.c:115:	Succesfully updated GPS data dd:28 mm:6 yyyy:2006 time:120110.000000000 lat:0.000000000degN lon:0.000000000degE alt:0.000000000 fix:0 sat:0 dil:0.000000000 ms:9568 err:0

0:00:09.819	TRACE	src/sensors/gps.c:115:	Succesfully updated GPS data dd:28 mm:6 yyyy:2006 time:120110.000000000 lat:0.000000000degN lon:0.000000000degE alt:0.000000000 fix:0 sat:0 dil:0.000000000 ms:9568 err:0

0:00:10.536	TRACE	src/main.c:48:	Reset watchdog.

0:00:10.568	TRACE	src/sensors/gps.c:115:	Succesfully updated GPS data dd:28 mm:6 yyyy:2006 time:120111.000000000 lat:0.000000000degN lon:0.000000000degE alt:0.000000000 fix:0 sat:0 dil:0.000000000 ms:10568 err:0

0:00:10.618	TRACE	src/sensors/adc.c:95:	Successfully retrieved ADC data vbat:4858 therm:2006 err:0

0:00:10.763	TRACE	src/sensors/bme.c:224:	Succesfully read BME data therm:2286 press:998838 hum:52 alt:36 err:0

0:00:10.801	TRACE	src/sensors/imu.c:96:	Succesfully read IMU data ax:0.016113281 ay:0.153808593 az:0.999267578 gx:12.335878372 gy:-0.572519063 gz:0.190839692 therm:25.873153686 err:0

0:00:10.844	TRACE	src/sensors/gps.c:115:	Succesfully updated GPS data dd:28 mm:6 yyyy:2006 time:120111.000000000 lat:0.000000000degN lon:0.000000000degE alt:0.000000000 fix:0 sat:0 dil:0.000000000 ms:10568 err:0

0:00:10.900	TRACE	src/sensors/ltr.c:54:	Succesfully read LTR data ch0:898 ch1:476 err:0

0:00:10.930	TRACE	src/sensors/therm.c:99:	Succesfully read therm data therm0:2082 therm1:2076 err:0

0:00:10.952 DATA:

	vbat:4858 therm:2006 err:0

	therm:2286 press:998838 hum:52 alt:36 err:0

	dd:28 mm:6 yyyy:2006 time:120111.000000 lat:0.000000degN lon:0.000000degE alt:0.000000 fix:0 sat:0 dil:0.000000 ms:10568 err:0

	ax:0.016113 ay:0.153809 az:0.999268 gx:12.335878 gy:-0.572519 gz:0.190840 therm:25.873154 err:0

	ch0:898 ch1:476 err:0

	therm0:2082 therm1:2076 err:0

0:00:11.567	TRACE	src/sensors/gps.c:115:	Succesfully updated GPS data dd:28 mm:6 yyyy:2006 time:120112.000000000 lat:0.000000000degN lon:0.000000000degE alt:0.000000000 fix:0 sat:0 dil:0.000000000 ms:11567 err:0

0:00:11.819	TRACE	src/sensors/gps.c:115:	Succesfully updated GPS data dd:28 mm:6 yyyy:2006 time:120112.000000000 lat:0.000000000degN lon:0.000000000degE alt:0.000000000 fix:0 sat:0 dil:0.000000000 ms:11567 err:0

0:00:12.050	TRACE	src/main.c:48:	Reset watchdog.

0:00:12.108	TRACE	src/sensors/adc.c:95:	Successfully retrieved ADC data vbat:4858 therm:2070 err:0

0:00:12.248	TRACE	src/sensors/bme.c:224:	Succesfully read BME data therm:2289 press:998865 hum:52 alt:13 err:0

0:00:12.286	TRACE	src/sensors/imu.c:96:	Succesfully read IMU data ax:0.013427734 ay:0.146728515 az:0.995117187 gx:13.435114860 gy:-0.740458011 gz:0.061068702 therm:25.921077728 err:0

0:00:12.335	TRACE	src/sensors/ltr.c:54:	Succesfully read LTR data ch0:899 ch1:476 err:0

0:00:12.360	TRACE	src/sensors/therm.c:99:	Succesfully read therm data therm0:2082 therm1:2076 err:0

0:00:12.382 DATA:

	vbat:4858 therm:2070 err:0

	therm:2289 press:998865 hum:52 alt:13 err:0

	dd:28 mm:6 yyyy:2006 time:120112.000000 lat:0.000000degN lon:0.000000degE alt:0.000000 fix:0 sat:0 dil:0.000000 ms:11567 err:0

	ax:0.013428 ay:0.146729 az:0.995117 gx:13.435115 gy:-0.740458 gz:0.061069 therm:25.921078 err:0

	ch0:899 ch1:476 err:0

	therm0:2082 therm1:2076 err:0

0:00:12.568	TRACE	src/sensors/gps.c:115:	Succesfully updated GPS data dd:28 mm:6 yyyy:2006 time:120113.000000000 lat:0.000000000degN lon:0.000000000degE alt:0.000000000 fix:0 sat:0 dil:0.000000000 ms:12568 err:0

0:00:12.819	TRACE	src/sensors/gps.c:115:	Succesfully updated GPS data dd:28 mm:6 yyyy:2006 time:120113.000000000 lat:0.000000000degN lon:0.000000000degE alt:0.000000000 fix:0 sat:0 dil:0.000000000 ms:12568 err:0

0:00:13.480	TRACE	src/main.c:48:	Reset watchdog.

0:00:13.538	TRACE	src/sensors/adc.c:95:	Successfully retrieved ADC data vbat:4858 therm:2070 err:0

0:00:13.568	TRACE	src/sensors/gps.c:115:	Succesfully updated GPS data dd:28 mm:6 yyyy:2006 time:120114.000000000 lat:0.000000000degN lon:0.000000000degE alt:0.000000000 fix:0 sat:0 dil:0.000000000 ms:13568 err:0

0:00:13.678	TRACE	src/sensors/bme.c:224:	Succesfully read BME data therm:2291 press:998823 hum:51 alt:49 err:0

0:00:13.716	TRACE	src/sensors/imu.c:96:	Succesfully read IMU data ax:0.015136718 ay:0.152099609 az:0.996337890 gx:12.702290534 gy:-0.648854970 gz:-0.122137404 therm:25.921077728 err:0

0:00:13.765	TRACE	src/sensors/ltr.c:54:	Succesfully read LTR data ch0:898 ch1:476 err:0

0:00:13.791	TRACE	src/sensors/therm.c:99:	Succesfully read therm data therm0:2088 therm1:2082 err:0

0:00:13.813 DATA:

	vbat:4858 therm:2070 err:0

	therm:2291 press:998823 hum:51 alt:49 err:0

	dd:28 mm:6 yyyy:2006 time:120114.000000 lat:0.000000degN lon:0.000000degE alt:0.000000 fix:0 sat:0 dil:0.000000 ms:13568 err:0

	ax:0.015137 ay:0.152100 az:0.996338 gx:12.702291 gy:-0.648855 gz:-0.122137 therm:25.921078 err:0

	ch0:898 ch1:476 err:0

	therm0:2088 therm1:2082 err:0

0:00:13.911	TRACE	src/sensors/gps.c:115:	Succesfully updated GPS data dd:28 mm:6 yyyy:2006 time:120114.000000000 lat:0.000000000degN lon:0.000000000degE alt:0.000000000 fix:0 sat:0 dil:0.000000000 ms:13568 err:0

0:00:14.568	TRACE	src/sensors/gps.c:115:	Succesfully updated GPS data dd:28 mm:6 yyyy:2006 time:120115.000000000 lat:0.000000000degN lon:0.000000000degE alt:0.000000000 fix:0 sat:0 dil:0.000000000 ms:14568 err:0

0:00:14.819	TRACE	src/sensors/gps.c:115:	Succesfully updated GPS data dd:28 mm:6 yyyy:2006 time:120115.000000000 lat:0.000000000degN lon:0.000000000degE alt:0.000000000 fix:0 sat:0 dil:0.000000000 ms:14568 err:0

0:00:14.911	TRACE	src/main.c:48:	Reset watchdog.

0:00:14.969	TRACE	src/sensors/adc.c:95:	Successfully retrieved ADC data vbat:4858 therm:2135 err:0

0:00:15.109	TRACE	src/sensors/bme.c:224:	Succesfully read BME data therm:2292 press:998843 hum:51 alt:32 err:0

0:00:15.147	TRACE	src/sensors/imu.c:96:	Succesfully read IMU data ax:0.010498046 ay:0.151855468 az:1.000000000 gx:12.702290534 gy:-0.396946579 gz:0.106870226 therm:25.921077728 err:0

0:00:15.196	TRACE	src/sensors/ltr.c:54:	Succesfully read LTR data ch0:899 ch1:477 err:0

0:00:15.221	TRACE	src/sensors/therm.c:99:	Succesfully read therm data therm0:2088 therm1:2082 err:0

0:00:15.244 DATA:

	vbat:4858 therm:2135 err:0

	therm:2292 press:998843 hum:51 alt:32 err:0

	dd:28 mm:6 yyyy:2006 time:120115.000000 lat:0.000000degN lon:0.000000degE alt:0.000000 fix:0 sat:0 dil:0.000000 ms:14568 err:0

	ax:0.010498 ay:0.151855 az:1.000000 gx:12.702291 gy:-0.396947 gz:0.106870 therm:25.921078 err:0

	ch0:899 ch1:477 err:0

	therm0:2088 therm1:2082 err:0

0:00:15.568	TRACE	src/sensors/gps.c:115:	Succesfully updated GPS data dd:28 mm:6 yyyy:2006 time:120116.000000000 lat:0.000000000degN lon:0.000000000degE alt:0.000000000 fix:0 sat:0 dil:0.000000000 ms:15568 err:0

0:00:15.819	TRACE	src/sensors/gps.c:115:	Succesfully updated GPS data dd:28 mm:6 yyyy:2006 time:120116.000000000 lat:0.000000000degN lon:0.000000000degE alt:0.000000000 fix:0 sat:0 dil:0.000000000 ms:15568 err:0

0:00:16.341	TRACE	src/main.c:48:	Reset watchdog.

0:00:16.400	TRACE	src/sensors/adc.c:95:	Successfully retrieved ADC data vbat:4858 therm:2070 err:0

0:00:16.540	TRACE	src/sensors/bme.c:224:	Succesfully read BME data therm:2293 press:998833 hum:51 alt:40 err:0

0:00:16.568	TRACE	src/sensors/gps.c:115:	Succesfully updated GPS data dd:28 mm:6 yyyy:2006 time:120117.000000000 lat:0.000000000degN lon:0.000000000degE alt:0.000000000 fix:0 sat:0 dil:0.000000000 ms:16568 err:0

0:00:16.620	TRACE	src/sensors/imu.c:96:	Succesfully read IMU data ax:0.010009765 ay:0.147705078 az:1.004882812 gx:12.580152511 gy:-0.320610702 gz:0.190839692 therm:25.873153686 err:0

0:00:16.673	TRACE	src/sensors/ltr.c:54:	Succesfully read LTR data ch0:897 ch1:475 err:0

0:00:16.698	TRACE	src/sensors/therm.c:99:	Succesfully read therm data therm0:2088 therm1:2082 err:0

0:00:16.721 DATA:

	vbat:4858 therm:2070 err:0

	therm:2293 press:998833 hum:51 alt:40 err:0

	dd:28 mm:6 yyyy:2006 time:120116.000000 lat:0.000000degN lon:0.000000degE alt:0.000000 fix:0 sat:0 dil:0.000000 ms:15568 err:0

	ax:0.010010 ay:0.147705 az:1.004883 gx:12.580153 gy:-0.320611 gz:0.190840 therm:25.873154 err:0

	ch0:897 ch1:475 err:0

	therm0:2088 therm1:2082 err:0

0:00:16.819	TRACE	src/sensors/gps.c:115:	Succesfully updated GPS data dd:28 mm:6 yyyy:2006 time:120117.000000000 lat:0.000000000degN lon:0.000000000degE alt:0.000000000 fix:0 sat:0 dil:0.000000000 ms:16568 err:0

0:00:17.568	TRACE	src/sensors/gps.c:115:	Succesfully updated GPS data dd:28 mm:6 yyyy:2006 time:120118.000000000 lat:0.000000000degN lon:0.000000000degE alt:0.000000000 fix:0 sat:0 dil:0.000000000 ms:17568 err:0

0:00:17.818	TRACE	src/main.c:48:	Reset watchdog.

0:00:17.827	TRACE	src/sensors/gps.c:115:	Succesfully updated GPS data dd:28 mm:6 yyyy:2006 time:120118.000000000 lat:0.000000000degN lon:0.000000000degE alt:0.000000000 fix:0 sat:0 dil:0.000000000 ms:17568 err:0

0:00:17.882	TRACE	src/sensors/adc.c:95:	Successfully retrieved ADC data vbat:4842 therm:2070 err:0

0:00:18.027	TRACE	src/sensors/bme.c:224:	Succesfully read BME data therm:2295 press:998856 hum:51 alt:21 err:0

0:00:18.065	TRACE	src/sensors/imu.c:96:	Succesfully read IMU data ax:0.008544921 ay:0.150146484 az:1.004882812 gx:12.580152511 gy:-0.595419824 gz:0.167938932 therm:25.968999862 err:0

0:00:18.113	TRACE	src/sensors/ltr.c:54:	Succesfully read LTR data ch0:896 ch1:475 err:0

0:00:18.139	TRACE	src/sensors/therm.c:99:	Succesfully read therm data therm0:2094 therm1:2082 err:0

0:00:18.161 DATA:

	vbat:4842 therm:2070 err:0

	therm:2295 press:998856 hum:51 alt:21 err:0

	dd:28 mm:6 yyyy:2006 time:120118.000000 lat:0.000000degN lon:0.000000degE alt:0.000000 fix:0 sat:0 dil:0.000000 ms:17568 err:0

	ax:0.008545 ay:0.150146 az:1.004883 gx:12.580153 gy:-0.595420 gz:0.167939 therm:25.969000 err:0

	ch0:896 ch1:475 err:0

	therm0:2094 therm1:2082 err:0

0:00:18.568	TRACE	src/sensors/gps.c:115:	Succesfully updated GPS data dd:28 mm:6 yyyy:2006 time:120119.000000000 lat:0.000000000degN lon:0.000000000degE alt:0.000000000 fix:0 sat:0 dil:0.000000000 ms:18568 err:0

0:00:18.819	TRACE	src/sensors/gps.c:115:	Succesfully updated GPS data dd:28 mm:6 yyyy:2006 time:120119.000000000 lat:0.000000000degN lon:0.000000000degE alt:0.000000000 fix:0 sat:0 dil:0.000000000 ms:18568 err:0

0:00:19.259	TRACE	src/main.c:48:	Reset watchdog.

0:00:19.317	TRACE	src/sensors/adc.c:95:	Successfully retrieved ADC data vbat:4866 therm:2102 err:0

0:00:19.457	TRACE	src/sensors/bme.c:224:	Succesfully read BME data therm:2296 press:998840 hum:51 alt:34 err:0

0:00:19.495	TRACE	src/sensors/imu.c:96:	Succesfully read IMU data ax:0.009765625 ay:0.147460937 az:0.997802734 gx:12.335878372 gy:-0.465648859 gz:-0.183206111 therm:25.921077728 err:0

0:00:19.544	TRACE	src/sensors/ltr.c:54:	Succesfully read LTR data ch0:896 ch1:476 err:0

0:00:19.568	TRACE	src/sensors/gps.c:115:	Succesfully updated GPS data dd:28 mm:6 yyyy:2006 time:120120.000000000 lat:0.000000000degN lon:0.000000000degE alt:0.000000000 fix:0 sat:0 dil:0.000000000 ms:19568 err:0

0:00:19.618	TRACE	src/sensors/therm.c:99:	Succesfully read therm data therm0:2094 therm1:2088 err:0

0:00:19.645 DATA:

	vbat:4866 therm:2102 err:0

	therm:2296 press:998840 hum:51 alt:34 err:0

	dd:28 mm:6 yyyy:2006 time:120119.000000 lat:0.000000degN lon:0.000000degE alt:0.000000 fix:0 sat:0 dil:0.000000 ms:18568 err:0

	ax:0.009766 ay:0.147461 az:0.997803 gx:12.335878 gy:-0.465649 gz:-0.183206 therm:25.921078 err:0

	ch0:896 ch1:476 err:0

	therm0:2094 therm1:2088 err:0

0:00:19.819	TRACE	src/sensors/gps.c:115:	Succesfully updated GPS data dd:28 mm:6 yyyy:2006 time:120120.000000000 lat:0.000000000degN lon:0.000000000degE alt:0.000000000 fix:0 sat:0 dil:0.000000000 ms:19568 err:0

0:00:20.567	TRACE	src/sensors/gps.c:115:	Succesfully updated GPS data dd:28 mm:6 yyyy:2006 time:120121.000000000 lat:0.000000000degN lon:0.000000000degE alt:0.000000000 fix:0 sat:0 dil:0.000000000 ms:20567 err:0

0:00:20.743	TRACE	src/main.c:48:	Reset watchdog.

0:00:20.801	TRACE	src/sensors/adc.c:95:	Successfully retrieved ADC data vbat:4866 therm:2102 err:0

0:00:20.823	TRACE	src/sensors/gps.c:115:	Succesfully updated GPS data dd:28 mm:6 yyyy:2006 time:120121.000000000 lat:0.000000000degN lon:0.000000000degE alt:0.000000000 fix:0 sat:0 dil:0.000000000 ms:20567 err:0

0:00:20.942	TRACE	src/sensors/bme.c:224:	Succesfully read BME data therm:2297 press:998843 hum:51 alt:32 err:0

0:00:20.980	TRACE	src/sensors/imu.c:96:	Succesfully read IMU data ax:0.009033203 ay:0.150634765 az:0.996337890 gx:13.190839767 gy:-0.625954210 gz:-0.038167938 therm:26.112768173 err:0

0:00:21.028	TRACE	src/sensors/ltr.c:54:	Succesfully read LTR data ch0:895 ch1:475 err:0

0:00:21.054	TRACE	src/sensors/therm.c:99:	Succesfully read therm data therm0:2094 therm1:2088 err:0

0:00:21.076 DATA:

	vbat:4866 therm:2102 err:0

	therm:2297 press:998843 hum:51 alt:32 err:0

	dd:28 mm:6 yyyy:2006 time:120121.000000 lat:0.000000degN lon:0.000000degE alt:0.000000 fix:0 sat:0 dil:0.000000 ms:20567 err:0

	ax:0.009033 ay:0.150635 az:0.996338 gx:13.190840 gy:-0.625954 gz:-0.038168 therm:26.112768 err:0

	ch0:895 ch1:475 err:0

	therm0:2094 therm1:2088 err:0

0:00:21.567	TRACE	src/sensors/gps.c:115:	Succesfully updated GPS data dd:28 mm:6 yyyy:2006 time:120122.000000000 lat:0.000000000degN lon:0.000000000degE alt:0.000000000 fix:0 sat:0 dil:0.000000000 ms:21567 err:0

0:00:21.819	TRACE	src/sensors/gps.c:115:	Succesfully updated GPS data dd:28 mm:6 yyyy:2006 time:120122.000000000 lat:0.000000000degN lon:0.000000000degE alt:0.000000000 fix:0 sat:0 dil:0.000000000 ms:21567 err:0

0:00:22.174	TRACE	src/main.c:48:	Reset watchdog.

0:00:22.232	TRACE	src/sensors/adc.c:95:	Successfully retrieved ADC data vbat:4817 therm:2102 err:0

0:00:22.372	TRACE	src/sensors/bme.c:224:	Succesfully read BME data therm:2299 press:998820 hum:51 alt:51 err:0

0:00:22.410	TRACE	src/sensors/imu.c:96:	Succesfully read IMU data ax:0.008056640 ay:0.151123046 az:0.998291015 gx:13.068702697 gy:-0.694656491 gz:0.183206111 therm:26.208614349 err:0

0:00:22.459	TRACE	src/sensors/ltr.c:54:	Succesfully read LTR data ch0:895 ch1:475 err:0

0:00:22.485	TRACE	src/sensors/therm.c:99:	Succesfully read therm data therm0:2100 therm1:2088 err:0

0:00:22.507 DATA:

	vbat:4817 therm:2102 err:0

	therm:2299 press:998820 hum:51 alt:51 err:0

	dd:28 mm:6 yyyy:2006 time:120122.000000 lat:0.000000degN lon:0.000000degE alt:0.000000 fix:0 sat:0 dil:0.000000 ms:21567 err:0

	ax:0.008057 ay:0.151123 az:0.998291 gx:13.068703 gy:-0.694656 gz:0.183206 therm:26.208614 err:0

	ch0:895 ch1:475 err:0

	therm0:2100 therm1:2088 err:0

0:00:22.604	TRACE	src/sensors/gps.c:115:	Succesfully updated GPS data dd:28 mm:6 yyyy:2006 time:120123.000000000 lat:0.000000000degN lon:0.000000000degE alt:0.000000000 fix:0 sat:0 dil:0.000000000 ms:22567 err:0

0:00:22.819	TRACE	src/sensors/gps.c:115:	Succesfully updated GPS data dd:28 mm:6 yyyy:2006 time:120123.000000000 lat:0.000000000degN lon:0.000000000degE alt:0.000000000 fix:0 sat:0 dil:0.000000000 ms:22567 err:0

0:00:23.567	TRACE	src/sensors/gps.c:115:	Succesfully updated GPS data dd:28 mm:6 yyyy:2006 time:120124.000000000 lat:0.000000000degN lon:0.000000000degE alt:0.000000000 fix:0 sat:0 dil:0.000000000 ms:23567 err:0

0:00:23.618	TRACE	src/main.c:48:	Reset watchdog.

0:00:23.681	TRACE	src/sensors/adc.c:95:	Successfully retrieved ADC data vbat:4858 therm:2102 err:0

0:00:23.819	TRACE	src/sensors/gps.c:115:	Succesfully updated GPS data dd:28 mm:6 yyyy:2006 time:120124.000000000 lat:0.000000000degN lon:0.000000000degE alt:0.000000000 fix:0 sat:0 dil:0.000000000 ms:23567 err:0

0:00:23.869	TRACE	src/sensors/bme.c:224:	Succesfully read BME data therm:2300 press:998840 hum:51 alt:34 err:0

0:00:23.912	TRACE	src/sensors/imu.c:96:	Succesfully read IMU data ax:0.013671875 ay:0.147949218 az:1.008789062 gx:13.068702697 gy:-0.389312982 gz:0.053435113 therm:25.968999862 err:0

0:00:23.961	TRACE	src/sensors/ltr.c:54:	Succesfully read LTR data ch0:896 ch1:475 err:0

0:00:23.986	TRACE	src/sensors/therm.c:99:	Succesfully read therm data therm0:2100 therm1:2088 err:0

0:00:24.008 DATA:

	vbat:4858 therm:2102 err:0

	therm:2300 press:998840 hum:51 alt:34 err:0

	dd:28 mm:6 yyyy:2006 time:120124.000000 lat:0.000000degN lon:0.000000degE alt:0.000000 fix:0 sat:0 dil:0.000000 ms:23567 err:0

	ax:0.013672 ay:0.147949 az:1.008789 gx:13.068703 gy:-0.389313 gz:0.053435 therm:25.969000 err:0

	ch0:896 ch1:475 err:0

	therm0:2100 therm1:2088 err:0

0:00:24.568	TRACE	src/sensors/gps.c:115:	Succesfully updated GPS data dd:28 mm:6 yyyy:2006 time:120125.000000000 lat:0.000000000degN lon:0.000000000degE alt:0.000000000 fix:0 sat:0 dil:0.000000000 ms:24568 err:0

0:00:24.819	TRACE	src/sensors/gps.c:115:	Succesfully updated GPS data dd:28 mm:6 yyyy:2006 time:120125.000000000 lat:0.000000000degN lon:0.000000000degE alt:0.000000000 fix:0 sat:0 dil:0.000000000 ms:24568 err:0

0:00:25.106	TRACE	src/main.c:48:	Reset watchdog.

0:00:25.164	TRACE	src/sensors/adc.c:95:	Successfully retrieved ADC data vbat:4858 therm:2102 err:0

0:00:25.304	TRACE	src/sensors/bme.c:224:	Succesfully read BME data therm:2301 press:998824 hum:51 alt:48 err:0

0:00:25.342	TRACE	src/sensors/imu.c:96:	Succesfully read IMU data ax:0.009521484 ay:0.147460937 az:0.998779296 gx:13.068702697 gy:-0.671755731 gz:0.007633587 therm:25.921077728 err:0

0:00:25.391	TRACE	src/sensors/ltr.c:54:	Succesfully read LTR data ch0:895 ch1:475 err:0

0:00:25.416	TRACE	src/sensors/therm.c:99:	Succesfully read therm data therm0:2100 therm1:2088 err:0

0:00:25.439 DATA:

	vbat:4858 therm:2102 err:0

	therm:2301 press:998824 hum:51 alt:48 err:0

	dd:28 mm:6 yyyy:2006 time:120125.000000 lat:0.000000degN lon:0.000000degE alt:0.000000 fix:0 sat:0 dil:0.000000 ms:24568 err:0

	ax:0.009521 ay:0.147461 az:0.998779 gx:13.068703 gy:-0.671756 gz:0.007634 therm:25.921078 err:0

	ch0:895 ch1:475 err:0

	therm0:2100 therm1:2088 err:0

0:00:25.568	TRACE	src/sensors/gps.c:115:	Succesfully updated GPS data dd:28 mm:6 yyyy:2006 time:120126.000000000 lat:0.000000000degN lon:0.000000000degE alt:0.000000000 fix:0 sat:0 dil:0.000000000 ms:25568 err:0

0:00:25.819	TRACE	src/sensors/gps.c:115:	Succesfully updated GPS data dd:28 mm:6 yyyy:2006 time:120126.000000000 lat:0.000000000degN lon:0.000000000degE alt:0.000000000 fix:0 sat:0 dil:0.000000000 ms:25568 err:0

0:00:26.536	TRACE	src/main.c:48:	Reset watchdog.

0:00:26.568	TRACE	src/sensors/gps.c:115:	Succesfully updated GPS data dd:28 mm:6 yyyy:2006 time:120127.000000000 lat:0.000000000degN lon:0.000000000degE alt:0.000000000 fix:0 sat:0 dil:0.000000000 ms:26568 err:0

0:00:26.618	TRACE	src/sensors/adc.c:95:	Successfully retrieved ADC data vbat:4866 therm:2102 err:0

0:00:26.763	TRACE	src/sensors/bme.c:224:	Succesfully read BME data therm:2306 press:998884 hum:51 alt:253 err:0

0:00:26.801	TRACE	src/sensors/imu.c:96:	Succesfully read IMU data ax:0.012939453 ay:0.146484375 az:0.999755859 gx:13.435114860 gy:-0.488549619 gz:0.389312982 therm:26.064846038 err:0

0:00:26.845	TRACE	src/sensors/gps.c:115:	Succesfully updated GPS data dd:28 mm:6 yyyy:2006 time:120127.000000000 lat:0.000000000degN lon:0.000000000degE alt:0.000000000 fix:0 sat:0 dil:0.000000000 ms:26568 err:0

0:00:26.900	TRACE	src/sensors/ltr.c:54:	Succesfully read LTR data ch0:896 ch1:475 err:0

0:00:26.930	TRACE	src/sensors/therm.c:99:	Succesfully read therm data therm0:2106 therm1:2094 err:0

0:00:26.952 DATA:

	vbat:4866 therm:2102 err:0

	therm:2306 press:998884 hum:51 alt:253 err:0

	dd:28 mm:6 yyyy:2006 time:120127.000000 lat:0.000000degN lon:0.000000degE alt:0.000000 fix:0 sat:0 dil:0.000000 ms:26568 err:0

	ax:0.012939 ay:0.146484 az:0.999756 gx:13.435115 gy:-0.488550 gz:0.389313 therm:26.064846 err:0

	ch0:896 ch1:475 err:0

	therm0:2106 therm1:2094 err:0

0:00:27.568	TRACE	src/sensors/gps.c:115:	Succesfully updated GPS data dd:28 mm:6 yyyy:2006 time:120128.000000000 lat:0.000000000degN lon:0.000000000degE alt:0.000000000 fix:0 sat:0 dil:0.000000000 ms:27568 err:0

0:00:27.819	TRACE	src/sensors/gps.c:115:	Succesfully updated GPS data dd:28 mm:6 yyyy:2006 time:120128.000000000 lat:0.000000000degN lon:0.000000000degE alt:0.000000000 fix:0 sat:0 dil:0.000000000 ms:27568 err:0

0:00:28.050	TRACE	src/main.c:48:	Reset watchdog.

0:00:28.109	TRACE	src/sensors/adc.c:95:	Successfully retrieved ADC data vbat:4833 therm:2167 err:0

0:00:28.249	TRACE	src/sensors/bme.c:224:	Succesfully read BME data therm:2306 press:998854 hum:51 alt:23 err:0

0:00:28.287	TRACE	src/sensors/imu.c:96:	Succesfully read IMU data ax:0.005126953 ay:0.149414062 az:0.999267578 gx:13.068702697 gy:-0.618320584 gz:0.290076345 therm:25.921077728 err:0

0:00:28.335	TRACE	src/sensors/ltr.c:54:	Succesfully read LTR data ch0:896 ch1:475 err:0

0:00:28.361	TRACE	src/sensors/therm.c:99:	Succesfully read therm data therm0:2106 therm1:2094 err:0

0:00:28.383 DATA:

	vbat:4833 therm:2167 err:0

	therm:2306 press:998854 hum:51 alt:23 err:0

	dd:28 mm:6 yyyy:2006 time:120128.000000 lat:0.000000degN lon:0.000000degE alt:0.000000 fix:0 sat:0 dil:0.000000 ms:27568 err:0

	ax:0.005127 ay:0.149414 az:0.999268 gx:13.068703 gy:-0.618321 gz:0.290076 therm:25.921078 err:0

	ch0:896 ch1:475 err:0

	therm0:2106 therm1:2094 err:0

0:00:28.568	TRACE	src/sensors/gps.c:115:	Succesfully updated GPS data dd:28 mm:6 yyyy:2006 time:120129.000000000 lat:0.000000000degN lon:0.000000000degE alt:0.000000000 fix:0 sat:0 dil:0.000000000 ms:28568 err:0

0:00:28.819	TRACE	src/sensors/gps.c:115:	Succesfully updated GPS data dd:28 mm:6 yyyy:2006 time:120129.000000000 lat:0.000000000degN lon:0.000000000degE alt:0.000000000 fix:0 sat:0 dil:0.000000000 ms:28568 err:0

0:00:29.481	TRACE	src/main.c:48:	Reset watchdog.

0:00:29.539	TRACE	src/sensors/adc.c:95:	Successfully retrieved ADC data vbat:4850 therm:2102 err:0

0:00:29.567	TRACE	src/sensors/gps.c:115:	Succesfully updated GPS data dd:28 mm:6 yyyy:2006 time:120130.000000000 lat:0.000000000degN lon:0.000000000degE alt:0.000000000 fix:0 sat:0 dil:0.000000000 ms:29567 err:0

0:00:29.679	TRACE	src/sensors/bme.c:224:	Succesfully read BME data therm:2308 press:998836 hum:51 alt:38 err:0

0:00:29.717	TRACE	src/sensors/imu.c:96:	Succesfully read IMU data ax:0.011718750 ay:0.150634765 az:1.003906250 gx:13.435114860 gy:-0.679389297 gz:0.053435113 therm:26.112768173 err:0

0:00:29.766	TRACE	src/sensors/ltr.c:54:	Succesfully read LTR data ch0:897 ch1:477 err:0

0:00:29.791	TRACE	src/sensors/therm.c:99:	Succesfully read therm data therm0:2106 therm1:2094 err:0

0:00:29.813 DATA:

	vbat:4850 therm:2102 err:0

	therm:2308 press:998836 hum:51 alt:38 err:0

	dd:28 mm:6 yyyy:2006 time:120130.000000 lat:0.000000degN lon:0.000000degE alt:0.000000 fix:0 sat:0 dil:0.000000 ms:29567 err:0

	ax:0.011719 ay:0.150635 az:1.003906 gx:13.435115 gy:-0.679389 gz:0.053435 therm:26.112768 err:0

	ch0:897 ch1:477 err:0

	therm0:2106 therm1:2094 err:0

0:00:29.911	TRACE	src/sensors/gps.c:115:	Succesfully updated GPS data dd:28 mm:6 yyyy:2006 time:120130.000000000 lat:0.000000000degN lon:0.000000000degE alt:0.000000000 fix:0 sat:0 dil:0.000000000 ms:29567 err:0

0:00:30.567	TRACE	src/sensors/gps.c:115:	Succesfully updated GPS data dd:28 mm:6 yyyy:2006 time:120131.000000000 lat:0.000000000degN lon:0.000000000degE alt:0.000000000 fix:0 sat:0 dil:0.000000000 ms:30567 err:0

0:00:30.819	TRACE	src/sensors/gps.c:115:	Succesfully updated GPS data dd:28 mm:6 yyyy:2006 time:120131.000000000 lat:0.000000000degN lon:0.000000000degE alt:0.000000000 fix:0 sat:0 dil:0.000000000 ms:30567 err:0

0:00:30.911	TRACE	src/main.c:48:	Reset watchdog.

0:00:30.969	TRACE	src/sensors/adc.c:95:	Successfully retrieved ADC data vbat:4825 therm:2102 err:0

0:00:31.109	TRACE	src/sensors/bme.c:224:	Succesfully read BME data therm:2310 press:998853 hum:51 alt:23 err:0

0:00:31.147	TRACE	src/sensors/imu.c:96:	Succesfully read IMU data ax:0.011718750 ay:0.150390625 az:1.000732421 gx:13.068702697 gy:-0.435114502 gz:-0.030534351 therm:25.968999862 err:0

0:00:31.196	TRACE	src/sensors/ltr.c:54:	Succesfully read LTR data ch0:899 ch1:477 err:0

0:00:31.222	TRACE	src/sensors/therm.c:99:	Succesfully read therm data therm0:2112 therm1:2100 err:0

0:00:31.244 DATA:

	vbat:4825 therm:2102 err:0

	therm:2310 press:998853 hum:51 alt:23 err:0

	dd:28 mm:6 yyyy:2006 time:120131.000000 lat:0.000000degN lon:0.000000degE alt:0.000000 fix:0 sat:0 dil:0.000000 ms:30567 err:0

	ax:0.011719 ay:0.150391 az:1.000732 gx:13.068703 gy:-0.435115 gz:-0.030534 therm:25.969000 err:0

	ch0:899 ch1:477 err:0

	therm0:2112 therm1:2100 err:0

0:00:31.567	TRACE	src/sensors/gps.c:115:	Succesfully updated GPS data dd:28 mm:6 yyyy:2006 time:120132.000000000 lat:0.000000000degN lon:0.000000000degE alt:0.000000000 fix:0 sat:0 dil:0.000000000 ms:31567 err:0

0:00:31.819	TRACE	src/sensors/gps.c:115:	Succesfully updated GPS data dd:28 mm:6 yyyy:2006 time:120132.000000000 lat:0.000000000degN lon:0.000000000degE alt:0.000000000 fix:0 sat:0 dil:0.000000000 ms:31567 err:0

0:00:32.342	TRACE	src/main.c:48:	Reset watchdog.

0:00:32.400	TRACE	src/sensors/adc.c:95:	Successfully retrieved ADC data vbat:4866 therm:2135 err:0

0:00:32.540	TRACE	src/sensors/bme.c:224:	Succesfully read BME data therm:2311 press:998867 hum:51 alt:12 err:0

0:00:32.568	TRACE	src/sensors/gps.c:115:	Succesfully updated GPS data dd:28 mm:6 yyyy:2006 time:120133.000000000 lat:0.000000000degN lon:0.000000000degE alt:0.000000000 fix:0 sat:0 dil:0.000000000 ms:32568 err:0

0:00:32.620	TRACE	src/sensors/imu.c:96:	Succesfully read IMU data ax:0.004638671 ay:0.145996093 az:0.998779296 gx:13.068702697 gy:-0.587786257 gz:0.251908391 therm:26.112768173 err:0

0:00:32.673	TRACE	src/sensors/ltr.c:54:	Succesfully read LTR data ch0:897 ch1:477 err:0

0:00:32.699	TRACE	src/sensors/therm.c:99:	Succesfully read therm data therm0:2112 therm1:2100 err:0

0:00:32.721 DATA:

	vbat:4866 therm:2135 err:0

	therm:2311 press:998867 hum:51 alt:12 err:0

	dd:28 mm:6 yyyy:2006 time:120132.000000 lat:0.000000degN lon:0.000000degE alt:0.000000 fix:0 sat:0 dil:0.000000 ms:31567 err:0

	ax:0.004639 ay:0.145996 az:0.998779 gx:13.068703 gy:-0.587786 gz:0.251908 therm:26.112768 err:0

	ch0:897 ch1:477 err:0

	therm0:2112 therm1:2100 err:0

0:00:32.819	TRACE	src/sensors/gps.c:115:	Succesfully updated GPS data dd:28 mm:6 yyyy:2006 time:120133.000000000 lat:0.000000000degN lon:0.000000000degE alt:0.000000000 fix:0 sat:0 dil:0.000000000 ms:32568 err:0

0:00:33.567	TRACE	src/sensors/gps.c:115:	Succesfully updated GPS data dd:28 mm:6 yyyy:2006 time:120134.000000000 lat:0.000000000degN lon:0.000000000degE alt:0.000000000 fix:0 sat:0 dil:0.000000000 ms:33567 err:0

0:00:33.819	TRACE	src/sensors/gps.c:115:	Succesfully updated GPS data dd:28 mm:6 yyyy:2006 time:120134.000000000 lat:0.000000000degN lon:0.000000000degE alt:0.000000000 fix:0 sat:0 dil:0.000000000 ms:33567 err:0

0:00:33.869	TRACE	src/main.c:48:	Reset watchdog.

0:00:33.932	TRACE	src/sensors/adc.c:95:	Successfully retrieved ADC data vbat:4850 therm:2167 err:0

0:00:34.072	TRACE	src/sensors/bme.c:224:	Succesfully read BME data therm:2314 press:998868 hum:51 alt:11 err:0

0:00:34.110	TRACE	src/sensors/imu.c:96:	Succesfully read IMU data ax:0.007080078 ay:0.149414062 az:1.004394531 gx:13.190839767 gy:-0.549618303 gz:0.068702287 therm:26.256536483 err:0

0:00:34.159	TRACE	src/sensors/ltr.c:54:	Succesfully read LTR data ch0:897 ch1:476 err:0

0:00:34.185	TRACE	src/sensors/therm.c:99:	Succesfully read therm data therm0:2112 therm1:2100 err:0

0:00:34.207 DATA:

	vbat:4850 therm:2167 err:0

	therm:2314 press:998868 hum:51 alt:11 err:0

	dd:28 mm:6 yyyy:2006 time:120134.000000 lat:0.000000degN lon:0.000000degE alt:0.000000 fix:0 sat:0 dil:0.000000 ms:33567 err:0

	ax:0.007080 ay:0.149414 az:1.004395 gx:13.190840 gy:-0.549618 gz:0.068702 therm:26.256536 err:0

	ch0:897 ch1:476 err:0

	therm0:2112 therm1:2100 err:0

0:00:34.567	TRACE	src/sensors/gps.c:115:	Succesfully updated GPS data dd:28 mm:6 yyyy:2006 time:120135.000000000 lat:0.000000000degN lon:0.000000000degE alt:0.000000000 fix:0 sat:0 dil:0.000000000 ms:34567 err:0

0:00:34.819	TRACE	src/sensors/gps.c:115:	Succesfully updated GPS data dd:28 mm:6 yyyy:2006 time:120135.000000000 lat:0.000000000degN lon:0.000000000degE alt:0.000000000 fix:0 sat:0 dil:0.000000000 ms:34567 err:0

0:00:35.304	TRACE	src/main.c:48:	Reset watchdog.

0:00:35.363	TRACE	src/sensors/adc.c:95:	Successfully retrieved ADC data vbat:4866 therm:2167 err:0

0:00:35.503	TRACE	src/sensors/bme.c:224:	Succesfully read BME data therm:2314 press:998839 hum:51 alt:35 err:0

0:00:35.541	TRACE	src/sensors/imu.c:96:	Succesfully read IMU data ax:0.006835937 ay:0.150390625 az:1.006591796 gx:13.435114860 gy:-0.450381666 gz:-0.045801527 therm:26.304460525 err:0

0:00:35.584	TRACE	src/sensors/gps.c:115:	Succesfully updated GPS data dd:28 mm:6 yyyy:2006 time:120136.000000000 lat:0.000000000degN lon:0.000000000degE alt:0.000000000 fix:0 sat:0 dil:0.000000000 ms:35567 err:0

0:00:35.640	TRACE	src/sensors/ltr.c:54:	Succesfully read LTR data ch0:898 ch1:475 err:0

0:00:35.670	TRACE	src/sensors/therm.c:99:	Succesfully read therm data therm0:2112 therm1:2100 err:0

0:00:35.692 DATA:

	vbat:4866 therm:2167 err:0

	therm:2314 press:998839 hum:51 alt:35 err:0

	dd:28 mm:6 yyyy:2006 time:120135.000000 lat:0.000000degN lon:0.000000degE alt:0.000000 fix:0 sat:0 dil:0.000000 ms:34567 err:0

	ax:0.006836 ay:0.150391 az:1.006592 gx:13.435115 gy:-0.450382 gz:-0.045802 therm:26.304461 err:0

	ch0:898 ch1:475 err:0

	therm0:2112 therm1:2100 err:0

0:00:35.819	TRACE	src/sensors/gps.c:115:	Succesfully updated GPS data dd:28 mm:6 yyyy:2006 time:120136.000000000 lat:0.000000000degN lon:0.000000000degE alt:0.000000000 fix:0 sat:0 dil:0.000000000 ms:35567 err:0

0:00:36.568	TRACE	src/sensors/gps.c:115:	Succesfully updated GPS data dd:28 mm:6 yyyy:2006 time:120137.000000000 lat:0.000000000degN lon:0.000000000degE alt:0.000000000 fix:0 sat:0 dil:0.000000000 ms:36567 err:0

0:00:36.790	TRACE	src/main.c:48:	Reset watchdog.

0:00:36.819	TRACE	src/sensors/gps.c:115:	Succesfully updated GPS data dd:28 mm:6 yyyy:2006 time:120137.000000000 lat:0.000000000degN lon:0.000000000degE alt:0.000000000 fix:0 sat:0 dil:0.000000000 ms:36567 err:0

0:00:36.869	TRACE	src/sensors/adc.c:95:	Successfully retrieved ADC data vbat:4858 therm:2167 err:0

0:00:37.014	TRACE	src/sensors/bme.c:224:	Succesfully read BME data therm:2317 press:998859 hum:51 alt:18 err:0

0:00:37.052	TRACE	src/sensors/imu.c:96:	Succesfully read IMU data ax:0.006591796 ay:0.149414062 az:0.996582031 gx:13.557251930 gy:-0.534351170 gz:0.145038172 therm:26.064846038 err:0

0:00:37.101	TRACE	src/sensors/ltr.c:54:	Succesfully read LTR data ch0:896 ch1:475 err:0

0:00:37.126	TRACE	src/sensors/therm.c:99:	Succesfully read therm data therm0:2118 therm1:2106 err:0

0:00:37.149 DATA:

	vbat:4858 therm:2167 err:0

	therm:2317 press:998859 hum:51 alt:18 err:0

	dd:28 mm:6 yyyy:2006 time:120137.000000 lat:0.000000degN lon:0.000000degE alt:0.000000 fix:0 sat:0 dil:0.000000 ms:36567 err:0

	ax:0.006592 ay:0.149414 az:0.996582 gx:13.557252 gy:-0.534351 gz:0.145038 therm:26.064846 err:0

	ch0:896 ch1:475 err:0

	therm0:2118 therm1:2106 err:0

0:00:37.567	TRACE	src/sensors/gps.c:115:	Succesfully updated GPS data dd:28 mm:6 yyyy:2006 time:120138.000000000 lat:0.000000000degN lon:0.000000000degE alt:0.000000000 fix:0 sat:0 dil:0.000000000 ms:37567 err:0

0:00:37.818	TRACE	src/sensors/gps.c:115:	Succesfully updated GPS data dd:28 mm:6 yyyy:2006 time:120138.000000000 lat:0.000000000degN lon:0.000000000degE alt:0.000000000 fix:0 sat:0 dil:0.000000000 ms:37567 err:0

0:00:38.246	TRACE	src/main.c:48:	Reset watchdog.

0:00:38.304	TRACE	src/sensors/adc.c:95:	Successfully retrieved ADC data vbat:4858 therm:2135 err:0

0:00:38.444	TRACE	src/sensors/bme.c:224:	Succesfully read BME data therm:2317 press:998840 hum:51 alt:34 err:0

0:00:38.482	TRACE	src/sensors/imu.c:96:	Succesfully read IMU data ax:0.012939453 ay:0.150878906 az:0.993408203 gx:13.435114860 gy:-0.564885497 gz:0.160305351 therm:26.256536483 err:0

0:00:38.531	TRACE	src/sensors/ltr.c:54:	Succesfully read LTR data ch0:896 ch1:475 err:0

0:00:38.557	TRACE	src/sensors/therm.c:99:	Succesfully read therm data therm0:2118 therm1:2106 err:0

0:00:38.579	TRACE	src/sensors/gps.c:115:	Succesfully updated GPS data dd:28 mm:6 yyyy:2006 time:120139.000000000 lat:0.000000000degN lon:0.000000000degE alt:0.000000000 fix:0 sat:0 dil:0.000000000 ms:38568 err:0

0:00:38.634 DATA:

	vbat:4858 therm:2135 err:0

	therm:2317 press:998840 hum:51 alt:34 err:0

	dd:28 mm:6 yyyy:2006 time:120138.000000 lat:0.000000degN lon:0.000000degE alt:0.000000 fix:0 sat:0 dil:0.000000 ms:37567 err:0

	ax:0.012939 ay:0.150879 az:0.993408 gx:13.435115 gy:-0.564885 gz:0.160305 therm:26.256536 err:0

	ch0:896 ch1:475 err:0

	therm0:2118 therm1:2106 err:0

0:00:38.819	TRACE	src/sensors/gps.c:115:	Succesfully updated GPS data dd:28 mm:6 yyyy:2006 time:120139.000000000 lat:0.000000000degN lon:0.000000000degE alt:0.000000000 fix:0 sat:0 dil:0.000000000 ms:38568 err:0

0:00:39.567	TRACE	src/sensors/gps.c:115:	Succesfully updated GPS data dd:28 mm:6 yyyy:2006 time:120140.000000000 lat:0.000000000degN lon:0.000000000degE alt:0.000000000 fix:0 sat:0 dil:0.000000000 ms:39567 err:0

0:00:39.732	TRACE	src/main.c:48:	Reset watchdog.

0:00:39.790	TRACE	src/sensors/adc.c:95:	Successfully retrieved ADC data vbat:4833 therm:2167 err:0

0:00:39.819	TRACE	src/sensors/gps.c:115:	Succesfully updated GPS data dd:28 mm:6 yyyy:2006 time:120140.000000000 lat:0.000000000degN lon:0.000000000degE alt:0.000000000 fix:0 sat:0 dil:0.000000000 ms:39567 err:0

0:00:39.930	TRACE	src/sensors/bme.c:224:	Succesfully read BME data therm:2320 press:998857 hum:50 alt:20 err:0

0:00:39.968	TRACE	src/sensors/imu.c:96:	Succesfully read IMU data ax:0.008789062 ay:0.152343750 az:1.000000000 gx:13.435114860 gy:-0.679389297 gz:0.061068702 therm:26.112768173 err:0

0:00:40.017	TRACE	src/sensors/ltr.c:54:	Succesfully read LTR data ch0:896 ch1:475 err:0

0:00:40.042	TRACE	src/sensors/therm.c:99:	Succesfully read therm data therm0:2118 therm1:2106 err:0

0:00:40.064 DATA:

	vbat:4833 therm:2167 err:0

	therm:2320 press:998857 hum:50 alt:20 err:0

	dd:28 mm:6 yyyy:2006 time:120140.000000 lat:0.000000degN lon:0.000000degE alt:0.000000 fix:0 sat:0 dil:0.000000 ms:39567 err:0

	ax:0.008789 ay:0.152344 az:1.000000 gx:13.435115 gy:-0.679389 gz:0.061069 therm:26.112768 err:0

	ch0:896 ch1:475 err:0

	therm0:2118 therm1:2106 err:0

0:00:40.568	TRACE	src/sensors/gps.c:115:	Succesfully updated GPS data dd:28 mm:6 yyyy:2006 time:120141.000000000 lat:0.000000000degN lon:0.000000000degE alt:0.000000000 fix:0 sat:0 dil:0.000000000 ms:40568 err:0

0:00:40.819	TRACE	src/sensors/gps.c:115:	Succesfully updated GPS data dd:28 mm:6 yyyy:2006 time:120141.000000000 lat:0.000000000degN lon:0.000000000degE alt:0.000000000 fix:0 sat:0 dil:0.000000000 ms:40568 err:0

0:00:41.162	TRACE	src/main.c:48:	Reset watchdog.

0:00:41.220	TRACE	src/sensors/adc.c:95:	Successfully retrieved ADC data vbat:4850 therm:2102 err:0

0:00:41.360	TRACE	src/sensors/bme.c:224:	Succesfully read BME data therm:2321 press:998851 hum:50 alt:25 err:0

0:00:41.398	TRACE	src/sensors/imu.c:96:	Succesfully read IMU data ax:0.013916015 ay:0.150390625 az:1.002197265 gx:13.190839767 gy:-0.603053450 gz:0.152671754 therm:26.256536483 err:0

0:00:41.447	TRACE	src/sensors/ltr.c:54:	Succesfully read LTR data ch0:896 ch1:476 err:0

0:00:41.473	TRACE	src/sensors/therm.c:99:	Succesfully read therm data therm0:2124 therm1:2106 err:0

0:00:41.495 DATA:

	vbat:4850 therm:2102 err:0

	therm:2321 press:998851 hum:50 alt:25 err:0

	dd:28 mm:6 yyyy:2006 time:120141.000000 lat:0.000000degN lon:0.000000degE alt:0.000000 fix:0 sat:0 dil:0.000000 ms:40568 err:0

	ax:0.013916 ay:0.150391 az:1.002197 gx:13.190840 gy:-0.603053 gz:0.152672 therm:26.256536 err:0

	ch0:896 ch1:476 err:0

	therm0:2124 therm1:2106 err:0

0:00:41.592	TRACE	src/sensors/gps.c:115:	Succesfully updated GPS data dd:28 mm:6 yyyy:2006 time:120142.000000000 lat:0.000000000degN lon:0.000000000degE alt:0.000000000 fix:0 sat:0 dil:0.000000000 ms:41568 err:0

0:00:41.819	TRACE	src/sensors/gps.c:115:	Succesfully updated GPS data dd:28 mm:6 yyyy:2006 time:120142.000000000 lat:0.000000000degN lon:0.000000000degE alt:0.000000000 fix:0 sat:0 dil:0.000000000 ms:41568 err:0

0:00:42.567	TRACE	src/sensors/gps.c:115:	Succesfully updated GPS data dd:28 mm:6 yyyy:2006 time:120143.000000000 lat:0.000000000degN lon:0.000000000degE alt:0.000000000 fix:0 sat:0 dil:0.000000000 ms:42567 err:0

0:00:42.618	TRACE	src/main.c:48:	Reset watchdog.

0:00:42.681	TRACE	src/sensors/adc.c:95:	Successfully retrieved ADC data vbat:4850 therm:2167 err:0

0:00:42.819	TRACE	src/sensors/gps.c:115:	Succesfully updated GPS data dd:28 mm:6 yyyy:2006 time:120143.000000000 lat:0.000000000degN lon:0.000000000degE alt:0.000000000 fix:0 sat:0 dil:0.000000000 ms:42567 err:0

0:00:42.870	TRACE	src/sensors/bme.c:224:	Succesfully read BME data therm:2323 press:998845 hum:50 alt:30 err:0

0:00:42.912	TRACE	src/sensors/imu.c:96:	Succesfully read IMU data ax:0.012939453 ay:0.149658203 az:1.003417968 gx:13.435114860 gy:-0.603053450 gz:0.007633587 therm:26.256536483 err:0

0:00:42.961	TRACE	src/sensors/ltr.c:54:	Succesfully read LTR data ch0:896 ch1:476 err:0

0:00:42.986	TRACE	src/sensors/therm.c:99:	Succesfully read therm data therm0:2124 therm1:2112 err:0

0:00:43.008 DATA:

	vbat:4850 therm:2167 err:0

	therm:2323 press:998845 hum:50 alt:30 err:0

	dd:28 mm:6 yyyy:2006 time:120143.000000 lat:0.000000degN lon:0.000000degE alt:0.000000 fix:0 sat:0 dil:0.000000 ms:42567 err:0

	ax:0.012939 ay:0.149658 az:1.003418 gx:13.435115 gy:-0.603053 gz:0.007634 therm:26.256536 err:0

	ch0:896 ch1:476 err:0

	therm0:2124 therm1:2112 err:0

0:00:43.568	TRACE	src/sensors/gps.c:115:	Succesfully updated GPS data dd:28 mm:6 yyyy:2006 time:120144.000000000 lat:0.000000000degN lon:0.000000000degE alt:0.000000000 fix:0 sat:0 dil:0.000000000 ms:43568 err:0

0:00:43.819	TRACE	src/sensors/gps.c:115:	Succesfully updated GPS data dd:28 mm:6 yyyy:2006 time:120144.000000000 lat:0.000000000degN lon:0.000000000degE alt:0.000000000 fix:0 sat:0 dil:0.000000000 ms:43568 err:0

0:00:44.106	TRACE	src/main.c:48:	Reset watchdog.

0:00:44.164	TRACE	src/sensors/adc.c:95:	Successfully retrieved ADC data vbat:4858 therm:2135 err:0

0:00:44.305	TRACE	src/sensors/bme.c:224:	Succesfully read BME data therm:2324 press:998858 hum:50 alt:19 err:0

0:00:44.342	TRACE	src/sensors/imu.c:96:	Succesfully read IMU data ax:0.008300781 ay:0.147949218 az:1.004150390 gx:13.557251930 gy:-0.503816783 gz:0.221374049 therm:25.921077728 err:0

0:00:44.391	TRACE	src/sensors/ltr.c:54:	Succesfully read LTR data ch0:897 ch1:476 err:0

0:00:44.417	TRACE	src/sensors/therm.c:99:	Succesfully read therm data therm0:2124 therm1:2112 err:0

0:00:44.439 DATA:

	vbat:4858 therm:2135 err:0

	therm:2324 press:998858 hum:50 alt:19 err:0

	dd:28 mm:6 yyyy:2006 time:120144.000000 lat:0.000000degN lon:0.000000degE alt:0.000000 fix:0 sat:0 dil:0.000000 ms:43568 err:0

	ax:0.008301 ay:0.147949 az:1.004150 gx:13.557252 gy:-0.503817 gz:0.221374 therm:25.921078 err:0

	ch0:897 ch1:476 err:0

	therm0:2124 therm1:2112 err:0

0:00:44.567	TRACE	src/sensors/gps.c:115:	Succesfully updated GPS data dd:28 mm:6 yyyy:2006 time:120145.000000000 lat:0.000000000degN lon:0.000000000degE alt:0.000000000 fix:0 sat:0 dil:0.000000000 ms:44567 err:0

0:00:44.819	TRACE	src/sensors/gps.c:115:	Succesfully updated GPS data dd:28 mm:6 yyyy:2006 time:120145.000000000 lat:0.000000000degN lon:0.000000000degE alt:0.000000000 fix:0 sat:0 dil:0.000000000 ms:44567 err:0

0:00:45.536	TRACE	src/main.c:48:	Reset watchdog.

0:00:45.567	TRACE	src/sensors/gps.c:115:	Succesfully updated GPS data dd:28 mm:6 yyyy:2006 time:120146.000000000 lat:0.000000000degN lon:0.000000000degE alt:0.000000000 fix:0 sat:0 dil:0.000000000 ms:45567 err:0

0:00:45.618	TRACE	src/sensors/adc.c:95:	Successfully retrieved ADC data vbat:4850 therm:2199 err:0

0:00:45.763	TRACE	src/sensors/bme.c:224:	Succesfully read BME data therm:2326 press:998824 hum:50 alt:48 err:0

0:00:45.801	TRACE	src/sensors/imu.c:96:	Succesfully read IMU data ax:0.008056640 ay:0.147460937 az:0.998535156 gx:13.068702697 gy:-0.557251930 gz:0.160305351 therm:26.304460525 err:0

0:00:45.844	TRACE	src/sensors/gps.c:115:	Succesfully updated GPS data dd:28 mm:6 yyyy:2006 time:120146.000000000 lat:0.000000000degN lon:0.000000000degE alt:0.000000000 fix:0 sat:0 dil:0.000000000 ms:45567 err:0

0:00:45.900	TRACE	src/sensors/ltr.c:54:	Succesfully read LTR data ch0:896 ch1:476 err:0

0:00:45.930	TRACE	src/sensors/therm.c:99:	Succesfully read therm data therm0:2124 therm1:2112 err:0

0:00:45.952 DATA:

	vbat:4850 therm:2199 err:0

	therm:2326 press:998824 hum:50 alt:48 err:0

	dd:28 mm:6 yyyy:2006 time:120146.000000 lat:0.000000degN lon:0.000000degE alt:0.000000 fix:0 sat:0 dil:0.000000 ms:45567 err:0

	ax:0.008057 ay:0.147461 az:0.998535 gx:13.068703 gy:-0.557252 gz:0.160305 therm:26.304461 err:0

	ch0:896 ch1:476 err:0

	therm0:2124 therm1:2112 err:0

0:00:46.567	TRACE	src/sensors/gps.c:115:	Succesfully updated GPS data dd:28 mm:6 yyyy:2006 time:120147.000000000 lat:0.000000000degN lon:0.000000000degE alt:0.000000000 fix:0 sat:0 dil:0.000000000 ms:46567 err:0

0:00:46.819	TRACE	src/sensors/gps.c:115:	Succesfully updated GPS data dd:28 mm:6 yyyy:2006 time:120147.000000000 lat:0.000000000degN lon:0.000000000degE alt:0.000000000 fix:0 sat:0 dil:0.000000000 ms:46567 err:0

0:00:47.049	TRACE	src/main.c:48:	Reset watchdog.

0:00:47.108	TRACE	src/sensors/adc.c:95:	Successfully retrieved ADC data vbat:4866 therm:2167 err:0

0:00:47.248	TRACE	src/sensors/bme.c:224:	Succesfully read BME data therm:2328 press:998868 hum:50 alt:11 err:0

0:00:47.286	TRACE	src/sensors/imu.c:96:	Succesfully read IMU data ax:0.003906250 ay:0.152832031 az:1.005126953 gx:13.435114860 gy:-0.503816783 gz:-0.068702287 therm:26.208614349 err:0

0:00:47.335	TRACE	src/sensors/ltr.c:54:	Succesfully read LTR data ch0:897 ch1:474 err:0

0:00:47.360	TRACE	src/sensors/therm.c:99:	Succesfully read therm data therm0:2124 therm1:2112 err:0

0:00:47.382 DATA:

	vbat:4866 therm:2167 err:0

	therm:2328 press:998868 hum:50 alt:11 err:0

	dd:28 mm:6 yyyy:2006 time:120147.000000 lat:0.000000degN lon:0.000000degE alt:0.000000 fix:0 sat:0 dil:0.000000 ms:46567 err:0

	ax:0.003906 ay:0.152832 az:1.005127 gx:13.435115 gy:-0.503817 gz:-0.068702 therm:26.208614 err:0

	ch0:897 ch1:474 err:0

	therm0:2124 therm1:2112 err:0

0:00:47.567	TRACE	src/sensors/gps.c:115:	Succesfully updated GPS data dd:28 mm:6 yyyy:2006 time:120148.000000000 lat:0.000000000degN lon:0.000000000degE alt:0.000000000 fix:0 sat:0 dil:0.000000000 ms:47567 err:0

0:00:47.819	TRACE	src/sensors/gps.c:115:	Succesfully updated GPS data dd:28 mm:6 yyyy:2006 time:120148.000000000 lat:0.000000000degN lon:0.000000000degE alt:0.000000000 fix:0 sat:0 dil:0.000000000 ms:47567 err:0

0:00:48.480	TRACE	src/main.c:48:	Reset watchdog.

0:00:48.539	TRACE	src/sensors/adc.c:95:	Successfully retrieved ADC data vbat:4874 therm:2167 err:0

0:00:48.567	TRACE	src/sensors/gps.c:115:	Succesfully updated GPS data dd:28 mm:6 yyyy:2006 time:120149.000000000 lat:0.000000000degN lon:0.000000000degE alt:0.000000000 fix:0 sat:0 dil:0.000000000 ms:48567 err:0

0:00:48.679	TRACE	src/sensors/bme.c:224:	Succesfully read BME data therm:2329 press:998826 hum:50 alt:46 err:0

0:00:48.717	TRACE	src/sensors/imu.c:96:	Succesfully read IMU data ax:0.002441406 ay:0.151611328 az:1.002441406 gx:13.557251930 gy:-0.740458011 gz:-0.076335877 therm:26.448228836 err:0

0:00:48.766	TRACE	src/sensors/ltr.c:54:	Succesfully read LTR data ch0:898 ch1:475 err:0

0:00:48.791	TRACE	src/sensors/therm.c:99:	Succesfully read therm data therm0:2130 therm1:2118 err:0

0:00:48.813 DATA:

	vbat:4874 therm:2167 err:0

	therm:2329 press:998826 hum:50 alt:46 err:0

	dd:28 mm:6 yyyy:2006 time:120149.000000 lat:0.000000degN lon:0.000000degE alt:0.000000 fix:0 sat:0 dil:0.000000 ms:48567 err:0

	ax:0.002441 ay:0.151611 az:1.002441 gx:13.557252 gy:-0.740458 gz:-0.076336 therm:26.448229 err:0

	ch0:898 ch1:475 err:0

	therm0:2130 therm1:2118 err:0

0:00:48.911	TRACE	src/sensors/gps.c:115:	Succesfully updated GPS data dd:28 mm:6 yyyy:2006 time:120149.000000000 lat:0.000000000degN lon:0.000000000degE alt:0.000000000 fix:0 sat:0 dil:0.000000000 ms:48567 err:0

0:00:49.567	TRACE	src/sensors/gps.c:115:	Succesfully updated GPS data dd:28 mm:6 yyyy:2006 time:120150.000000000 lat:0.000000000degN lon:0.000000000degE alt:0.000000000 fix:0 sat:0 dil:0.000000000 ms:49567 err:0

0:00:49.819	TRACE	src/sensors/gps.c:115:	Succesfully updated GPS data dd:28 mm:6 yyyy:2006 time:120150.000000000 lat:0.000000000degN lon:0.000000000degE alt:0.000000000 fix:0 sat:0 dil:0.000000000 ms:49567 err:0

0:00:49.911	TRACE	src/main.c:48:	Reset watchdog.

0:00:49.969	TRACE	src/sensors/adc.c:95:	Successfully retrieved ADC data vbat:4874 therm:2167 err:0

0:00:50.110	TRACE	src/sensors/bme.c:224:	Succesfully read BME data therm:2331 press:998849 hum:50 alt:27 err:0

0:00:50.147	TRACE	src/sensors/imu.c:96:	Succesfully read IMU data ax:0.011718750 ay:0.157958984 az:0.991455078 gx:13.557251930 gy:-0.564885497 gz:0.068702287 therm:26.448228836 err:0

0:00:50.196	TRACE	src/sensors/ltr.c:54:	Succesfully read LTR data ch0:897 ch1:475 err:0

0:00:50.222	TRACE	src/sensors/therm.c:99:	Succesfully read therm data therm0:2130 therm1:2118 err:0

0:00:50.244 DATA:

	vbat:4874 therm:2167 err:0

	therm:2331 press:998849 hum:50 alt:27 err:0

	dd:28 mm:6 yyyy:2006 time:120150.000000 lat:0.000000degN lon:0.000000degE alt:0.000000 fix:0 sat:0 dil:0.000000 ms:49567 err:0

	ax:0.011719 ay:0.157959 az:0.991455 gx:13.557252 gy:-0.564885 gz:0.068702 therm:26.448229 err:0

	ch0:897 ch1:475 err:0

	therm0:2130 therm1:2118 err:0

