0:00:01.336	TRACE	src/sensors/gps.c:115:	Succesfully updated GPS data dd:15 mm:10 yyyy:2019 time:222344.000000000 lat:0.000000000degN lon:0.000000000degE alt:0.000000000 fix:0 sat:0 dil:0.000000000 ms:1336 err:0

0:00:01.587	TRACE	src/sensors/gps.c:115:	Succesfully updated GPS data dd:15 mm:10 yyyy:2019 time:222344.000000000 lat:0.000000000degN lon:0.000000000degE alt:0.000000000 fix:0 sat:0 dil:0.000000000 ms:1336 err:0

0:00:02.260	TRACE	src/main.c:49:	Reset watchdog.

0:00:02.320	TRACE	src/sensors/adc.c:95:	Successfully retrieved ADC data vbat:4705 therm:2167 err:0

0:00:02.343	TRACE	src/sensors/gps.c:115:	Succesfully updated GPS data dd:15 mm:10 yyyy:2019 time:222345.000000000 lat:0.000000000degN lon:0.000000000degE alt:0.000000000 fix:0 sat:0 dil:0.000000000 ms:2335 err:0

0:00:02.462	TRACE	src/sensors/bme.c:224:	Succesfully read BME data therm:2545 press:998546 hum:42 alt:26 err:0

0:00:02.502	TRACE	src/sensors/imu.c:96:	Succesfully read IMU data ax:-0.013183593 ay:0.043945312 az:1.005126953 gx:18.931297302 gy:-0.427480906 gz:-0.412213742 therm:28.604757308 err:0

0:00:02.556	TRACE	src/sensors/ltr.c:54:	Succesfully read LTR data ch0:289 ch1:597 err:0

0:00:02.583	TRACE	src/sensors/therm.c:99:	Succesfully read therm data therm0:2292 therm1:2328 err:0

0:00:02.608 DATA:

	vbat:4705 therm:2167 err:0

	therm:2545 press:998546 hum:42 alt:26 err:0

	dd:15 mm:10 yyyy:2019 time:222345.000000 lat:0.000000degN lon:0.000000degE alt:0.000000 fix:0 sat:0 dil:0.000000 ms:2335 err:0

	ax:-0.013184 ay:0.043945 az:1.005127 gx:18.931297 gy:-0.427481 gz:-0.412214 therm:28.604757 err:0

	ch0:289 ch1:597 err:0

	therm0:2292 therm1:2328 err:0

0:00:02.708	TRACE	src/sensors/gps.c:115:	Succesfully updated GPS data dd:15 mm:10 yyyy:2019 time:222345.000000000 lat:0.000000000degN lon:0.000000000degE alt:0.000000000 fix:0 sat:0 dil:0.000000000 ms:2335 err:0

0:00:03.334	TRACE	src/sensors/gps.c:115:	Succesfully updated GPS data dd:15 mm:10 yyyy:2019 time:222346.000000000 lat:0.000000000degN lon:0.000000000degE alt:0.000000000 fix:0 sat:0 dil:0.000000000 ms:3334 err:0

0:00:03.586	TRACE	src/sensors/gps.c:115:	Succesfully updated GPS data dd:15 mm:10 yyyy:2019 time:222346.000000000 lat:0.000000000degN lon:0.000000000degE alt:0.000000000 fix:0 sat:0 dil:0.000000000 ms:3334 err:0

0:00:03.708	TRACE	src/main.c:49:	Reset watchdog.

0:00:03.768	TRACE	src/sensors/adc.c:95:	Successfully retrieved ADC data vbat:4664 therm:2231 err:0

0:00:03.913	TRACE	src/sensors/bme.c:224:	Succesfully read BME data therm:2546 press:998547 hum:42 alt:25 err:0

0:00:03.953	TRACE	src/sensors/imu.c:96:	Succesfully read IMU data ax:-0.017333984 ay:0.045166015 az:1.008056640 gx:19.419847488 gy:-0.412213742 gz:-0.076335877 therm:28.413064956 err:0

0:00:04.004	TRACE	src/sensors/ltr.c:54:	Succesfully read LTR data ch0:1155 ch1:596 err:0

0:00:04.032	TRACE	src/sensors/therm.c:99:	Succesfully read therm data therm0:2292 therm1:2328 err:0

0:00:04.056 DATA:

	vbat:4664 therm:2231 err:0

	therm:2546 press:998547 hum:42 alt:25 err:0

	dd:15 mm:10 yyyy:2019 time:222346.000000 lat:0.000000degN lon:0.000000degE alt:0.000000 fix:0 sat:0 dil:0.000000 ms:3334 err:0

	ax:-0.017334 ay:0.045166 az:1.008057 gx:19.419847 gy:-0.412214 gz:-0.076336 therm:28.413065 err:0

	ch0:1155 ch1:596 err:0

	therm0:2292 therm1:2328 err:0

0:00:04.334	TRACE	src/sensors/gps.c:115:	Succesfully updated GPS data dd:15 mm:10 yyyy:2019 time:222347.000000000 lat:0.000000000degN lon:0.000000000degE alt:0.000000000 fix:0 sat:0 dil:0.000000000 ms:4334 err:0

0:00:04.586	TRACE	src/sensors/gps.c:115:	Succesfully updated GPS data dd:15 mm:10 yyyy:2019 time:222347.000000000 lat:0.000000000degN lon:0.000000000degE alt:0.000000000 fix:0 sat:0 dil:0.000000000 ms:4334 err:0

0:00:05.155	TRACE	src/main.c:49:	Reset watchdog.

0:00:05.216	TRACE	src/sensors/adc.c:95:	Successfully retrieved ADC data vbat:4680 therm:2199 err:0

0:00:05.334	TRACE	src/sensors/gps.c:115:	Succesfully updated GPS data dd:15 mm:10 yyyy:2019 time:222348.000000000 lat:0.000000000degN lon:0.000000000degE alt:0.000000000 fix:0 sat:0 dil:0.000000000 ms:5334 err:0

0:00:05.387	TRACE	src/sensors/bme.c:224:	Succesfully read BME data therm:2547 press:998562 hum:42 alt:13 err:0

0:00:05.429	TRACE	src/sensors/imu.c:96:	Succesfully read IMU data ax:-0.014892578 ay:0.047119140 az:1.005859375 gx:19.419847488 gy:-0.656488537 gz:0.137404575 therm:28.604757308 err:0

0:00:05.479	TRACE	src/sensors/ltr.c:54:	Succesfully read LTR data ch0:1151 ch1:597 err:0

0:00:05.506	TRACE	src/sensors/therm.c:99:	Succesfully read therm data therm0:2292 therm1:2328 err:0

0:00:05.532 DATA:

	vbat:4680 therm:2199 err:0

	therm:2547 press:998562 hum:42 alt:13 err:0

	dd:15 mm:10 yyyy:2019 time:222348.000000 lat:0.000000degN lon:0.000000degE alt:0.000000 fix:0 sat:0 dil:0.000000 ms:5334 err:0

	ax:-0.014893 ay:0.047119 az:1.005859 gx:19.419847 gy:-0.656489 gz:0.137405 therm:28.604757 err:0

	ch0:1151 ch1:597 err:0

	therm0:2292 therm1:2328 err:0

0:00:05.628	TRACE	src/sensors/gps.c:115:	Succesfully updated GPS data dd:15 mm:10 yyyy:2019 time:222348.000000000 lat:0.000000000degN lon:0.000000000degE alt:0.000000000 fix:0 sat:0 dil:0.000000000 ms:5334 err:0

0:00:06.338	TRACE	src/sensors/gps.c:115:	Succesfully updated GPS data dd:15 mm:10 yyyy:2019 time:222349.000000000 lat:0.000000000degN lon:0.000000000degE alt:0.000000000 fix:0 sat:0 dil:0.000000000 ms:6338 err:0

0:00:06.590	TRACE	src/sensors/gps.c:115:	Succesfully updated GPS data dd:15 mm:10 yyyy:2019 time:222349.000000000 lat:0.000000000degN lon:0.000000000degE alt:0.000000000 fix:0 sat:0 dil:0.000000000 ms:6338 err:0

0:00:06.643	TRACE	src/main.c:49:	Reset watchdog.

0:00:06.706	TRACE	src/sensors/adc.c:95:	Successfully retrieved ADC data vbat:4713 therm:2231 err:0

0:00:06.848	TRACE	src/sensors/bme.c:224:	Succesfully read BME data therm:2547 press:998530 hum:42 alt:40 err:0

0:00:06.890	TRACE	src/sensors/imu.c:96:	Succesfully read IMU data ax:-0.016113281 ay:0.044189453 az:1.004150390 gx:19.053434371 gy:-0.648854970 gz:-0.045801527 therm:28.413064956 err:0

0:00:06.941	TRACE	src/sensors/ltr.c:54:	Succesfully read LTR data ch0:1153 ch1:596 err:0

0:00:06.969	TRACE	src/sensors/therm.c:99:	Succesfully read therm data therm0:2298 therm1:2328 err:0

0:00:06.994 DATA:

	vbat:4713 therm:2231 err:0

	therm:2547 press:998530 hum:42 alt:40 err:0

	dd:15 mm:10 yyyy:2019 time:222349.000000 lat:0.000000degN lon:0.000000degE alt:0.000000 fix:0 sat:0 dil:0.000000 ms:6338 err:0

	ax:-0.016113 ay:0.044189 az:1.004150 gx:19.053434 gy:-0.648855 gz:-0.045802 therm:28.413065 err:0

	ch0:1153 ch1:596 err:0

	therm0:2298 therm1:2328 err:0

0:00:07.335	TRACE	src/sensors/gps.c:115:	Succesfully updated GPS data dd:15 mm:10 yyyy:2019 time:222350.000000000 lat:0.000000000degN lon:0.000000000degE alt:0.000000000 fix:0 sat:0 dil:0.000000000 ms:7335 err:0

0:00:07.587	TRACE	src/sensors/gps.c:115:	Succesfully updated GPS data dd:15 mm:10 yyyy:2019 time:222350.000000000 lat:0.000000000degN lon:0.000000000degE alt:0.000000000 fix:0 sat:0 dil:0.000000000 ms:7335 err:0

0:00:08.093	TRACE	src/main.c:49:	Reset watchdog.

0:00:08.154	TRACE	src/sensors/adc.c:95:	Successfully retrieved ADC data vbat:4721 therm:2296 err:0

0:00:08.296	TRACE	src/sensors/bme.c:224:	Succesfully read BME data therm:2548 press:998560 hum:42 alt:14 err:0

