n:0.000000000degE alt:0.000000000 fix:0 sat:0 dil:0.000000000 ms:57567 err:0

0:00:57.819	TRACE	src/sensors/gps.c:115:	Succesfully updated GPS data dd:28 mm:6 yyyy:2006 time:120158.000000000 lat:0.000000000degN lon:0.000000000degE alt:0.000000000 fix:0 sat:0 dil:0.000000000 ms:57567 err:0

0:00:58.567	TRACE	src/sensors/gps.c:115:	Succesfully updated GPS data dd:28 mm:6 yyyy:2006 time:120159.000000000 lat:0.000000000degN lon:0.000000000degE alt:0.000000000 fix:0 sat:0 dil:0.000000000 ms:58567 err:0

0:00:58.618	TRACE	src/main.c:48:	Reset watchdog.

0:00:58.681	TRACE	src/sensors/adc.c:95:	Successfully retrieved ADC data vbat:4874 therm:2167 err:0

0:00:58.819	TRACE	src/sensors/gps.c:115:	Succesfully updated GPS data dd:28 mm:6 yyyy:2006 time:120159.000000000 lat:0.000000000degN l0:00:00.493	TRACE	src/sensors/adc.c:52:	Succesfully initialized ADC (empty function)

0:00:00.546	TRACE	src/sensors/bme.c:81:	Successfully initialized BME!

0:00:00.610	TRACE	src/sensors/gps.c:138:	Successfully initialized GPS Serial Driver!

0:00:00.629	TRACE	src/sensors/imu.c:33:	Successfully intialized IMU.

0:00:00.658	TRACE	src/sensors/ltr.c:29:	Succesfully initialized LTR.

0:00:00.673	TRACE	src/sensors/therm.c:35:	Successfully initialized therm sensor with ID 0!

0:00:00.697	TRACE	src/sensors/therm.c:35:	Successfully initialized therm sensor with ID 1!

0:00:00.812	INFO 	src/main.c:40:	Initialized with err 0.

0:00:00.872	TRACE	src/sensors/adc.c:95:	Successfully retrieved ADC data vbat:4866 therm:1716 err:0

0:00:01.012	TRACE	src/sensors/bme.c:224:	Succesfully read BME data therm:2353 press:998844 hum:49 alt:31 err:0

0:00:01.050	TRACE	src/sensors/imu.c:96:	Succesfully read IMU data ax:0.010498046 ay:0.149169921 az:1.002929687 gx:14.045801162 gy:-0.549618303 gz:-0.137404575 therm:26.735765457 err:0

0:00:01.099	TRACE	src/sensors/ltr.c:54:	Succesfully read LTR data ch0:896 ch1:476 err:0

0:00:01.125	TRACE	src/sensors/therm.c:99:	Succesfully read therm data therm0:2142 therm1:2136 err:0

0:00:01.147 DATA:

	vbat:4866 therm:1716 err:0

	therm:2353 press:998844 hum:49 alt:31 err:0

	dd:0 mm:0 yyyy:0 time:0.000000 lat:0.000000deg0 lon:0.000000deg0 alt:0.000000 fix:0 sat:0 dil:0.000000 ms:0 err:0

	ax:0.010498 ay:0.149170 az:1.002930 gx:14.045801 gy:-0.549618 gz:-0.137405 therm:26.735765 err:0

	ch0:896 ch1:476 err:0

	therm0:2142 therm1:2136 err:0

0:00:01.242	TRACE	src/sensors/gps.c:115:	Succesfully updated GPS data dd:0 mm:0 yyyy:0 time:120212.000000000 lat:0.000000000degN lon:0.000000000degE alt:0.000000000 fix:0 sat:0 dil:0.000000000 ms:1210 err:0

0:00:01.461	TRACE	src/sensors/gps.c:115:	Succesfully updated GPS data dd:28 mm:6 yyyy:2006 time:120212.000000000 lat:0.000000000degN lon:0.000000000degE alt:0.000000000 fix:0 sat:0 dil:0.000000000 ms:1210 err:0

0:00:02.209	TRACE	src/sensors/gps.c:115:	Succesfully updated GPS data dd:28 mm:6 yyyy:2006 time:120213.000000000 lat:0.000000000degN lon:0.000000000degE alt:0.000000000 fix:0 sat:0 dil:0.000000000 ms:2209 err:0

0:00:02.260	TRACE	src/main.c:48:	Reset watchdog.

0:00:02.323	TRACE	src/sensors/adc.c:95:	Successfully retrieved ADC data vbat:4866 therm:2070 err:0

0:00:02.461	TRACE	src/sensors/gps.c:115:	Succesfully updated GPS data dd:28 mm:6 yyyy:2006 time:120213.000000000 lat:0.000000000degN lon:0.000000000degE alt:0.000000000 fix:0 sat:0 dil:0.000000000 ms:2209 err:0

0:00:02.511	TRACE	src/sensors/bme.c:224:	Succesfully read BME data therm:2351 press:998809 hum:49 alt:61 err:0

0:00:02.554	TRACE	src/sensors/imu.c:96:	Succesfully read IMU data ax:0.010253906 ay:0.152343750 az:0.998291015 gx:14.045801162 gy:-0.511450409 gz:-0.229007631 therm:26.735765457 err:0

0:00:02.603	TRACE	src/sensors/ltr.c:54:	Succesfully read LTR data ch0:897 ch1:476 err:0

0:00:02.628	TRACE	src/sensors/therm.c:99:	Succesfully read therm data therm0:2142 therm1:2136 err:0

0:00:02.650 DATA:

	vbat:4866 therm:2070 err:0

	therm:2351 press:998809 hum:49 alt:61 err:0

	dd:28 mm:6 yyyy:2006 time:120213.000000 lat:0.000000degN lon:0.000000degE alt:0.000000 fix:0 sat:0 dil:0.000000 ms:2209 err:0

	ax:0.010254 ay:0.152344 az:0.998291 gx:14.045801 gy:-0.511450 gz:-0.229008 therm:26.735765 err:0

	ch0:897 ch1:476 err:0

	therm0:2142 therm1:2136 err:0

0:00:03.210	TRACE	src/sensors/gps.c:115:	Succesfully updated GPS data dd:28 mm:6 yyyy:2006 time:120214.000000000 lat:0.000000000degN lon:0.000000000degE alt:0.000000000 fix:0 sat:0 dil:0.000000000 ms:3210 err:0

0:00:03.461	TRACE	src/sensors/gps.c:115:	Succesfully updated GPS data dd:28 mm:6 yyyy:2006 time:120214.000000000 lat:0.000000000degN lon:0.000000000degE alt:0.000000000 fix:0 sat:0 dil:0.000000000 ms:3210 err:0

0:00:03.748	TRACE	src/main.c:48:	Reset watchdog.

0:00:03.806	TRACE	src/sensors/adc.c:95:	Successfully retrieved ADC data vbat:4874 therm:2135 err:0

0:00:03.946	TRACE	src/sensors/bme.c:224:	Succesfully read BME data therm:2355 press:998848 hum:49 alt:28 err:0

0:00:03.984	TRACE	src/sensors/imu.c:96:	Succesfully read IMU data ax:0.008300781 ay:0.152099609 az:0.999267578 gx:14.167939186 gy:-0.694656491 gz:0.061068702 therm:26.496150970 err:0

0:00:04.033	TRACE	src/sensors/ltr.c:54:	Succesfully read LTR data ch0:897 ch1:476 err:0

0:00:04.059	TRACE	src/sensors/therm.c:99:	Succesfully read therm data therm0:2142 therm1:2142 err:0

0:00:04.081 DATA:

	vbat:4874 therm:2135 err:0

	therm:2355 press:998848 hum:49 alt:28 err:0

	dd:28 mm:6 yyyy:2006 time:120214.000000 lat:0.000000degN lon:0.000000degE alt:0.000000 fix:0 sat:0 dil:0.000000 ms:3210 err:0

	ax:0.008301 ay:0.152100 az:0.999268 gx:14.167939 gy:-0.694656 gz:0.061069 therm:26.496151 err:0

	ch0:897 ch1:476 err:0

	therm0:2142 therm1:2142 err:0

0:00:04.209	TRACE	src/sensors/gps.c:115:	Succesfully updated GPS data dd:28 mm:6 yyyy:2006 time:120215.000000000 lat:0.000000000degN lon:0.000000000degE alt:0.000000000 fix:0 sat:0 dil:0.000000000 ms:4209 err:0

0:00:04.461	TRACE	src/sensors/gps.c:115:	Succesfully updated GPS data dd:28 mm:6 yyyy:2006 time:120215.000000000 lat:0.000000000degN lon:0.000000000degE alt:0.000000000 fix:0 sat:0 dil:0.000000000 ms:4209 err:0

0:00:05.178	TRACE	src/main.c:48:	Reset watchdog.

0:00:05.209	TRACE	src/sensors/gps.c:115:	Succesfully updated GPS data dd:28 mm:6 yyyy:2006 time:120216.000000000 lat:0.000000000degN lon:0.000000000degE alt:0.000000000 fix:0 sat:0 dil:0.000000000 ms:5209 err:0

0:00:05.260	TRACE	src/sensors/adc.c:95:	Successfully retrieved ADC data vbat:4866 therm:2135 err:0

0:00:05.404	TRACE	src/sensors/bme.c:224:	Succesfully read BME data therm:2356 press:998834 hum:49 alt:39 err:0

0:00:05.442	TRACE	src/sensors/imu.c:96:	Succesfully read IMU data ax:0.008789062 ay:0.150634765 az:0.997558593 gx:14.778626441 gy:-0.702290058 gz:0.221374049 therm:26.783687591 err:0

0:00:05.486	TRACE	src/sensors/gps.c:115:	Succesfully updated GPS data dd:28 mm:6 yyyy:2006 time:120216.000000000 lat:0.000000000degN lon:0.000000000degE alt:0.000000000 fix:0 sat:0 dil:0.000000000 ms:5209 err:0

0:00:05.541	TRACE	src/sensors/ltr.c:54:	Succesfully read LTR data ch0:897 ch1:476 err:0

0:00:05.571	TRACE	src/sensors/therm.c:99:	Succesfully read therm data therm0:2142 therm1:2142 err:0

0:00:05.593 DATA:

	vbat:4866 therm:2135 err:0

	therm:2356 press:998834 hum:49 alt:39 err:0

	dd:28 mm:6 yyyy:2006 time:120216.000000 lat:0.000000degN lon:0.000000degE alt:0.000000 fix:0 sat:0 dil:0.000000 ms:5209 err:0

	ax:0.008789 ay:0.150635 az:0.997559 gx:14.778626 gy:-0.702290 gz:0.221374 therm:26.783688 err:0

	ch0:897 ch1:476 err:0

	therm0:2142 therm1:2142 err:0

0:00:06.209	TRACE	src/sensors/gps.c:115:	Succesfully updated GPS data dd:28 mm:6 yyyy:2006 time:120217.000000000 lat:0.000000000degN lon:0.000000000degE alt:0.000000000 fix:0 sat:0 dil:0.000000000 ms:6209 err:0

0:00:06.460	TRACE	src/sensors/gps.c:115:	Succesfully updated GPS data dd:28 mm:6 yyyy:2006 time:120217.000000000 lat:0.000000000degN lon:0.000000000degE alt:0.000000000 fix:0 sat:0 dil:0.000000000 ms:6209 err:0

0:00:06.691	TRACE	src/main.c:48:	Reset watchdog.

0:00:06.749	TRACE	src/sensors/adc.c:95:	Successfully retrieved ADC data vbat:4866 therm:2167 err:0

0:00:06.889	TRACE	src/sensors/bme.c:224:	Succesfully read BME data therm:2356 press:998844 hum:49 alt:31 err:0

0:00:06.927	TRACE	src/sensors/imu.c:96:	Succesfully read IMU data ax:0.011962890 ay:0.144287109 az:0.999755859 gx:14.167939186 gy:-0.396946579 gz:-0.038167938 therm:26.496150970 err:0

0:00:06.976	TRACE	src/sensors/ltr.c:54:	Succesfully read LTR data ch0:898 ch1:474 err:0

0:00:07.002	TRACE	src/sensors/therm.c:99:	Succesfully read therm data therm0:2148 therm1:2142 err:0

0:00:07.024 DATA:

	vbat:4866 therm:2167 err:0

	therm:2356 press:998844 hum:49 alt:31 err:0

	dd:28 mm:6 yyyy:2006 time:120217.000000 lat:0.000000degN lon:0.000000degE alt:0.000000 fix:0 sat:0 dil:0.000000 ms:6209 err:0

	ax:0.011963 ay:0.144287 az:0.999756 gx:14.167939 gy:-0.396947 gz:-0.038168 therm:26.496151 err:0

	ch0:898 ch1:474 err:0

	therm0:2148 therm1:2142 err:0

0:00:07.209	TRACE	src/sensors/gps.c:115:	Succesfully updated GPS data dd:28 mm:6 yyyy:2006 time:120218.000000000 lat:0.000000000degN lon:0.000000000degE alt:0.000000000 fix:0 sat:0 dil:0.000000000 ms:7209 err:0

0:00:07.460	TRACE	src/sensors/gps.c:115:	Succesfully updated GPS data dd:28 mm:6 yyyy:2006 time:120218.000000000 lat:0.000000000degN lon:0.000000000degE alt:0.000000000 fix:0 sat:0 dil:0.000000000 ms:7209 err:0

0:00:08.121	TRACE	src/main.c:48:	Reset watchdog.

0:00:08.180	TRACE	src/sensors/adc.c:95:	Successfully retrieved ADC data vbat:4858 therm:2167 err:0

0:00:08.209	TRACE	src/sensors/gps.c:115:	Succesfully updated GPS data dd:28 mm:6 yyyy:2006 time:120219.000000000 lat:0.000000000degN lon:0.000000000degE alt:0.000000000 fix:0 sat:0 dil:0.000000000 ms:8209 err:0

0:00:08.320	TRACE	src/sensors/bme.c:224:	Succesfully read BME data therm:2357 press:998834 hum:49 alt:39 err:0

0:00:08.358	TRACE	src/sensors/imu.c:96:	Succesfully read IMU data ax:0.010009765 ay:0.145996093 az:1.005371093 gx:14.412213325 gy:-0.648854970 gz:0.022900763 therm:26.735765457 err:0

0:00:08.407	TRACE	src/sensors/ltr.c:54:	Succesfully read LTR data ch0:897 ch1:474 err:0

0:00:08.432	TRACE	src/sensors/therm.c:99:	Succesfully read therm data therm0:2148 therm1:2142 err:0

0:00:08.454 DATA:

	vbat:4858 therm:2167 err:0

	therm:2357 press:998834 hum:49 alt:39 err:0

	dd:28 mm:6 yyyy:2006 time:120219.000000 lat:0.000000degN lon:0.000000degE alt:0.000000 fix:0 sat:0 dil:0.000000 ms:8209 err:0

	ax:0.010010 ay:0.145996 az:1.005371 gx:14.412213 gy:-0.648855 gz:0.022901 therm:26.735765 err:0

	ch0:897 ch1:474 err:0

	therm0:2148 therm1:2142 err:0

0:00:08.552	TRACE	src/sensors/gps.c:115:	Succesfully updated GPS data dd:28 mm:6 yyyy:2006 time:120219.000000000 lat:0.000000000degN lon:0.000000000degE alt:0.000000000 fix:0 sat:0 dil:0.000000000 ms:8209 err:0

0:00:09.209	TRACE	src/sensors/gps.c:115:	Succesfully updated GPS data dd:28 mm:6 yyyy:2006 time:120220.000000000 lat:0.000000000degN lon:0.000000000degE alt:0.000000000 fix:0 sat:0 dil:0.000000000 ms:9209 err:0

0:00:09.460	TRACE	src/sensors/gps.c:115:	Succesfully updated GPS data dd:28 mm:6 yyyy:2006 time:120220.000000000 lat:0.000000000degN lon:0.000000000degE alt:0.000000000 fix:0 sat:0 dil:0.000000000 ms:9209 err:0

0:00:09.552	TRACE	src/main.c:48:	Reset watchdog.

0:00:09.610	TRACE	src/sensors/adc.c:95:	Successfully retrieved ADC data vbat:4874 therm:2199 err:0

0:00:09.750	TRACE	src/sensors/bme.c:224:	Succesfully read BME data therm:2357 press:998826 hum:49 alt:46 err:0

0:00:09.788	TRACE	src/sensors/imu.c:96:	Succesfully read IMU data ax:0.009033203 ay:0.148681640 az:1.000000000 gx:14.778626441 gy:-0.541984736 gz:0.053435113 therm:26.496150970 err:0

0:00:09.837	TRACE	src/sensors/ltr.c:54:	Succesfully read LTR data ch0:897 ch1:473 err:0

0:00:09.862	TRACE	src/sensors/therm.c:99:	Succesfully read therm data therm0:2148 therm1:2142 err:0

0:00:09.884 DATA:

	vbat:4874 therm:2199 err:0

	therm:2357 press:998826 hum:49 alt:46 err:0

	dd:28 mm:6 yyyy:2006 time:120220.000000 lat:0.000000degN lon:0.000000degE alt:0.000000 fix:0 sat:0 dil:0.000000 ms:9209 err:0

	ax:0.009033 ay:0.148682 az:1.000000 gx:14.778626 gy:-0.541985 gz:0.053435 therm:26.496151 err:0

	ch0:897 ch1:473 err:0

	therm0:2148 therm1:2142 err:0

0:00:10.209	TRACE	src/sensors/gps.c:115:	Succesfully updated GPS data dd:28 mm:6 yyyy:2006 time:120221.000000000 lat:0.000000000degN lon:0.000000000degE alt:0.000000000 fix:0 sat:0 dil:0.000000000 ms:10209 err:0

0:00:10.460	TRACE	src/sensors/gps.c:115:	Succesfully updated GPS data dd:28 mm:6 yyyy:2006 time:120221.000000000 lat:0.000000000degN lon:0.000000000degE alt:0.000000000 fix:0 sat:0 dil:0.000000000 ms:10209 err:0

0:00:10.982	TRACE	src/main.c:48:	Reset watchdog.

0:00:11.040	TRACE	src/sensors/adc.c:95:	Successfully retrieved ADC data vbat:4866 therm:2167 err:0

0:00:11.180	TRACE	src/sensors/bme.c:224:	Succesfully read BME data therm:2358 press:998818 hum:49 alt:53 err:0

0:00:11.209	TRACE	src/sensors/gps.c:115:	Succesfully updated GPS data dd:28 mm:6 yyyy:2006 time:120222.000000000 lat:0.000000000degN lon:0.000000000degE alt:0.000000000 fix:0 sat:0 dil:0.000000000 ms:11209 err:0

0:00:11.260	TRACE	src/sensors/imu.c:96:	Succesfully read IMU data ax:0.011718750 ay:0.150390625 az:0.991699218 gx:14.412213325 gy:-0.534351170 gz:0.206106871 therm:26.735765457 err:0

0:00:11.314	TRACE	src/sensors/ltr.c:54:	Succesfully read LTR data ch0:894 ch1:474 err:0

0:00:11.339	TRACE	src/sensors/therm.c:99:	Succesfully read therm data therm0:2154 therm1:2142 err:0

0:00:11.361 DATA:

	vbat:4866 therm:2167 err:0

	therm:2358 press:998818 hum:49 alt:53 err:0

	dd:28 mm:6 yyyy:2006 time:120221.000000 lat:0.000000degN lon:0.000000degE alt:0.000000 fix:0 sat:0 dil:0.000000 ms:10209 err:0

	ax:0.011719 ay:0.150391 az:0.991699 gx:14.412213 gy:-0.534351 gz:0.206107 therm:26.735765 err:0

	ch0:894 ch1:474 err:0

	therm0:2154 therm1:2142 err:0

0:00:11.460	TRACE	src/sensors/gps.c:115:	Succesfully updated GPS data dd:28 mm:6 yyyy:2006 time:120222.000000000 lat:0.000000000degN lon:0.000000000degE alt:0.000000000 fix:0 sat:0 dil:0.000000000 ms:11209 err:0

0:00:12.209	TRACE	src/sensors/gps.c:115:	Succesfully updated GPS data dd:28 mm:6 yyyy:2006 time:120223.000000000 lat:0.000000000degN lon:0.000000000degE alt:0.000000000 fix:0 sat:0 dil:0.000000000 ms:12209 err:0

0:00:12.459	TRACE	src/main.c:48:	Reset watchdog.

0:00:12.467	TRACE	src/sensors/gps.c:115:	Succesfully updated GPS data dd:28 mm:6 yyyy:2006 time:120223.000000000 lat:0.000000000degN lon:0.000000000degE alt:0.000000000 fix:0 sat:0 dil:0.000000000 ms:12209 err:0

0:00:12.523	TRACE	src/sensors/adc.c:95:	Successfully retrieved ADC data vbat:4833 therm:2199 err:0

0:00:12.667	TRACE	src/sensors/bme.c:224:	Succesfully read BME data therm:2360 press:998839 hum:49 alt:35 err:0

0:00:12.706	TRACE	src/sensors/imu.c:96:	Succesfully read IMU data ax:0.008300781 ay:0.153564453 az:1.003173828 gx:14.412213325 gy:-0.511450409 gz:0.198473289 therm:26.448228836 err:0

0:00:12.754	TRACE	src/sensors/ltr.c:54:	Succesfully read LTR data ch0:894 ch1:475 err:0

0:00:12.780	TRACE	src/sensors/therm.c:99:	Succesfully read therm data therm0:2154 therm1:2148 err:0

0:00:12.802 DATA:

	vbat:4833 therm:2199 err:0

	therm:2360 press:998839 hum:49 alt:35 err:0

	dd:28 mm:6 yyyy:2006 time:120223.000000 lat:0.000000degN lon:0.000000degE alt:0.000000 fix:0 sat:0 dil:0.000000 ms:12209 err:0

	ax:0.008301 ay:0.153564 az:1.003174 gx:14.412213 gy:-0.511450 gz:0.198473 therm:26.448229 err:0

	ch0:894 ch1:475 err:0

	therm0:2154 therm1:2148 err:0

0:00:13.209	TRACE	src/sensors/gps.c:115:	Succesfully updated GPS data dd:28 mm:6 yyyy:2006 time:120224.000000000 lat:0.000000000degN lon:0.000000000degE alt:0.000000000 fix:0 sat:0 dil:0.000000000 ms:13209 err:0

